09:23:15.582 [main] DEBUG o.m.c.finder.filter.UserFilter - R:[
	"/user/login.json",
	"/user/register.json"
]
09:23:52.001 [qtp1916169888-18] DEBUG o.m.c.f.manager.impl.UserServiceImpl - requestParams:{"name":"617907867@qq.com","password":"1"}
09:23:52.465 [qtp1916169888-18] DEBUG o.m.c.f.d.UserDao.findUserByUserName - ooo Using Connection [com.alibaba.druid.proxy.jdbc.ConnectionProxyImpl@7b1a9ce8]
09:23:52.491 [qtp1916169888-18] DEBUG o.m.c.f.d.UserDao.findUserByUserName - ==>  Preparing: select id, name, password, email, nickname, avatar, sex, cellphone, register_time, user_token from user where name = ? 
09:23:52.725 [qtp1916169888-18] DEBUG o.m.c.f.d.UserDao.findUserByUserName - ==> Parameters: 617907867@qq.com(String)
09:26:05.841 [qtp1916169888-19] DEBUG o.m.c.f.manager.impl.UserServiceImpl - requestParams:{"name":"617907867@qq.com","password":"1"}
09:26:05.843 [qtp1916169888-19] DEBUG o.m.c.f.d.UserDao.findUserByUserName - ooo Using Connection [com.alibaba.druid.proxy.jdbc.ConnectionProxyImpl@7b1a9ce8]
09:26:05.844 [qtp1916169888-19] DEBUG o.m.c.f.d.UserDao.findUserByUserName - ==>  Preparing: select id, name, password, email, nickname, avatar, sex, cellphone, register_time, user_token from user where name = ? 
09:26:05.845 [qtp1916169888-19] DEBUG o.m.c.f.d.UserDao.findUserByUserName - ==> Parameters: 617907867@qq.com(String)
09:26:11.932 [qtp1916169888-21] DEBUG o.m.c.f.manager.impl.UserServiceImpl - requestParams:{}
09:26:11.934 [qtp1916169888-21] DEBUG o.m.c.f.d.UserDao.findUserByUserName - ooo Using Connection [com.alibaba.druid.proxy.jdbc.ConnectionProxyImpl@7b1a9ce8]
09:26:11.936 [qtp1916169888-21] DEBUG o.m.c.f.d.UserDao.findUserByUserName - ==>  Preparing: select id, name, password, email, nickname, avatar, sex, cellphone, register_time, user_token from user where name = ? 
09:26:11.939 [qtp1916169888-21] DEBUG o.m.c.f.d.UserDao.findUserByUserName - ==> Parameters: null
09:26:11.944 [qtp1916169888-21] DEBUG o.m.c.f.manager.impl.UserServiceImpl - username is invalid!
09:26:12.004 [qtp1916169888-21] ERROR o.m.c.f.manager.impl.UserServiceImpl - login failed! id {} null
org.mas.codehaus.finder.manager.exception.UserException: username is invalid
	at org.mas.codehaus.finder.manager.impl.UserServiceImpl.login(UserServiceImpl.java:80) ~[classes/:na]
	at sun.reflect.NativeMethodAccessorImpl.invoke0(Native Method) ~[na:1.7.0_45]
	at sun.reflect.NativeMethodAccessorImpl.invoke(Unknown Source) ~[na:1.7.0_45]
	at sun.reflect.DelegatingMethodAccessorImpl.invoke(Unknown Source) ~[na:1.7.0_45]
	at java.lang.reflect.Method.invoke(Unknown Source) ~[na:1.7.0_45]
	at org.springframework.aop.support.AopUtils.invokeJoinpointUsingReflection(AopUtils.java:317) [spring-aop-3.2.0.RELEASE.jar:3.2.0.RELEASE]
	at org.springframework.aop.framework.ReflectiveMethodInvocation.invokeJoinpoint(ReflectiveMethodInvocation.java:183) [spring-aop-3.2.0.RELEASE.jar:3.2.0.RELEASE]
	at org.springframework.aop.framework.ReflectiveMethodInvocation.proceed(ReflectiveMethodInvocation.java:150) [spring-aop-3.2.0.RELEASE.jar:3.2.0.RELEASE]
	at org.springframework.transaction.interceptor.TransactionInterceptor.invoke(TransactionInterceptor.java:110) [spring-tx-3.1.1.RELEASE.jar:3.1.1.RELEASE]
	at org.springframework.aop.framework.ReflectiveMethodInvocation.proceed(ReflectiveMethodInvocation.java:172) [spring-aop-3.2.0.RELEASE.jar:3.2.0.RELEASE]
	at org.springframework.aop.framework.JdkDynamicAopProxy.invoke(JdkDynamicAopProxy.java:204) [spring-aop-3.2.0.RELEASE.jar:3.2.0.RELEASE]
	at com.sun.proxy.$Proxy14.login(Unknown Source) [na:na]
	at org.mas.codehaus.finder.action.app.UserAction.login(UserAction.java:46) [classes/:na]
	at sun.reflect.NativeMethodAccessorImpl.invoke0(Native Method) ~[na:1.7.0_45]
	at sun.reflect.NativeMethodAccessorImpl.invoke(Unknown Source) ~[na:1.7.0_45]
	at sun.reflect.DelegatingMethodAccessorImpl.invoke(Unknown Source) ~[na:1.7.0_45]
	at java.lang.reflect.Method.invoke(Unknown Source) ~[na:1.7.0_45]
	at org.springframework.web.method.support.InvocableHandlerMethod.invoke(InvocableHandlerMethod.java:219) [spring-web-3.2.0.RELEASE.jar:3.2.0.RELEASE]
	at org.springframework.web.method.support.InvocableHandlerMethod.invokeForRequest(InvocableHandlerMethod.java:132) [spring-web-3.2.0.RELEASE.jar:3.2.0.RELEASE]
	at org.springframework.web.servlet.mvc.method.annotation.ServletInvocableHandlerMethod.invokeAndHandle(ServletInvocableHandlerMethod.java:104) [spring-webmvc-3.2.0.RELEASE.jar:3.2.0.RELEASE]
	at org.springframework.web.servlet.mvc.method.annotation.RequestMappingHandlerAdapter.invokeHandleMethod(RequestMappingHandlerAdapter.java:746) [spring-webmvc-3.2.0.RELEASE.jar:3.2.0.RELEASE]
	at org.springframework.web.servlet.mvc.method.annotation.RequestMappingHandlerAdapter.handleInternal(RequestMappingHandlerAdapter.java:687) [spring-webmvc-3.2.0.RELEASE.jar:3.2.0.RELEASE]
	at org.springframework.web.servlet.mvc.method.AbstractHandlerMethodAdapter.handle(AbstractHandlerMethodAdapter.java:80) [spring-webmvc-3.2.0.RELEASE.jar:3.2.0.RELEASE]
	at org.springframework.web.servlet.DispatcherServlet.doDispatch(DispatcherServlet.java:925) [spring-webmvc-3.2.0.RELEASE.jar:3.2.0.RELEASE]
	at org.springframework.web.servlet.DispatcherServlet.doService(DispatcherServlet.java:856) [spring-webmvc-3.2.0.RELEASE.jar:3.2.0.RELEASE]
	at org.springframework.web.servlet.FrameworkServlet.processRequest(FrameworkServlet.java:915) [spring-webmvc-3.2.0.RELEASE.jar:3.2.0.RELEASE]
	at org.springframework.web.servlet.FrameworkServlet.doGet(FrameworkServlet.java:811) [spring-webmvc-3.2.0.RELEASE.jar:3.2.0.RELEASE]
	at javax.servlet.http.HttpServlet.service(HttpServlet.java:687) [javax.servlet-api-3.1.0.jar:3.1.0]
	at org.springframework.web.servlet.FrameworkServlet.service(FrameworkServlet.java:796) [spring-webmvc-3.2.0.RELEASE.jar:3.2.0.RELEASE]
	at javax.servlet.http.HttpServlet.service(HttpServlet.java:790) [javax.servlet-api-3.1.0.jar:3.1.0]
	at org.eclipse.jetty.servlet.ServletHolder.handle(ServletHolder.java:558) [jetty-servlet-8.0.4.v20111024.jar:8.0.4.v20111024]
	at org.eclipse.jetty.servlet.ServletHandler$CachedChain.doFilter(ServletHandler.java:1366) [jetty-servlet-8.0.4.v20111024.jar:8.0.4.v20111024]
	at org.mas.codehaus.finder.filter.UserFilter.doFilterInternal(UserFilter.java:67) [classes/:na]
	at org.springframework.web.filter.OncePerRequestFilter.doFilter(OncePerRequestFilter.java:107) [spring-web-3.2.0.RELEASE.jar:3.2.0.RELEASE]
	at org.eclipse.jetty.servlet.ServletHandler$CachedChain.doFilter(ServletHandler.java:1337) [jetty-servlet-8.0.4.v20111024.jar:8.0.4.v20111024]
	at org.springframework.web.filter.CharacterEncodingFilter.doFilterInternal(CharacterEncodingFilter.java:88) [spring-web-3.2.0.RELEASE.jar:3.2.0.RELEASE]
	at org.springframework.web.filter.OncePerRequestFilter.doFilter(OncePerRequestFilter.java:107) [spring-web-3.2.0.RELEASE.jar:3.2.0.RELEASE]
	at org.eclipse.jetty.servlet.ServletHandler$CachedChain.doFilter(ServletHandler.java:1337) [jetty-servlet-8.0.4.v20111024.jar:8.0.4.v20111024]
	at org.eclipse.jetty.servlet.ServletHandler.doHandle(ServletHandler.java:486) [jetty-servlet-8.0.4.v20111024.jar:8.0.4.v20111024]
	at org.eclipse.jetty.server.handler.ScopedHandler.handle(ScopedHandler.java:119) [jetty-server-8.0.4.v20111024.jar:8.0.4.v20111024]
	at org.eclipse.jetty.security.SecurityHandler.handle(SecurityHandler.java:520) [jetty-security-8.0.4.v20111024.jar:8.0.4.v20111024]
	at org.eclipse.jetty.server.session.SessionHandler.doHandle(SessionHandler.java:233) [jetty-server-8.0.4.v20111024.jar:8.0.4.v20111024]
	at org.eclipse.jetty.server.handler.ContextHandler.doHandle(ContextHandler.java:973) [jetty-server-8.0.4.v20111024.jar:8.0.4.v20111024]
	at org.eclipse.jetty.servlet.ServletHandler.doScope(ServletHandler.java:417) [jetty-servlet-8.0.4.v20111024.jar:8.0.4.v20111024]
	at org.eclipse.jetty.server.session.SessionHandler.doScope(SessionHandler.java:192) [jetty-server-8.0.4.v20111024.jar:8.0.4.v20111024]
	at org.eclipse.jetty.server.handler.ContextHandler.doScope(ContextHandler.java:907) [jetty-server-8.0.4.v20111024.jar:8.0.4.v20111024]
	at org.eclipse.jetty.server.handler.ScopedHandler.handle(ScopedHandler.java:117) [jetty-server-8.0.4.v20111024.jar:8.0.4.v20111024]
	at org.eclipse.jetty.server.handler.HandlerWrapper.handle(HandlerWrapper.java:110) [jetty-server-8.0.4.v20111024.jar:8.0.4.v20111024]
	at org.eclipse.jetty.server.Server.handle(Server.java:350) [jetty-server-8.0.4.v20111024.jar:8.0.4.v20111024]
	at org.eclipse.jetty.server.HttpConnection.handleRequest(HttpConnection.java:442) [jetty-server-8.0.4.v20111024.jar:8.0.4.v20111024]
	at org.eclipse.jetty.server.HttpConnection$RequestHandler.headerComplete(HttpConnection.java:924) [jetty-server-8.0.4.v20111024.jar:8.0.4.v20111024]
	at org.eclipse.jetty.http.HttpParser.parseNext(HttpParser.java:582) [jetty-http-8.0.4.v20111024.jar:8.0.4.v20111024]
	at org.eclipse.jetty.http.HttpParser.parseAvailable(HttpParser.java:218) [jetty-http-8.0.4.v20111024.jar:8.0.4.v20111024]
	at org.eclipse.jetty.server.AsyncHttpConnection.handle(AsyncHttpConnection.java:51) [jetty-server-8.0.4.v20111024.jar:8.0.4.v20111024]
	at org.eclipse.jetty.io.nio.SelectChannelEndPoint.handle(SelectChannelEndPoint.java:586) [jetty-io-8.0.4.v20111024.jar:8.0.4.v20111024]
	at org.eclipse.jetty.io.nio.SelectChannelEndPoint$1.run(SelectChannelEndPoint.java:44) [jetty-io-8.0.4.v20111024.jar:8.0.4.v20111024]
	at org.eclipse.jetty.util.thread.QueuedThreadPool.runJob(QueuedThreadPool.java:598) [jetty-util-8.0.4.v20111024.jar:8.0.4.v20111024]
	at org.eclipse.jetty.util.thread.QueuedThreadPool$3.run(QueuedThreadPool.java:533) [jetty-util-8.0.4.v20111024.jar:8.0.4.v20111024]
	at java.lang.Thread.run(Unknown Source) [na:1.7.0_45]
09:26:12.020 [qtp1916169888-21] ERROR o.m.c.f.common.web.BaseFunctional - requestParams:{}
org.mas.codehaus.finder.manager.exception.UserException: org.mas.codehaus.finder.manager.exception.UserException: username is invalid
	at org.mas.codehaus.finder.manager.impl.UserServiceImpl.login(UserServiceImpl.java:93) ~[classes/:na]
	at sun.reflect.NativeMethodAccessorImpl.invoke0(Native Method) ~[na:1.7.0_45]
	at sun.reflect.NativeMethodAccessorImpl.invoke(Unknown Source) ~[na:1.7.0_45]
	at sun.reflect.DelegatingMethodAccessorImpl.invoke(Unknown Source) ~[na:1.7.0_45]
	at java.lang.reflect.Method.invoke(Unknown Source) ~[na:1.7.0_45]
	at org.springframework.aop.support.AopUtils.invokeJoinpointUsingReflection(AopUtils.java:317) ~[spring-aop-3.2.0.RELEASE.jar:3.2.0.RELEASE]
	at org.springframework.aop.framework.ReflectiveMethodInvocation.invokeJoinpoint(ReflectiveMethodInvocation.java:183) ~[spring-aop-3.2.0.RELEASE.jar:3.2.0.RELEASE]
	at org.springframework.aop.framework.ReflectiveMethodInvocation.proceed(ReflectiveMethodInvocation.java:150) ~[spring-aop-3.2.0.RELEASE.jar:3.2.0.RELEASE]
	at org.springframework.transaction.interceptor.TransactionInterceptor.invoke(TransactionInterceptor.java:110) ~[spring-tx-3.1.1.RELEASE.jar:3.1.1.RELEASE]
	at org.springframework.aop.framework.ReflectiveMethodInvocation.proceed(ReflectiveMethodInvocation.java:172) ~[spring-aop-3.2.0.RELEASE.jar:3.2.0.RELEASE]
	at org.springframework.aop.framework.JdkDynamicAopProxy.invoke(JdkDynamicAopProxy.java:204) ~[spring-aop-3.2.0.RELEASE.jar:3.2.0.RELEASE]
	at com.sun.proxy.$Proxy14.login(Unknown Source) ~[na:na]
	at org.mas.codehaus.finder.action.app.UserAction.login(UserAction.java:46) ~[classes/:na]
	at sun.reflect.NativeMethodAccessorImpl.invoke0(Native Method) ~[na:1.7.0_45]
	at sun.reflect.NativeMethodAccessorImpl.invoke(Unknown Source) ~[na:1.7.0_45]
	at sun.reflect.DelegatingMethodAccessorImpl.invoke(Unknown Source) ~[na:1.7.0_45]
	at java.lang.reflect.Method.invoke(Unknown Source) ~[na:1.7.0_45]
	at org.springframework.web.method.support.InvocableHandlerMethod.invoke(InvocableHandlerMethod.java:219) [spring-web-3.2.0.RELEASE.jar:3.2.0.RELEASE]
	at org.springframework.web.method.support.InvocableHandlerMethod.invokeForRequest(InvocableHandlerMethod.java:132) [spring-web-3.2.0.RELEASE.jar:3.2.0.RELEASE]
	at org.springframework.web.servlet.mvc.method.annotation.ServletInvocableHandlerMethod.invokeAndHandle(ServletInvocableHandlerMethod.java:104) [spring-webmvc-3.2.0.RELEASE.jar:3.2.0.RELEASE]
	at org.springframework.web.servlet.mvc.method.annotation.RequestMappingHandlerAdapter.invokeHandleMethod(RequestMappingHandlerAdapter.java:746) [spring-webmvc-3.2.0.RELEASE.jar:3.2.0.RELEASE]
	at org.springframework.web.servlet.mvc.method.annotation.RequestMappingHandlerAdapter.handleInternal(RequestMappingHandlerAdapter.java:687) [spring-webmvc-3.2.0.RELEASE.jar:3.2.0.RELEASE]
	at org.springframework.web.servlet.mvc.method.AbstractHandlerMethodAdapter.handle(AbstractHandlerMethodAdapter.java:80) [spring-webmvc-3.2.0.RELEASE.jar:3.2.0.RELEASE]
	at org.springframework.web.servlet.DispatcherServlet.doDispatch(DispatcherServlet.java:925) [spring-webmvc-3.2.0.RELEASE.jar:3.2.0.RELEASE]
	at org.springframework.web.servlet.DispatcherServlet.doService(DispatcherServlet.java:856) [spring-webmvc-3.2.0.RELEASE.jar:3.2.0.RELEASE]
	at org.springframework.web.servlet.FrameworkServlet.processRequest(FrameworkServlet.java:915) [spring-webmvc-3.2.0.RELEASE.jar:3.2.0.RELEASE]
	at org.springframework.web.servlet.FrameworkServlet.doGet(FrameworkServlet.java:811) [spring-webmvc-3.2.0.RELEASE.jar:3.2.0.RELEASE]
	at javax.servlet.http.HttpServlet.service(HttpServlet.java:687) [javax.servlet-api-3.1.0.jar:3.1.0]
	at org.springframework.web.servlet.FrameworkServlet.service(FrameworkServlet.java:796) [spring-webmvc-3.2.0.RELEASE.jar:3.2.0.RELEASE]
	at javax.servlet.http.HttpServlet.service(HttpServlet.java:790) [javax.servlet-api-3.1.0.jar:3.1.0]
	at org.eclipse.jetty.servlet.ServletHolder.handle(ServletHolder.java:558) [jetty-servlet-8.0.4.v20111024.jar:8.0.4.v20111024]
	at org.eclipse.jetty.servlet.ServletHandler$CachedChain.doFilter(ServletHandler.java:1366) [jetty-servlet-8.0.4.v20111024.jar:8.0.4.v20111024]
	at org.mas.codehaus.finder.filter.UserFilter.doFilterInternal(UserFilter.java:67) [classes/:na]
	at org.springframework.web.filter.OncePerRequestFilter.doFilter(OncePerRequestFilter.java:107) [spring-web-3.2.0.RELEASE.jar:3.2.0.RELEASE]
	at org.eclipse.jetty.servlet.ServletHandler$CachedChain.doFilter(ServletHandler.java:1337) [jetty-servlet-8.0.4.v20111024.jar:8.0.4.v20111024]
	at org.springframework.web.filter.CharacterEncodingFilter.doFilterInternal(CharacterEncodingFilter.java:88) [spring-web-3.2.0.RELEASE.jar:3.2.0.RELEASE]
	at org.springframework.web.filter.OncePerRequestFilter.doFilter(OncePerRequestFilter.java:107) [spring-web-3.2.0.RELEASE.jar:3.2.0.RELEASE]
	at org.eclipse.jetty.servlet.ServletHandler$CachedChain.doFilter(ServletHandler.java:1337) [jetty-servlet-8.0.4.v20111024.jar:8.0.4.v20111024]
	at org.eclipse.jetty.servlet.ServletHandler.doHandle(ServletHandler.java:486) [jetty-servlet-8.0.4.v20111024.jar:8.0.4.v20111024]
	at org.eclipse.jetty.server.handler.ScopedHandler.handle(ScopedHandler.java:119) [jetty-server-8.0.4.v20111024.jar:8.0.4.v20111024]
	at org.eclipse.jetty.security.SecurityHandler.handle(SecurityHandler.java:520) [jetty-security-8.0.4.v20111024.jar:8.0.4.v20111024]
	at org.eclipse.jetty.server.session.SessionHandler.doHandle(SessionHandler.java:233) [jetty-server-8.0.4.v20111024.jar:8.0.4.v20111024]
	at org.eclipse.jetty.server.handler.ContextHandler.doHandle(ContextHandler.java:973) [jetty-server-8.0.4.v20111024.jar:8.0.4.v20111024]
	at org.eclipse.jetty.servlet.ServletHandler.doScope(ServletHandler.java:417) [jetty-servlet-8.0.4.v20111024.jar:8.0.4.v20111024]
	at org.eclipse.jetty.server.session.SessionHandler.doScope(SessionHandler.java:192) [jetty-server-8.0.4.v20111024.jar:8.0.4.v20111024]
	at org.eclipse.jetty.server.handler.ContextHandler.doScope(ContextHandler.java:907) [jetty-server-8.0.4.v20111024.jar:8.0.4.v20111024]
	at org.eclipse.jetty.server.handler.ScopedHandler.handle(ScopedHandler.java:117) [jetty-server-8.0.4.v20111024.jar:8.0.4.v20111024]
	at org.eclipse.jetty.server.handler.HandlerWrapper.handle(HandlerWrapper.java:110) [jetty-server-8.0.4.v20111024.jar:8.0.4.v20111024]
	at org.eclipse.jetty.server.Server.handle(Server.java:350) [jetty-server-8.0.4.v20111024.jar:8.0.4.v20111024]
	at org.eclipse.jetty.server.HttpConnection.handleRequest(HttpConnection.java:442) [jetty-server-8.0.4.v20111024.jar:8.0.4.v20111024]
	at org.eclipse.jetty.server.HttpConnection$RequestHandler.headerComplete(HttpConnection.java:924) [jetty-server-8.0.4.v20111024.jar:8.0.4.v20111024]
	at org.eclipse.jetty.http.HttpParser.parseNext(HttpParser.java:582) [jetty-http-8.0.4.v20111024.jar:8.0.4.v20111024]
	at org.eclipse.jetty.http.HttpParser.parseAvailable(HttpParser.java:218) [jetty-http-8.0.4.v20111024.jar:8.0.4.v20111024]
	at org.eclipse.jetty.server.AsyncHttpConnection.handle(AsyncHttpConnection.java:51) [jetty-server-8.0.4.v20111024.jar:8.0.4.v20111024]
	at org.eclipse.jetty.io.nio.SelectChannelEndPoint.handle(SelectChannelEndPoint.java:586) [jetty-io-8.0.4.v20111024.jar:8.0.4.v20111024]
	at org.eclipse.jetty.io.nio.SelectChannelEndPoint$1.run(SelectChannelEndPoint.java:44) [jetty-io-8.0.4.v20111024.jar:8.0.4.v20111024]
	at org.eclipse.jetty.util.thread.QueuedThreadPool.runJob(QueuedThreadPool.java:598) [jetty-util-8.0.4.v20111024.jar:8.0.4.v20111024]
	at org.eclipse.jetty.util.thread.QueuedThreadPool$3.run(QueuedThreadPool.java:533) [jetty-util-8.0.4.v20111024.jar:8.0.4.v20111024]
	at java.lang.Thread.run(Unknown Source) [na:1.7.0_45]
Caused by: org.mas.codehaus.finder.manager.exception.UserException: username is invalid
	at org.mas.codehaus.finder.manager.impl.UserServiceImpl.login(UserServiceImpl.java:80) ~[classes/:na]
	... 58 common frames omitted
09:26:48.135 [qtp1916169888-17] DEBUG o.m.c.f.manager.impl.UserServiceImpl - requestParams:{"name":"617907867@qq.com","password":"1"}
09:26:48.136 [qtp1916169888-17] DEBUG o.m.c.f.d.UserDao.findUserByUserName - ooo Using Connection [com.alibaba.druid.proxy.jdbc.ConnectionProxyImpl@7b1a9ce8]
09:26:48.137 [qtp1916169888-17] DEBUG o.m.c.f.d.UserDao.findUserByUserName - ==>  Preparing: select id, name, password, email, nickname, avatar, sex, cellphone, register_time, user_token from user where name = ? 
09:26:48.138 [qtp1916169888-17] DEBUG o.m.c.f.d.UserDao.findUserByUserName - ==> Parameters: 617907867@qq.com(String)
09:31:51.217 [qtp1916169888-17] DEBUG o.m.c.f.manager.impl.UserServiceImpl - requestParams:{"name":"617907867@qq.com","password":"1"}
09:31:51.220 [qtp1916169888-17] DEBUG o.m.c.f.d.UserDao.findUserByUserName - ooo Using Connection [com.alibaba.druid.proxy.jdbc.ConnectionProxyImpl@7b1a9ce8]
09:31:51.221 [qtp1916169888-17] DEBUG o.m.c.f.d.UserDao.findUserByUserName - ==>  Preparing: select id, name, password, email, nickname, avatar, sex, cellphone, register_time, user_token from user where name = ? 
09:31:51.222 [qtp1916169888-17] DEBUG o.m.c.f.d.UserDao.findUserByUserName - ==> Parameters: 617907867@qq.com(String)
09:32:01.235 [qtp1916169888-16] DEBUG o.m.c.f.manager.impl.UserServiceImpl - requestParams:{}
09:32:01.242 [qtp1916169888-16] ERROR o.m.c.f.manager.impl.UserServiceImpl - register user failed! id {} null
org.mas.codehaus.finder.common.web.exception.FinderException: username is empty
	at org.mas.codehaus.finder.common.CheckParams.checkParameterNotNull(CheckParams.java:16) ~[classes/:na]
	at org.mas.codehaus.finder.common.CheckParams.getString(CheckParams.java:9) ~[classes/:na]
	at org.mas.codehaus.finder.manager.impl.UserServiceImpl.register(UserServiceImpl.java:43) ~[classes/:na]
	at sun.reflect.NativeMethodAccessorImpl.invoke0(Native Method) ~[na:1.7.0_45]
	at sun.reflect.NativeMethodAccessorImpl.invoke(Unknown Source) ~[na:1.7.0_45]
	at sun.reflect.DelegatingMethodAccessorImpl.invoke(Unknown Source) ~[na:1.7.0_45]
	at java.lang.reflect.Method.invoke(Unknown Source) ~[na:1.7.0_45]
	at org.springframework.aop.support.AopUtils.invokeJoinpointUsingReflection(AopUtils.java:317) [spring-aop-3.2.0.RELEASE.jar:3.2.0.RELEASE]
	at org.springframework.aop.framework.ReflectiveMethodInvocation.invokeJoinpoint(ReflectiveMethodInvocation.java:183) [spring-aop-3.2.0.RELEASE.jar:3.2.0.RELEASE]
	at org.springframework.aop.framework.ReflectiveMethodInvocation.proceed(ReflectiveMethodInvocation.java:150) [spring-aop-3.2.0.RELEASE.jar:3.2.0.RELEASE]
	at org.springframework.transaction.interceptor.TransactionInterceptor.invoke(TransactionInterceptor.java:110) [spring-tx-3.1.1.RELEASE.jar:3.1.1.RELEASE]
	at org.springframework.aop.framework.ReflectiveMethodInvocation.proceed(ReflectiveMethodInvocation.java:172) [spring-aop-3.2.0.RELEASE.jar:3.2.0.RELEASE]
	at org.springframework.aop.framework.JdkDynamicAopProxy.invoke(JdkDynamicAopProxy.java:204) [spring-aop-3.2.0.RELEASE.jar:3.2.0.RELEASE]
	at com.sun.proxy.$Proxy14.register(Unknown Source) [na:na]
	at org.mas.codehaus.finder.action.app.UserAction.register(UserAction.java:28) [classes/:na]
	at sun.reflect.NativeMethodAccessorImpl.invoke0(Native Method) ~[na:1.7.0_45]
	at sun.reflect.NativeMethodAccessorImpl.invoke(Unknown Source) ~[na:1.7.0_45]
	at sun.reflect.DelegatingMethodAccessorImpl.invoke(Unknown Source) ~[na:1.7.0_45]
	at java.lang.reflect.Method.invoke(Unknown Source) ~[na:1.7.0_45]
	at org.springframework.web.method.support.InvocableHandlerMethod.invoke(InvocableHandlerMethod.java:219) [spring-web-3.2.0.RELEASE.jar:3.2.0.RELEASE]
	at org.springframework.web.method.support.InvocableHandlerMethod.invokeForRequest(InvocableHandlerMethod.java:132) [spring-web-3.2.0.RELEASE.jar:3.2.0.RELEASE]
	at org.springframework.web.servlet.mvc.method.annotation.ServletInvocableHandlerMethod.invokeAndHandle(ServletInvocableHandlerMethod.java:104) [spring-webmvc-3.2.0.RELEASE.jar:3.2.0.RELEASE]
	at org.springframework.web.servlet.mvc.method.annotation.RequestMappingHandlerAdapter.invokeHandleMethod(RequestMappingHandlerAdapter.java:746) [spring-webmvc-3.2.0.RELEASE.jar:3.2.0.RELEASE]
	at org.springframework.web.servlet.mvc.method.annotation.RequestMappingHandlerAdapter.handleInternal(RequestMappingHandlerAdapter.java:687) [spring-webmvc-3.2.0.RELEASE.jar:3.2.0.RELEASE]
	at org.springframework.web.servlet.mvc.method.AbstractHandlerMethodAdapter.handle(AbstractHandlerMethodAdapter.java:80) [spring-webmvc-3.2.0.RELEASE.jar:3.2.0.RELEASE]
	at org.springframework.web.servlet.DispatcherServlet.doDispatch(DispatcherServlet.java:925) [spring-webmvc-3.2.0.RELEASE.jar:3.2.0.RELEASE]
	at org.springframework.web.servlet.DispatcherServlet.doService(DispatcherServlet.java:856) [spring-webmvc-3.2.0.RELEASE.jar:3.2.0.RELEASE]
	at org.springframework.web.servlet.FrameworkServlet.processRequest(FrameworkServlet.java:915) [spring-webmvc-3.2.0.RELEASE.jar:3.2.0.RELEASE]
	at org.springframework.web.servlet.FrameworkServlet.doGet(FrameworkServlet.java:811) [spring-webmvc-3.2.0.RELEASE.jar:3.2.0.RELEASE]
	at javax.servlet.http.HttpServlet.service(HttpServlet.java:687) [javax.servlet-api-3.1.0.jar:3.1.0]
	at org.springframework.web.servlet.FrameworkServlet.service(FrameworkServlet.java:796) [spring-webmvc-3.2.0.RELEASE.jar:3.2.0.RELEASE]
	at javax.servlet.http.HttpServlet.service(HttpServlet.java:790) [javax.servlet-api-3.1.0.jar:3.1.0]
	at org.eclipse.jetty.servlet.ServletHolder.handle(ServletHolder.java:558) [jetty-servlet-8.0.4.v20111024.jar:8.0.4.v20111024]
	at org.eclipse.jetty.servlet.ServletHandler$CachedChain.doFilter(ServletHandler.java:1366) [jetty-servlet-8.0.4.v20111024.jar:8.0.4.v20111024]
	at org.mas.codehaus.finder.filter.UserFilter.doFilterInternal(UserFilter.java:67) [classes/:na]
	at org.springframework.web.filter.OncePerRequestFilter.doFilter(OncePerRequestFilter.java:107) [spring-web-3.2.0.RELEASE.jar:3.2.0.RELEASE]
	at org.eclipse.jetty.servlet.ServletHandler$CachedChain.doFilter(ServletHandler.java:1337) [jetty-servlet-8.0.4.v20111024.jar:8.0.4.v20111024]
	at org.springframework.web.filter.CharacterEncodingFilter.doFilterInternal(CharacterEncodingFilter.java:88) [spring-web-3.2.0.RELEASE.jar:3.2.0.RELEASE]
	at org.springframework.web.filter.OncePerRequestFilter.doFilter(OncePerRequestFilter.java:107) [spring-web-3.2.0.RELEASE.jar:3.2.0.RELEASE]
	at org.eclipse.jetty.servlet.ServletHandler$CachedChain.doFilter(ServletHandler.java:1337) [jetty-servlet-8.0.4.v20111024.jar:8.0.4.v20111024]
	at org.eclipse.jetty.servlet.ServletHandler.doHandle(ServletHandler.java:486) [jetty-servlet-8.0.4.v20111024.jar:8.0.4.v20111024]
	at org.eclipse.jetty.server.handler.ScopedHandler.handle(ScopedHandler.java:119) [jetty-server-8.0.4.v20111024.jar:8.0.4.v20111024]
	at org.eclipse.jetty.security.SecurityHandler.handle(SecurityHandler.java:520) [jetty-security-8.0.4.v20111024.jar:8.0.4.v20111024]
	at org.eclipse.jetty.server.session.SessionHandler.doHandle(SessionHandler.java:233) [jetty-server-8.0.4.v20111024.jar:8.0.4.v20111024]
	at org.eclipse.jetty.server.handler.ContextHandler.doHandle(ContextHandler.java:973) [jetty-server-8.0.4.v20111024.jar:8.0.4.v20111024]
	at org.eclipse.jetty.servlet.ServletHandler.doScope(ServletHandler.java:417) [jetty-servlet-8.0.4.v20111024.jar:8.0.4.v20111024]
	at org.eclipse.jetty.server.session.SessionHandler.doScope(SessionHandler.java:192) [jetty-server-8.0.4.v20111024.jar:8.0.4.v20111024]
	at org.eclipse.jetty.server.handler.ContextHandler.doScope(ContextHandler.java:907) [jetty-server-8.0.4.v20111024.jar:8.0.4.v20111024]
	at org.eclipse.jetty.server.handler.ScopedHandler.handle(ScopedHandler.java:117) [jetty-server-8.0.4.v20111024.jar:8.0.4.v20111024]
	at org.eclipse.jetty.server.handler.HandlerWrapper.handle(HandlerWrapper.java:110) [jetty-server-8.0.4.v20111024.jar:8.0.4.v20111024]
	at org.eclipse.jetty.server.Server.handle(Server.java:350) [jetty-server-8.0.4.v20111024.jar:8.0.4.v20111024]
	at org.eclipse.jetty.server.HttpConnection.handleRequest(HttpConnection.java:442) [jetty-server-8.0.4.v20111024.jar:8.0.4.v20111024]
	at org.eclipse.jetty.server.HttpConnection$RequestHandler.headerComplete(HttpConnection.java:924) [jetty-server-8.0.4.v20111024.jar:8.0.4.v20111024]
	at org.eclipse.jetty.http.HttpParser.parseNext(HttpParser.java:582) [jetty-http-8.0.4.v20111024.jar:8.0.4.v20111024]
	at org.eclipse.jetty.http.HttpParser.parseAvailable(HttpParser.java:218) [jetty-http-8.0.4.v20111024.jar:8.0.4.v20111024]
	at org.eclipse.jetty.server.AsyncHttpConnection.handle(AsyncHttpConnection.java:51) [jetty-server-8.0.4.v20111024.jar:8.0.4.v20111024]
	at org.eclipse.jetty.io.nio.SelectChannelEndPoint.handle(SelectChannelEndPoint.java:586) [jetty-io-8.0.4.v20111024.jar:8.0.4.v20111024]
	at org.eclipse.jetty.io.nio.SelectChannelEndPoint$1.run(SelectChannelEndPoint.java:44) [jetty-io-8.0.4.v20111024.jar:8.0.4.v20111024]
	at org.eclipse.jetty.util.thread.QueuedThreadPool.runJob(QueuedThreadPool.java:598) [jetty-util-8.0.4.v20111024.jar:8.0.4.v20111024]
	at org.eclipse.jetty.util.thread.QueuedThreadPool$3.run(QueuedThreadPool.java:533) [jetty-util-8.0.4.v20111024.jar:8.0.4.v20111024]
	at java.lang.Thread.run(Unknown Source) [na:1.7.0_45]
09:32:01.253 [qtp1916169888-16] ERROR o.m.c.f.common.web.BaseFunctional - requestParams:{}
org.mas.codehaus.finder.manager.exception.UserException: org.mas.codehaus.finder.common.web.exception.FinderException: username is empty
	at org.mas.codehaus.finder.manager.impl.UserServiceImpl.register(UserServiceImpl.java:64) ~[classes/:na]
	at sun.reflect.NativeMethodAccessorImpl.invoke0(Native Method) ~[na:1.7.0_45]
	at sun.reflect.NativeMethodAccessorImpl.invoke(Unknown Source) ~[na:1.7.0_45]
	at sun.reflect.DelegatingMethodAccessorImpl.invoke(Unknown Source) ~[na:1.7.0_45]
	at java.lang.reflect.Method.invoke(Unknown Source) ~[na:1.7.0_45]
	at org.springframework.aop.support.AopUtils.invokeJoinpointUsingReflection(AopUtils.java:317) ~[spring-aop-3.2.0.RELEASE.jar:3.2.0.RELEASE]
	at org.springframework.aop.framework.ReflectiveMethodInvocation.invokeJoinpoint(ReflectiveMethodInvocation.java:183) ~[spring-aop-3.2.0.RELEASE.jar:3.2.0.RELEASE]
	at org.springframework.aop.framework.ReflectiveMethodInvocation.proceed(ReflectiveMethodInvocation.java:150) ~[spring-aop-3.2.0.RELEASE.jar:3.2.0.RELEASE]
	at org.springframework.transaction.interceptor.TransactionInterceptor.invoke(TransactionInterceptor.java:110) ~[spring-tx-3.1.1.RELEASE.jar:3.1.1.RELEASE]
	at org.springframework.aop.framework.ReflectiveMethodInvocation.proceed(ReflectiveMethodInvocation.java:172) ~[spring-aop-3.2.0.RELEASE.jar:3.2.0.RELEASE]
	at org.springframework.aop.framework.JdkDynamicAopProxy.invoke(JdkDynamicAopProxy.java:204) ~[spring-aop-3.2.0.RELEASE.jar:3.2.0.RELEASE]
	at com.sun.proxy.$Proxy14.register(Unknown Source) ~[na:na]
	at org.mas.codehaus.finder.action.app.UserAction.register(UserAction.java:28) ~[classes/:na]
	at sun.reflect.NativeMethodAccessorImpl.invoke0(Native Method) ~[na:1.7.0_45]
	at sun.reflect.NativeMethodAccessorImpl.invoke(Unknown Source) ~[na:1.7.0_45]
	at sun.reflect.DelegatingMethodAccessorImpl.invoke(Unknown Source) ~[na:1.7.0_45]
	at java.lang.reflect.Method.invoke(Unknown Source) ~[na:1.7.0_45]
	at org.springframework.web.method.support.InvocableHandlerMethod.invoke(InvocableHandlerMethod.java:219) [spring-web-3.2.0.RELEASE.jar:3.2.0.RELEASE]
	at org.springframework.web.method.support.InvocableHandlerMethod.invokeForRequest(InvocableHandlerMethod.java:132) [spring-web-3.2.0.RELEASE.jar:3.2.0.RELEASE]
	at org.springframework.web.servlet.mvc.method.annotation.ServletInvocableHandlerMethod.invokeAndHandle(ServletInvocableHandlerMethod.java:104) [spring-webmvc-3.2.0.RELEASE.jar:3.2.0.RELEASE]
	at org.springframework.web.servlet.mvc.method.annotation.RequestMappingHandlerAdapter.invokeHandleMethod(RequestMappingHandlerAdapter.java:746) [spring-webmvc-3.2.0.RELEASE.jar:3.2.0.RELEASE]
	at org.springframework.web.servlet.mvc.method.annotation.RequestMappingHandlerAdapter.handleInternal(RequestMappingHandlerAdapter.java:687) [spring-webmvc-3.2.0.RELEASE.jar:3.2.0.RELEASE]
	at org.springframework.web.servlet.mvc.method.AbstractHandlerMethodAdapter.handle(AbstractHandlerMethodAdapter.java:80) [spring-webmvc-3.2.0.RELEASE.jar:3.2.0.RELEASE]
	at org.springframework.web.servlet.DispatcherServlet.doDispatch(DispatcherServlet.java:925) [spring-webmvc-3.2.0.RELEASE.jar:3.2.0.RELEASE]
	at org.springframework.web.servlet.DispatcherServlet.doService(DispatcherServlet.java:856) [spring-webmvc-3.2.0.RELEASE.jar:3.2.0.RELEASE]
	at org.springframework.web.servlet.FrameworkServlet.processRequest(FrameworkServlet.java:915) [spring-webmvc-3.2.0.RELEASE.jar:3.2.0.RELEASE]
	at org.springframework.web.servlet.FrameworkServlet.doGet(FrameworkServlet.java:811) [spring-webmvc-3.2.0.RELEASE.jar:3.2.0.RELEASE]
	at javax.servlet.http.HttpServlet.service(HttpServlet.java:687) [javax.servlet-api-3.1.0.jar:3.1.0]
	at org.springframework.web.servlet.FrameworkServlet.service(FrameworkServlet.java:796) [spring-webmvc-3.2.0.RELEASE.jar:3.2.0.RELEASE]
	at javax.servlet.http.HttpServlet.service(HttpServlet.java:790) [javax.servlet-api-3.1.0.jar:3.1.0]
	at org.eclipse.jetty.servlet.ServletHolder.handle(ServletHolder.java:558) [jetty-servlet-8.0.4.v20111024.jar:8.0.4.v20111024]
	at org.eclipse.jetty.servlet.ServletHandler$CachedChain.doFilter(ServletHandler.java:1366) [jetty-servlet-8.0.4.v20111024.jar:8.0.4.v20111024]
	at org.mas.codehaus.finder.filter.UserFilter.doFilterInternal(UserFilter.java:67) [classes/:na]
	at org.springframework.web.filter.OncePerRequestFilter.doFilter(OncePerRequestFilter.java:107) [spring-web-3.2.0.RELEASE.jar:3.2.0.RELEASE]
	at org.eclipse.jetty.servlet.ServletHandler$CachedChain.doFilter(ServletHandler.java:1337) [jetty-servlet-8.0.4.v20111024.jar:8.0.4.v20111024]
	at org.springframework.web.filter.CharacterEncodingFilter.doFilterInternal(CharacterEncodingFilter.java:88) [spring-web-3.2.0.RELEASE.jar:3.2.0.RELEASE]
	at org.springframework.web.filter.OncePerRequestFilter.doFilter(OncePerRequestFilter.java:107) [spring-web-3.2.0.RELEASE.jar:3.2.0.RELEASE]
	at org.eclipse.jetty.servlet.ServletHandler$CachedChain.doFilter(ServletHandler.java:1337) [jetty-servlet-8.0.4.v20111024.jar:8.0.4.v20111024]
	at org.eclipse.jetty.servlet.ServletHandler.doHandle(ServletHandler.java:486) [jetty-servlet-8.0.4.v20111024.jar:8.0.4.v20111024]
	at org.eclipse.jetty.server.handler.ScopedHandler.handle(ScopedHandler.java:119) [jetty-server-8.0.4.v20111024.jar:8.0.4.v20111024]
	at org.eclipse.jetty.security.SecurityHandler.handle(SecurityHandler.java:520) [jetty-security-8.0.4.v20111024.jar:8.0.4.v20111024]
	at org.eclipse.jetty.server.session.SessionHandler.doHandle(SessionHandler.java:233) [jetty-server-8.0.4.v20111024.jar:8.0.4.v20111024]
	at org.eclipse.jetty.server.handler.ContextHandler.doHandle(ContextHandler.java:973) [jetty-server-8.0.4.v20111024.jar:8.0.4.v20111024]
	at org.eclipse.jetty.servlet.ServletHandler.doScope(ServletHandler.java:417) [jetty-servlet-8.0.4.v20111024.jar:8.0.4.v20111024]
	at org.eclipse.jetty.server.session.SessionHandler.doScope(SessionHandler.java:192) [jetty-server-8.0.4.v20111024.jar:8.0.4.v20111024]
	at org.eclipse.jetty.server.handler.ContextHandler.doScope(ContextHandler.java:907) [jetty-server-8.0.4.v20111024.jar:8.0.4.v20111024]
	at org.eclipse.jetty.server.handler.ScopedHandler.handle(ScopedHandler.java:117) [jetty-server-8.0.4.v20111024.jar:8.0.4.v20111024]
	at org.eclipse.jetty.server.handler.HandlerWrapper.handle(HandlerWrapper.java:110) [jetty-server-8.0.4.v20111024.jar:8.0.4.v20111024]
	at org.eclipse.jetty.server.Server.handle(Server.java:350) [jetty-server-8.0.4.v20111024.jar:8.0.4.v20111024]
	at org.eclipse.jetty.server.HttpConnection.handleRequest(HttpConnection.java:442) [jetty-server-8.0.4.v20111024.jar:8.0.4.v20111024]
	at org.eclipse.jetty.server.HttpConnection$RequestHandler.headerComplete(HttpConnection.java:924) [jetty-server-8.0.4.v20111024.jar:8.0.4.v20111024]
	at org.eclipse.jetty.http.HttpParser.parseNext(HttpParser.java:582) [jetty-http-8.0.4.v20111024.jar:8.0.4.v20111024]
	at org.eclipse.jetty.http.HttpParser.parseAvailable(HttpParser.java:218) [jetty-http-8.0.4.v20111024.jar:8.0.4.v20111024]
	at org.eclipse.jetty.server.AsyncHttpConnection.handle(AsyncHttpConnection.java:51) [jetty-server-8.0.4.v20111024.jar:8.0.4.v20111024]
	at org.eclipse.jetty.io.nio.SelectChannelEndPoint.handle(SelectChannelEndPoint.java:586) [jetty-io-8.0.4.v20111024.jar:8.0.4.v20111024]
	at org.eclipse.jetty.io.nio.SelectChannelEndPoint$1.run(SelectChannelEndPoint.java:44) [jetty-io-8.0.4.v20111024.jar:8.0.4.v20111024]
	at org.eclipse.jetty.util.thread.QueuedThreadPool.runJob(QueuedThreadPool.java:598) [jetty-util-8.0.4.v20111024.jar:8.0.4.v20111024]
	at org.eclipse.jetty.util.thread.QueuedThreadPool$3.run(QueuedThreadPool.java:533) [jetty-util-8.0.4.v20111024.jar:8.0.4.v20111024]
	at java.lang.Thread.run(Unknown Source) [na:1.7.0_45]
Caused by: org.mas.codehaus.finder.common.web.exception.FinderException: username is empty
	at org.mas.codehaus.finder.common.CheckParams.checkParameterNotNull(CheckParams.java:16) ~[classes/:na]
	at org.mas.codehaus.finder.common.CheckParams.getString(CheckParams.java:9) ~[classes/:na]
	at org.mas.codehaus.finder.manager.impl.UserServiceImpl.register(UserServiceImpl.java:43) ~[classes/:na]
	... 58 common frames omitted
09:33:24.363 [main] DEBUG o.m.c.finder.filter.UserFilter - R:[
	"/user/login.json",
	"/user/register.json"
]
09:35:13.742 [main] DEBUG o.m.c.finder.filter.UserFilter - R:[
	"/user/login.json",
	"/user/register.json"
]
11:54:39.609 [main] DEBUG o.m.c.f.m.i.AccessTokenCheckServiceImpl - r:{"uid":3226203843,"appkey":"966056985","scope":null,"create_at":1359623906,"expire_in":-45651280}
11:56:40.629 [main] DEBUG o.m.c.f.m.i.AccessTokenCheckServiceImpl - r:{"uid":3226203843,"appkey":"966056985","scope":null,"create_at":1359623906,"expire_in":-45651401}
11:56:41.558 [main] DEBUG o.m.c.f.m.i.AccessTokenCheckServiceImpl - r:callback( {"error":100007,"error_description":"param access token is wrong or lost "} );

12:27:29.779 [main] DEBUG o.m.c.f.m.i.AccessTokenCheckServiceImpl - r:{"uid":3226203843,"appkey":"966056985","scope":null,"create_at":1359623906,"expire_in":-45653250}
12:27:30.922 [main] DEBUG o.m.c.f.m.i.AccessTokenCheckServiceImpl - r:callback( {"error":100007,"error_description":"param access token is wrong or lost "} );

12:27:31.324 [main] DEBUG o.m.c.f.manager.impl.UserServiceImpl - requestParams:{"name":"617907867121111@qq.com","password":"123456"}
12:27:31.794 [main] DEBUG o.m.c.f.d.UserDao.getUserByUserName - ooo Using Connection [com.alibaba.druid.proxy.jdbc.ConnectionProxyImpl@227ac158]
12:27:31.820 [main] DEBUG o.m.c.f.d.UserDao.getUserByUserName - ==>  Preparing: select count(u.name) from user u where u.name = ? 
12:27:32.075 [main] DEBUG o.m.c.f.d.UserDao.getUserByUserName - ==> Parameters: 617907867121111@qq.com(String)
12:27:32.585 [main] DEBUG o.m.c.f.manager.impl.UserServiceImpl - username is exist!
12:27:32.631 [main] ERROR o.m.c.f.manager.impl.UserServiceImpl - register user failed! id {} null
org.mas.codehaus.finder.manager.exception.UserException: username is exist
	at org.mas.codehaus.finder.manager.impl.UserServiceImpl.register(UserServiceImpl.java:50) ~[classes/:na]
	at sun.reflect.NativeMethodAccessorImpl.invoke0(Native Method) ~[na:1.7.0_45]
	at sun.reflect.NativeMethodAccessorImpl.invoke(NativeMethodAccessorImpl.java:57) ~[na:1.7.0_45]
	at sun.reflect.DelegatingMethodAccessorImpl.invoke(DelegatingMethodAccessorImpl.java:43) ~[na:1.7.0_45]
	at java.lang.reflect.Method.invoke(Method.java:606) ~[na:1.7.0_45]
	at org.springframework.aop.support.AopUtils.invokeJoinpointUsingReflection(AopUtils.java:317) [spring-aop-3.2.0.RELEASE.jar:3.2.0.RELEASE]
	at org.springframework.aop.framework.ReflectiveMethodInvocation.invokeJoinpoint(ReflectiveMethodInvocation.java:183) [spring-aop-3.2.0.RELEASE.jar:3.2.0.RELEASE]
	at org.springframework.aop.framework.ReflectiveMethodInvocation.proceed(ReflectiveMethodInvocation.java:150) [spring-aop-3.2.0.RELEASE.jar:3.2.0.RELEASE]
	at org.springframework.transaction.interceptor.TransactionInterceptor.invoke(TransactionInterceptor.java:110) [spring-tx-3.1.1.RELEASE.jar:3.1.1.RELEASE]
	at org.springframework.aop.framework.ReflectiveMethodInvocation.proceed(ReflectiveMethodInvocation.java:172) [spring-aop-3.2.0.RELEASE.jar:3.2.0.RELEASE]
	at org.springframework.aop.framework.JdkDynamicAopProxy.invoke(JdkDynamicAopProxy.java:204) [spring-aop-3.2.0.RELEASE.jar:3.2.0.RELEASE]
	at com.sun.proxy.$Proxy16.register(Unknown Source) [na:na]
	at org.mas.codehaus.finder.manager.UserServiceImplTest.testRegister(UserServiceImplTest.java:28) [test-classes/:na]
	at sun.reflect.NativeMethodAccessorImpl.invoke0(Native Method) ~[na:1.7.0_45]
	at sun.reflect.NativeMethodAccessorImpl.invoke(NativeMethodAccessorImpl.java:57) ~[na:1.7.0_45]
	at sun.reflect.DelegatingMethodAccessorImpl.invoke(DelegatingMethodAccessorImpl.java:43) ~[na:1.7.0_45]
	at java.lang.reflect.Method.invoke(Method.java:606) ~[na:1.7.0_45]
	at org.junit.runners.model.FrameworkMethod$1.runReflectiveCall(FrameworkMethod.java:45) [junit-4.10.jar:na]
	at org.junit.internal.runners.model.ReflectiveCallable.run(ReflectiveCallable.java:15) [junit-4.10.jar:na]
	at org.junit.runners.model.FrameworkMethod.invokeExplosively(FrameworkMethod.java:42) [junit-4.10.jar:na]
	at org.junit.internal.runners.statements.InvokeMethod.evaluate(InvokeMethod.java:20) [junit-4.10.jar:na]
	at org.springframework.test.context.junit4.statements.RunBeforeTestMethodCallbacks.evaluate(RunBeforeTestMethodCallbacks.java:74) [spring-test-3.2.0.RELEASE.jar:3.2.0.RELEASE]
	at org.springframework.test.context.junit4.statements.RunAfterTestMethodCallbacks.evaluate(RunAfterTestMethodCallbacks.java:83) [spring-test-3.2.0.RELEASE.jar:3.2.0.RELEASE]
	at org.springframework.test.context.junit4.statements.SpringRepeat.evaluate(SpringRepeat.java:72) [spring-test-3.2.0.RELEASE.jar:3.2.0.RELEASE]
	at org.springframework.test.context.junit4.SpringJUnit4ClassRunner.runChild(SpringJUnit4ClassRunner.java:231) [spring-test-3.2.0.RELEASE.jar:3.2.0.RELEASE]
	at org.springframework.test.context.junit4.SpringJUnit4ClassRunner.runChild(SpringJUnit4ClassRunner.java:88) [spring-test-3.2.0.RELEASE.jar:3.2.0.RELEASE]
	at org.junit.runners.ParentRunner$3.run(ParentRunner.java:231) [junit-4.10.jar:na]
	at org.junit.runners.ParentRunner$1.schedule(ParentRunner.java:60) [junit-4.10.jar:na]
	at org.junit.runners.ParentRunner.runChildren(ParentRunner.java:229) [junit-4.10.jar:na]
	at org.junit.runners.ParentRunner.access$000(ParentRunner.java:50) [junit-4.10.jar:na]
	at org.junit.runners.ParentRunner$2.evaluate(ParentRunner.java:222) [junit-4.10.jar:na]
	at org.springframework.test.context.junit4.statements.RunBeforeTestClassCallbacks.evaluate(RunBeforeTestClassCallbacks.java:61) [spring-test-3.2.0.RELEASE.jar:3.2.0.RELEASE]
	at org.springframework.test.context.junit4.statements.RunAfterTestClassCallbacks.evaluate(RunAfterTestClassCallbacks.java:71) [spring-test-3.2.0.RELEASE.jar:3.2.0.RELEASE]
	at org.junit.runners.ParentRunner.run(ParentRunner.java:300) [junit-4.10.jar:na]
	at org.springframework.test.context.junit4.SpringJUnit4ClassRunner.run(SpringJUnit4ClassRunner.java:174) [spring-test-3.2.0.RELEASE.jar:3.2.0.RELEASE]
	at org.junit.runners.Suite.runChild(Suite.java:128) [junit-4.10.jar:na]
	at org.junit.runners.Suite.runChild(Suite.java:24) [junit-4.10.jar:na]
	at org.junit.runners.ParentRunner$3.run(ParentRunner.java:231) [junit-4.10.jar:na]
	at org.junit.runners.ParentRunner$1.schedule(ParentRunner.java:60) [junit-4.10.jar:na]
	at org.junit.runners.ParentRunner.runChildren(ParentRunner.java:229) [junit-4.10.jar:na]
	at org.junit.runners.ParentRunner.access$000(ParentRunner.java:50) [junit-4.10.jar:na]
	at org.junit.runners.ParentRunner$2.evaluate(ParentRunner.java:222) [junit-4.10.jar:na]
	at org.junit.runners.ParentRunner.run(ParentRunner.java:300) [junit-4.10.jar:na]
	at org.junit.runner.JUnitCore.run(JUnitCore.java:157) [junit-4.10.jar:na]
	at org.junit.runner.JUnitCore.run(JUnitCore.java:136) [junit-4.10.jar:na]
	at org.apache.maven.surefire.junitcore.JUnitCoreWrapper.createReqestAndRun(JUnitCoreWrapper.java:139) [surefire-junit47-2.15.jar:2.15]
	at org.apache.maven.surefire.junitcore.JUnitCoreWrapper.executeEager(JUnitCoreWrapper.java:111) [surefire-junit47-2.15.jar:2.15]
	at org.apache.maven.surefire.junitcore.JUnitCoreWrapper.execute(JUnitCoreWrapper.java:84) [surefire-junit47-2.15.jar:2.15]
	at org.apache.maven.surefire.junitcore.JUnitCoreProvider.invoke(JUnitCoreProvider.java:135) [surefire-junit47-2.15.jar:2.15]
	at org.apache.maven.surefire.booter.ForkedBooter.invokeProviderInSameClassLoader(ForkedBooter.java:200) [surefire-booter-2.15.jar:2.15]
	at org.apache.maven.surefire.booter.ForkedBooter.runSuitesInProcess(ForkedBooter.java:153) [surefire-booter-2.15.jar:2.15]
	at org.apache.maven.surefire.booter.ForkedBooter.main(ForkedBooter.java:103) [surefire-booter-2.15.jar:2.15]
14:39:34.706 [main] DEBUG o.m.c.finder.filter.UserFilter - R:[
	"/user/login.json",
	"/user/register.json"
]
14:48:43.242 [main] DEBUG o.m.c.f.m.i.AccessTokenCheckServiceImpl - r:{"uid":3226203843,"appkey":"966056985","scope":null,"create_at":1359623906,"expire_in":-45661725}
14:48:44.558 [main] DEBUG o.m.c.f.m.i.AccessTokenCheckServiceImpl - r:callback( {"error":100007,"error_description":"param access token is wrong or lost "} );

14:55:26.452 [main] DEBUG o.m.c.f.m.i.AccessTokenCheckServiceImpl - r:{"uid":3226203843,"appkey":"966056985","scope":null,"create_at":1359623906,"expire_in":-45662128}
14:55:27.688 [main] DEBUG o.m.c.f.m.i.AccessTokenCheckServiceImpl - r:callback( {"error":100007,"error_description":"param access token is wrong or lost "} );

14:55:49.282 [main] DEBUG o.m.c.f.manager.impl.UserServiceImpl - requestParams:{"name":"617907867121111@qq.com","password":"123456"}
14:55:49.773 [main] DEBUG o.m.c.f.d.UserDao.getUserByUserName - ooo Using Connection [com.alibaba.druid.proxy.jdbc.ConnectionProxyImpl@2731370f]
14:55:49.804 [main] DEBUG o.m.c.f.d.UserDao.getUserByUserName - ==>  Preparing: select count(u.name) from user u where u.name = ? 
14:55:50.012 [main] DEBUG o.m.c.f.d.UserDao.getUserByUserName - ==> Parameters: 617907867121111@qq.com(String)
14:55:50.551 [main] DEBUG o.m.c.f.manager.impl.UserServiceImpl - username is exist!
14:55:50.595 [main] ERROR o.m.c.f.manager.impl.UserServiceImpl - register user failed! id {} null
org.mas.codehaus.finder.manager.exception.UserException: username is exist
	at org.mas.codehaus.finder.manager.impl.UserServiceImpl.register(UserServiceImpl.java:50) ~[classes/:na]
	at sun.reflect.NativeMethodAccessorImpl.invoke0(Native Method) ~[na:1.7.0_45]
	at sun.reflect.NativeMethodAccessorImpl.invoke(Unknown Source) ~[na:1.7.0_45]
	at sun.reflect.DelegatingMethodAccessorImpl.invoke(Unknown Source) ~[na:1.7.0_45]
	at java.lang.reflect.Method.invoke(Unknown Source) ~[na:1.7.0_45]
	at org.springframework.aop.support.AopUtils.invokeJoinpointUsingReflection(AopUtils.java:317) [spring-aop-3.2.0.RELEASE.jar:3.2.0.RELEASE]
	at org.springframework.aop.framework.ReflectiveMethodInvocation.invokeJoinpoint(ReflectiveMethodInvocation.java:183) [spring-aop-3.2.0.RELEASE.jar:3.2.0.RELEASE]
	at org.springframework.aop.framework.ReflectiveMethodInvocation.proceed(ReflectiveMethodInvocation.java:150) [spring-aop-3.2.0.RELEASE.jar:3.2.0.RELEASE]
	at org.springframework.transaction.interceptor.TransactionInterceptor.invoke(TransactionInterceptor.java:110) [spring-tx-3.1.1.RELEASE.jar:3.1.1.RELEASE]
	at org.springframework.aop.framework.ReflectiveMethodInvocation.proceed(ReflectiveMethodInvocation.java:172) [spring-aop-3.2.0.RELEASE.jar:3.2.0.RELEASE]
	at org.springframework.aop.framework.JdkDynamicAopProxy.invoke(JdkDynamicAopProxy.java:204) [spring-aop-3.2.0.RELEASE.jar:3.2.0.RELEASE]
	at com.sun.proxy.$Proxy15.register(Unknown Source) [na:na]
	at org.mas.codehaus.finder.manager.UserServiceImplTest.testRegister(UserServiceImplTest.java:28) [test-classes/:na]
	at sun.reflect.NativeMethodAccessorImpl.invoke0(Native Method) ~[na:1.7.0_45]
	at sun.reflect.NativeMethodAccessorImpl.invoke(Unknown Source) ~[na:1.7.0_45]
	at sun.reflect.DelegatingMethodAccessorImpl.invoke(Unknown Source) ~[na:1.7.0_45]
	at java.lang.reflect.Method.invoke(Unknown Source) ~[na:1.7.0_45]
	at org.junit.runners.model.FrameworkMethod$1.runReflectiveCall(FrameworkMethod.java:45) [junit-4.10.jar:na]
	at org.junit.internal.runners.model.ReflectiveCallable.run(ReflectiveCallable.java:15) [junit-4.10.jar:na]
	at org.junit.runners.model.FrameworkMethod.invokeExplosively(FrameworkMethod.java:42) [junit-4.10.jar:na]
	at org.junit.internal.runners.statements.InvokeMethod.evaluate(InvokeMethod.java:20) [junit-4.10.jar:na]
	at org.springframework.test.context.junit4.statements.RunBeforeTestMethodCallbacks.evaluate(RunBeforeTestMethodCallbacks.java:74) [spring-test-3.2.0.RELEASE.jar:3.2.0.RELEASE]
	at org.springframework.test.context.junit4.statements.RunAfterTestMethodCallbacks.evaluate(RunAfterTestMethodCallbacks.java:83) [spring-test-3.2.0.RELEASE.jar:3.2.0.RELEASE]
	at org.springframework.test.context.junit4.statements.SpringRepeat.evaluate(SpringRepeat.java:72) [spring-test-3.2.0.RELEASE.jar:3.2.0.RELEASE]
	at org.springframework.test.context.junit4.SpringJUnit4ClassRunner.runChild(SpringJUnit4ClassRunner.java:231) [spring-test-3.2.0.RELEASE.jar:3.2.0.RELEASE]
	at org.springframework.test.context.junit4.SpringJUnit4ClassRunner.runChild(SpringJUnit4ClassRunner.java:88) [spring-test-3.2.0.RELEASE.jar:3.2.0.RELEASE]
	at org.junit.runners.ParentRunner$3.run(ParentRunner.java:231) [junit-4.10.jar:na]
	at org.junit.runners.ParentRunner$1.schedule(ParentRunner.java:60) [junit-4.10.jar:na]
	at org.junit.runners.ParentRunner.runChildren(ParentRunner.java:229) [junit-4.10.jar:na]
	at org.junit.runners.ParentRunner.access$000(ParentRunner.java:50) [junit-4.10.jar:na]
	at org.junit.runners.ParentRunner$2.evaluate(ParentRunner.java:222) [junit-4.10.jar:na]
	at org.springframework.test.context.junit4.statements.RunBeforeTestClassCallbacks.evaluate(RunBeforeTestClassCallbacks.java:61) [spring-test-3.2.0.RELEASE.jar:3.2.0.RELEASE]
	at org.springframework.test.context.junit4.statements.RunAfterTestClassCallbacks.evaluate(RunAfterTestClassCallbacks.java:71) [spring-test-3.2.0.RELEASE.jar:3.2.0.RELEASE]
	at org.junit.runners.ParentRunner.run(ParentRunner.java:300) [junit-4.10.jar:na]
	at org.springframework.test.context.junit4.SpringJUnit4ClassRunner.run(SpringJUnit4ClassRunner.java:174) [spring-test-3.2.0.RELEASE.jar:3.2.0.RELEASE]
	at org.eclipse.jdt.internal.junit4.runner.JUnit4TestReference.run(JUnit4TestReference.java:50) [.cp/:na]
	at org.eclipse.jdt.internal.junit.runner.TestExecution.run(TestExecution.java:38) [.cp/:na]
	at org.eclipse.jdt.internal.junit.runner.RemoteTestRunner.runTests(RemoteTestRunner.java:467) [.cp/:na]
	at org.eclipse.jdt.internal.junit.runner.RemoteTestRunner.runTests(RemoteTestRunner.java:683) [.cp/:na]
	at org.eclipse.jdt.internal.junit.runner.RemoteTestRunner.run(RemoteTestRunner.java:390) [.cp/:na]
	at org.eclipse.jdt.internal.junit.runner.RemoteTestRunner.main(RemoteTestRunner.java:197) [.cp/:na]
15:07:57.606 [main] DEBUG o.m.c.f.manager.impl.UserServiceImpl - requestParams:{"name":"617907867121111@qq.com","password":"123456"}
15:07:57.748 [main] DEBUG o.m.c.f.d.UserDao.getUserByUserName - ooo Using Connection [com.alibaba.druid.proxy.jdbc.ConnectionProxyImpl@ac07edd]
15:07:57.762 [main] DEBUG o.m.c.f.d.UserDao.getUserByUserName - ==>  Preparing: select count(u.name) from user u where u.name = ? 
15:07:57.850 [main] DEBUG o.m.c.f.d.UserDao.getUserByUserName - ==> Parameters: 617907867121111@qq.com(String)
15:07:57.928 [main] DEBUG o.m.c.f.manager.impl.UserServiceImpl - username is exist!
15:07:57.939 [main] ERROR o.m.c.f.manager.impl.UserServiceImpl - register user failed! id {} null
org.mas.codehaus.finder.manager.exception.UserException: username is exist
	at org.mas.codehaus.finder.manager.impl.UserServiceImpl.register(UserServiceImpl.java:50) ~[classes/:na]
	at sun.reflect.NativeMethodAccessorImpl.invoke0(Native Method) ~[na:1.7.0_45]
	at sun.reflect.NativeMethodAccessorImpl.invoke(Unknown Source) ~[na:1.7.0_45]
	at sun.reflect.DelegatingMethodAccessorImpl.invoke(Unknown Source) ~[na:1.7.0_45]
	at java.lang.reflect.Method.invoke(Unknown Source) ~[na:1.7.0_45]
	at org.springframework.aop.support.AopUtils.invokeJoinpointUsingReflection(AopUtils.java:317) [spring-aop-3.2.0.RELEASE.jar:3.2.0.RELEASE]
	at org.springframework.aop.framework.ReflectiveMethodInvocation.invokeJoinpoint(ReflectiveMethodInvocation.java:183) [spring-aop-3.2.0.RELEASE.jar:3.2.0.RELEASE]
	at org.springframework.aop.framework.ReflectiveMethodInvocation.proceed(ReflectiveMethodInvocation.java:150) [spring-aop-3.2.0.RELEASE.jar:3.2.0.RELEASE]
	at org.springframework.transaction.interceptor.TransactionInterceptor.invoke(TransactionInterceptor.java:110) [spring-tx-3.1.1.RELEASE.jar:3.1.1.RELEASE]
	at org.springframework.aop.framework.ReflectiveMethodInvocation.proceed(ReflectiveMethodInvocation.java:172) [spring-aop-3.2.0.RELEASE.jar:3.2.0.RELEASE]
	at org.springframework.aop.framework.JdkDynamicAopProxy.invoke(JdkDynamicAopProxy.java:204) [spring-aop-3.2.0.RELEASE.jar:3.2.0.RELEASE]
	at com.sun.proxy.$Proxy15.register(Unknown Source) [na:na]
	at org.mas.codehaus.finder.manager.UserServiceImplTest.testRegister(UserServiceImplTest.java:28) [test-classes/:na]
	at sun.reflect.NativeMethodAccessorImpl.invoke0(Native Method) ~[na:1.7.0_45]
	at sun.reflect.NativeMethodAccessorImpl.invoke(Unknown Source) ~[na:1.7.0_45]
	at sun.reflect.DelegatingMethodAccessorImpl.invoke(Unknown Source) ~[na:1.7.0_45]
	at java.lang.reflect.Method.invoke(Unknown Source) ~[na:1.7.0_45]
	at org.junit.runners.model.FrameworkMethod$1.runReflectiveCall(FrameworkMethod.java:45) [junit-4.10.jar:na]
	at org.junit.internal.runners.model.ReflectiveCallable.run(ReflectiveCallable.java:15) [junit-4.10.jar:na]
	at org.junit.runners.model.FrameworkMethod.invokeExplosively(FrameworkMethod.java:42) [junit-4.10.jar:na]
	at org.junit.internal.runners.statements.InvokeMethod.evaluate(InvokeMethod.java:20) [junit-4.10.jar:na]
	at org.springframework.test.context.junit4.statements.RunBeforeTestMethodCallbacks.evaluate(RunBeforeTestMethodCallbacks.java:74) [spring-test-3.2.0.RELEASE.jar:3.2.0.RELEASE]
	at org.springframework.test.context.junit4.statements.RunAfterTestMethodCallbacks.evaluate(RunAfterTestMethodCallbacks.java:83) [spring-test-3.2.0.RELEASE.jar:3.2.0.RELEASE]
	at org.springframework.test.context.junit4.statements.SpringRepeat.evaluate(SpringRepeat.java:72) [spring-test-3.2.0.RELEASE.jar:3.2.0.RELEASE]
	at org.springframework.test.context.junit4.SpringJUnit4ClassRunner.runChild(SpringJUnit4ClassRunner.java:231) [spring-test-3.2.0.RELEASE.jar:3.2.0.RELEASE]
	at org.springframework.test.context.junit4.SpringJUnit4ClassRunner.runChild(SpringJUnit4ClassRunner.java:88) [spring-test-3.2.0.RELEASE.jar:3.2.0.RELEASE]
	at org.junit.runners.ParentRunner$3.run(ParentRunner.java:231) [junit-4.10.jar:na]
	at org.junit.runners.ParentRunner$1.schedule(ParentRunner.java:60) [junit-4.10.jar:na]
	at org.junit.runners.ParentRunner.runChildren(ParentRunner.java:229) [junit-4.10.jar:na]
	at org.junit.runners.ParentRunner.access$000(ParentRunner.java:50) [junit-4.10.jar:na]
	at org.junit.runners.ParentRunner$2.evaluate(ParentRunner.java:222) [junit-4.10.jar:na]
	at org.springframework.test.context.junit4.statements.RunBeforeTestClassCallbacks.evaluate(RunBeforeTestClassCallbacks.java:61) [spring-test-3.2.0.RELEASE.jar:3.2.0.RELEASE]
	at org.springframework.test.context.junit4.statements.RunAfterTestClassCallbacks.evaluate(RunAfterTestClassCallbacks.java:71) [spring-test-3.2.0.RELEASE.jar:3.2.0.RELEASE]
	at org.junit.runners.ParentRunner.run(ParentRunner.java:300) [junit-4.10.jar:na]
	at org.springframework.test.context.junit4.SpringJUnit4ClassRunner.run(SpringJUnit4ClassRunner.java:174) [spring-test-3.2.0.RELEASE.jar:3.2.0.RELEASE]
	at org.eclipse.jdt.internal.junit4.runner.JUnit4TestReference.run(JUnit4TestReference.java:50) [.cp/:na]
	at org.eclipse.jdt.internal.junit.runner.TestExecution.run(TestExecution.java:38) [.cp/:na]
	at org.eclipse.jdt.internal.junit.runner.RemoteTestRunner.runTests(RemoteTestRunner.java:467) [.cp/:na]
	at org.eclipse.jdt.internal.junit.runner.RemoteTestRunner.runTests(RemoteTestRunner.java:683) [.cp/:na]
	at org.eclipse.jdt.internal.junit.runner.RemoteTestRunner.run(RemoteTestRunner.java:390) [.cp/:na]
	at org.eclipse.jdt.internal.junit.runner.RemoteTestRunner.main(RemoteTestRunner.java:197) [.cp/:na]
15:08:16.349 [main] DEBUG o.m.c.f.m.i.AccessTokenCheckServiceImpl - r:{"uid":3226203843,"appkey":"966056985","scope":null,"create_at":1359623906,"expire_in":-45662898}
15:08:17.279 [main] DEBUG o.m.c.f.m.i.AccessTokenCheckServiceImpl - r:callback( {"error":100007,"error_description":"param access token is wrong or lost "} );

15:08:46.750 [main] DEBUG o.m.c.f.m.i.AccessTokenCheckServiceImpl - r:{"uid":3226203843,"appkey":"966056985","scope":null,"create_at":1359623906,"expire_in":-45662927}
15:08:47.616 [main] DEBUG o.m.c.f.m.i.AccessTokenCheckServiceImpl - r:callback( {"error":100007,"error_description":"param access token is wrong or lost "} );

15:09:32.344 [main] DEBUG o.m.c.f.m.i.AccessTokenCheckServiceImpl - r:{"uid":3226203843,"appkey":"966056985","scope":null,"create_at":1359623906,"expire_in":-45662974}
15:09:33.382 [main] DEBUG o.m.c.f.m.i.AccessTokenCheckServiceImpl - r:callback( {"error":100007,"error_description":"param access token is wrong or lost "} );

15:09:33.759 [main] DEBUG o.m.c.f.manager.impl.UserServiceImpl - requestParams:{"name":"617907867121111@qq.com","password":"123456"}
15:09:33.974 [main] DEBUG o.m.c.f.d.UserDao.getUserByUserName - ooo Using Connection [com.alibaba.druid.proxy.jdbc.ConnectionProxyImpl@156ea7b8]
15:09:34.007 [main] DEBUG o.m.c.f.d.UserDao.getUserByUserName - ==>  Preparing: select count(u.name) from user u where u.name = ? 
15:09:34.201 [main] DEBUG o.m.c.f.d.UserDao.getUserByUserName - ==> Parameters: 617907867121111@qq.com(String)
15:09:34.297 [main] DEBUG o.m.c.f.manager.impl.UserServiceImpl - username is exist!
15:09:34.320 [main] ERROR o.m.c.f.manager.impl.UserServiceImpl - register user failed! id {} null
org.mas.codehaus.finder.manager.exception.UserException: username is exist
	at org.mas.codehaus.finder.manager.impl.UserServiceImpl.register(UserServiceImpl.java:50) ~[classes/:na]
	at sun.reflect.NativeMethodAccessorImpl.invoke0(Native Method) ~[na:1.7.0_45]
	at sun.reflect.NativeMethodAccessorImpl.invoke(Unknown Source) ~[na:1.7.0_45]
	at sun.reflect.DelegatingMethodAccessorImpl.invoke(Unknown Source) ~[na:1.7.0_45]
	at java.lang.reflect.Method.invoke(Unknown Source) ~[na:1.7.0_45]
	at org.springframework.aop.support.AopUtils.invokeJoinpointUsingReflection(AopUtils.java:317) [spring-aop-3.2.0.RELEASE.jar:3.2.0.RELEASE]
	at org.springframework.aop.framework.ReflectiveMethodInvocation.invokeJoinpoint(ReflectiveMethodInvocation.java:183) [spring-aop-3.2.0.RELEASE.jar:3.2.0.RELEASE]
	at org.springframework.aop.framework.ReflectiveMethodInvocation.proceed(ReflectiveMethodInvocation.java:150) [spring-aop-3.2.0.RELEASE.jar:3.2.0.RELEASE]
	at org.springframework.transaction.interceptor.TransactionInterceptor.invoke(TransactionInterceptor.java:110) [spring-tx-3.1.1.RELEASE.jar:3.1.1.RELEASE]
	at org.springframework.aop.framework.ReflectiveMethodInvocation.proceed(ReflectiveMethodInvocation.java:172) [spring-aop-3.2.0.RELEASE.jar:3.2.0.RELEASE]
	at org.springframework.aop.framework.JdkDynamicAopProxy.invoke(JdkDynamicAopProxy.java:204) [spring-aop-3.2.0.RELEASE.jar:3.2.0.RELEASE]
	at com.sun.proxy.$Proxy16.register(Unknown Source) [na:na]
	at org.mas.codehaus.finder.manager.UserServiceImplTest.testRegister(UserServiceImplTest.java:28) [test-classes/:na]
	at sun.reflect.NativeMethodAccessorImpl.invoke0(Native Method) ~[na:1.7.0_45]
	at sun.reflect.NativeMethodAccessorImpl.invoke(Unknown Source) ~[na:1.7.0_45]
	at sun.reflect.DelegatingMethodAccessorImpl.invoke(Unknown Source) ~[na:1.7.0_45]
	at java.lang.reflect.Method.invoke(Unknown Source) ~[na:1.7.0_45]
	at org.junit.runners.model.FrameworkMethod$1.runReflectiveCall(FrameworkMethod.java:45) [junit-4.10.jar:na]
	at org.junit.internal.runners.model.ReflectiveCallable.run(ReflectiveCallable.java:15) [junit-4.10.jar:na]
	at org.junit.runners.model.FrameworkMethod.invokeExplosively(FrameworkMethod.java:42) [junit-4.10.jar:na]
	at org.junit.internal.runners.statements.InvokeMethod.evaluate(InvokeMethod.java:20) [junit-4.10.jar:na]
	at org.springframework.test.context.junit4.statements.RunBeforeTestMethodCallbacks.evaluate(RunBeforeTestMethodCallbacks.java:74) [spring-test-3.2.0.RELEASE.jar:3.2.0.RELEASE]
	at org.springframework.test.context.junit4.statements.RunAfterTestMethodCallbacks.evaluate(RunAfterTestMethodCallbacks.java:83) [spring-test-3.2.0.RELEASE.jar:3.2.0.RELEASE]
	at org.springframework.test.context.junit4.statements.SpringRepeat.evaluate(SpringRepeat.java:72) [spring-test-3.2.0.RELEASE.jar:3.2.0.RELEASE]
	at org.springframework.test.context.junit4.SpringJUnit4ClassRunner.runChild(SpringJUnit4ClassRunner.java:231) [spring-test-3.2.0.RELEASE.jar:3.2.0.RELEASE]
	at org.springframework.test.context.junit4.SpringJUnit4ClassRunner.runChild(SpringJUnit4ClassRunner.java:88) [spring-test-3.2.0.RELEASE.jar:3.2.0.RELEASE]
	at org.junit.runners.ParentRunner$3.run(ParentRunner.java:231) [junit-4.10.jar:na]
	at org.junit.runners.ParentRunner$1.schedule(ParentRunner.java:60) [junit-4.10.jar:na]
	at org.junit.runners.ParentRunner.runChildren(ParentRunner.java:229) [junit-4.10.jar:na]
	at org.junit.runners.ParentRunner.access$000(ParentRunner.java:50) [junit-4.10.jar:na]
	at org.junit.runners.ParentRunner$2.evaluate(ParentRunner.java:222) [junit-4.10.jar:na]
	at org.springframework.test.context.junit4.statements.RunBeforeTestClassCallbacks.evaluate(RunBeforeTestClassCallbacks.java:61) [spring-test-3.2.0.RELEASE.jar:3.2.0.RELEASE]
	at org.springframework.test.context.junit4.statements.RunAfterTestClassCallbacks.evaluate(RunAfterTestClassCallbacks.java:71) [spring-test-3.2.0.RELEASE.jar:3.2.0.RELEASE]
	at org.junit.runners.ParentRunner.run(ParentRunner.java:300) [junit-4.10.jar:na]
	at org.springframework.test.context.junit4.SpringJUnit4ClassRunner.run(SpringJUnit4ClassRunner.java:174) [spring-test-3.2.0.RELEASE.jar:3.2.0.RELEASE]
	at org.junit.runners.Suite.runChild(Suite.java:128) [junit-4.10.jar:na]
	at org.junit.runners.Suite.runChild(Suite.java:24) [junit-4.10.jar:na]
	at org.junit.runners.ParentRunner$3.run(ParentRunner.java:231) [junit-4.10.jar:na]
	at org.junit.runners.ParentRunner$1.schedule(ParentRunner.java:60) [junit-4.10.jar:na]
	at org.junit.runners.ParentRunner.runChildren(ParentRunner.java:229) [junit-4.10.jar:na]
	at org.junit.runners.ParentRunner.access$000(ParentRunner.java:50) [junit-4.10.jar:na]
	at org.junit.runners.ParentRunner$2.evaluate(ParentRunner.java:222) [junit-4.10.jar:na]
	at org.junit.runners.ParentRunner.run(ParentRunner.java:300) [junit-4.10.jar:na]
	at org.junit.runner.JUnitCore.run(JUnitCore.java:157) [junit-4.10.jar:na]
	at org.junit.runner.JUnitCore.run(JUnitCore.java:136) [junit-4.10.jar:na]
	at org.apache.maven.surefire.junitcore.JUnitCoreWrapper.createReqestAndRun(JUnitCoreWrapper.java:139) [surefire-junit47-2.15.jar:2.15]
	at org.apache.maven.surefire.junitcore.JUnitCoreWrapper.executeEager(JUnitCoreWrapper.java:111) [surefire-junit47-2.15.jar:2.15]
	at org.apache.maven.surefire.junitcore.JUnitCoreWrapper.execute(JUnitCoreWrapper.java:84) [surefire-junit47-2.15.jar:2.15]
	at org.apache.maven.surefire.junitcore.JUnitCoreProvider.invoke(JUnitCoreProvider.java:135) [surefire-junit47-2.15.jar:2.15]
	at org.apache.maven.surefire.booter.ForkedBooter.invokeProviderInSameClassLoader(ForkedBooter.java:200) [surefire-booter-2.15.jar:2.15]
	at org.apache.maven.surefire.booter.ForkedBooter.runSuitesInProcess(ForkedBooter.java:153) [surefire-booter-2.15.jar:2.15]
	at org.apache.maven.surefire.booter.ForkedBooter.main(ForkedBooter.java:103) [surefire-booter-2.15.jar:2.15]
15:21:29.532 [main] DEBUG o.m.c.f.m.i.AccessTokenCheckServiceImpl - r:{"uid":3226203843,"appkey":"966056985","scope":null,"create_at":1359623906,"expire_in":-45663690}
15:21:30.667 [main] DEBUG o.m.c.f.m.i.AccessTokenCheckServiceImpl - r:callback( {"error":100007,"error_description":"param access token is wrong or lost "} );

15:21:31.054 [main] DEBUG o.m.c.f.manager.impl.UserServiceImpl - requestParams:{"name":"617907867121111@qq.com","password":"123456"}
15:21:31.440 [main] DEBUG o.m.c.f.d.UserDao.getUserByUserName - ooo Using Connection [com.alibaba.druid.proxy.jdbc.ConnectionProxyImpl@28b08362]
15:21:31.463 [main] DEBUG o.m.c.f.d.UserDao.getUserByUserName - ==>  Preparing: select count(u.name) from user u where u.name = ? 
15:21:31.621 [main] DEBUG o.m.c.f.d.UserDao.getUserByUserName - ==> Parameters: 617907867121111@qq.com(String)
15:21:31.729 [main] DEBUG o.m.c.f.manager.impl.UserServiceImpl - username is exist!
15:21:31.762 [main] ERROR o.m.c.f.manager.impl.UserServiceImpl - register user failed! id {} null
org.mas.codehaus.finder.manager.exception.UserException: username is exist
	at org.mas.codehaus.finder.manager.impl.UserServiceImpl.register(UserServiceImpl.java:50) ~[classes/:na]
	at sun.reflect.NativeMethodAccessorImpl.invoke0(Native Method) ~[na:1.7.0_45]
	at sun.reflect.NativeMethodAccessorImpl.invoke(Unknown Source) ~[na:1.7.0_45]
	at sun.reflect.DelegatingMethodAccessorImpl.invoke(Unknown Source) ~[na:1.7.0_45]
	at java.lang.reflect.Method.invoke(Unknown Source) ~[na:1.7.0_45]
	at org.springframework.aop.support.AopUtils.invokeJoinpointUsingReflection(AopUtils.java:317) [spring-aop-3.2.0.RELEASE.jar:3.2.0.RELEASE]
	at org.springframework.aop.framework.ReflectiveMethodInvocation.invokeJoinpoint(ReflectiveMethodInvocation.java:183) [spring-aop-3.2.0.RELEASE.jar:3.2.0.RELEASE]
	at org.springframework.aop.framework.ReflectiveMethodInvocation.proceed(ReflectiveMethodInvocation.java:150) [spring-aop-3.2.0.RELEASE.jar:3.2.0.RELEASE]
	at org.springframework.transaction.interceptor.TransactionInterceptor.invoke(TransactionInterceptor.java:110) [spring-tx-3.1.1.RELEASE.jar:3.1.1.RELEASE]
	at org.springframework.aop.framework.ReflectiveMethodInvocation.proceed(ReflectiveMethodInvocation.java:172) [spring-aop-3.2.0.RELEASE.jar:3.2.0.RELEASE]
	at org.springframework.aop.framework.JdkDynamicAopProxy.invoke(JdkDynamicAopProxy.java:204) [spring-aop-3.2.0.RELEASE.jar:3.2.0.RELEASE]
	at com.sun.proxy.$Proxy16.register(Unknown Source) [na:na]
	at org.mas.codehaus.finder.manager.UserServiceImplTest.testRegister(UserServiceImplTest.java:28) [test-classes/:na]
	at sun.reflect.NativeMethodAccessorImpl.invoke0(Native Method) ~[na:1.7.0_45]
	at sun.reflect.NativeMethodAccessorImpl.invoke(Unknown Source) ~[na:1.7.0_45]
	at sun.reflect.DelegatingMethodAccessorImpl.invoke(Unknown Source) ~[na:1.7.0_45]
	at java.lang.reflect.Method.invoke(Unknown Source) ~[na:1.7.0_45]
	at org.junit.runners.model.FrameworkMethod$1.runReflectiveCall(FrameworkMethod.java:45) [junit-4.10.jar:na]
	at org.junit.internal.runners.model.ReflectiveCallable.run(ReflectiveCallable.java:15) [junit-4.10.jar:na]
	at org.junit.runners.model.FrameworkMethod.invokeExplosively(FrameworkMethod.java:42) [junit-4.10.jar:na]
	at org.junit.internal.runners.statements.InvokeMethod.evaluate(InvokeMethod.java:20) [junit-4.10.jar:na]
	at org.springframework.test.context.junit4.statements.RunBeforeTestMethodCallbacks.evaluate(RunBeforeTestMethodCallbacks.java:74) [spring-test-3.2.0.RELEASE.jar:3.2.0.RELEASE]
	at org.springframework.test.context.junit4.statements.RunAfterTestMethodCallbacks.evaluate(RunAfterTestMethodCallbacks.java:83) [spring-test-3.2.0.RELEASE.jar:3.2.0.RELEASE]
	at org.springframework.test.context.junit4.statements.SpringRepeat.evaluate(SpringRepeat.java:72) [spring-test-3.2.0.RELEASE.jar:3.2.0.RELEASE]
	at org.springframework.test.context.junit4.SpringJUnit4ClassRunner.runChild(SpringJUnit4ClassRunner.java:231) [spring-test-3.2.0.RELEASE.jar:3.2.0.RELEASE]
	at org.springframework.test.context.junit4.SpringJUnit4ClassRunner.runChild(SpringJUnit4ClassRunner.java:88) [spring-test-3.2.0.RELEASE.jar:3.2.0.RELEASE]
	at org.junit.runners.ParentRunner$3.run(ParentRunner.java:231) [junit-4.10.jar:na]
	at org.junit.runners.ParentRunner$1.schedule(ParentRunner.java:60) [junit-4.10.jar:na]
	at org.junit.runners.ParentRunner.runChildren(ParentRunner.java:229) [junit-4.10.jar:na]
	at org.junit.runners.ParentRunner.access$000(ParentRunner.java:50) [junit-4.10.jar:na]
	at org.junit.runners.ParentRunner$2.evaluate(ParentRunner.java:222) [junit-4.10.jar:na]
	at org.springframework.test.context.junit4.statements.RunBeforeTestClassCallbacks.evaluate(RunBeforeTestClassCallbacks.java:61) [spring-test-3.2.0.RELEASE.jar:3.2.0.RELEASE]
	at org.springframework.test.context.junit4.statements.RunAfterTestClassCallbacks.evaluate(RunAfterTestClassCallbacks.java:71) [spring-test-3.2.0.RELEASE.jar:3.2.0.RELEASE]
	at org.junit.runners.ParentRunner.run(ParentRunner.java:300) [junit-4.10.jar:na]
	at org.springframework.test.context.junit4.SpringJUnit4ClassRunner.run(SpringJUnit4ClassRunner.java:174) [spring-test-3.2.0.RELEASE.jar:3.2.0.RELEASE]
	at org.junit.runners.Suite.runChild(Suite.java:128) [junit-4.10.jar:na]
	at org.junit.runners.Suite.runChild(Suite.java:24) [junit-4.10.jar:na]
	at org.junit.runners.ParentRunner$3.run(ParentRunner.java:231) [junit-4.10.jar:na]
	at org.junit.runners.ParentRunner$1.schedule(ParentRunner.java:60) [junit-4.10.jar:na]
	at org.junit.runners.ParentRunner.runChildren(ParentRunner.java:229) [junit-4.10.jar:na]
	at org.junit.runners.ParentRunner.access$000(ParentRunner.java:50) [junit-4.10.jar:na]
	at org.junit.runners.ParentRunner$2.evaluate(ParentRunner.java:222) [junit-4.10.jar:na]
	at org.junit.runners.ParentRunner.run(ParentRunner.java:300) [junit-4.10.jar:na]
	at org.junit.runner.JUnitCore.run(JUnitCore.java:157) [junit-4.10.jar:na]
	at org.junit.runner.JUnitCore.run(JUnitCore.java:136) [junit-4.10.jar:na]
	at org.apache.maven.surefire.junitcore.JUnitCoreWrapper.createReqestAndRun(JUnitCoreWrapper.java:139) [surefire-junit47-2.15.jar:2.15]
	at org.apache.maven.surefire.junitcore.JUnitCoreWrapper.executeEager(JUnitCoreWrapper.java:111) [surefire-junit47-2.15.jar:2.15]
	at org.apache.maven.surefire.junitcore.JUnitCoreWrapper.execute(JUnitCoreWrapper.java:84) [surefire-junit47-2.15.jar:2.15]
	at org.apache.maven.surefire.junitcore.JUnitCoreProvider.invoke(JUnitCoreProvider.java:135) [surefire-junit47-2.15.jar:2.15]
	at org.apache.maven.surefire.booter.ForkedBooter.invokeProviderInSameClassLoader(ForkedBooter.java:200) [surefire-booter-2.15.jar:2.15]
	at org.apache.maven.surefire.booter.ForkedBooter.runSuitesInProcess(ForkedBooter.java:153) [surefire-booter-2.15.jar:2.15]
	at org.apache.maven.surefire.booter.ForkedBooter.main(ForkedBooter.java:103) [surefire-booter-2.15.jar:2.15]
15:22:32.969 [main] DEBUG o.m.c.f.m.i.AccessTokenCheckServiceImpl - r:{"uid":3226203843,"appkey":"966056985","scope":null,"create_at":1359623906,"expire_in":-45663755}
15:22:34.713 [main] DEBUG o.m.c.f.m.i.AccessTokenCheckServiceImpl - r:callback( {"error":100007,"error_description":"param access token is wrong or lost "} );

15:22:35.089 [main] DEBUG o.m.c.f.manager.impl.UserServiceImpl - requestParams:{"name":"617907867121111@qq.com","password":"123456"}
15:22:35.348 [main] DEBUG o.m.c.f.d.UserDao.getUserByUserName - ooo Using Connection [com.alibaba.druid.proxy.jdbc.ConnectionProxyImpl@d0c51d7]
15:22:35.382 [main] DEBUG o.m.c.f.d.UserDao.getUserByUserName - ==>  Preparing: select count(u.name) from user u where u.name = ? 
15:22:35.575 [main] DEBUG o.m.c.f.d.UserDao.getUserByUserName - ==> Parameters: 617907867121111@qq.com(String)
15:22:35.697 [main] DEBUG o.m.c.f.manager.impl.UserServiceImpl - username is exist!
15:22:35.723 [main] ERROR o.m.c.f.manager.impl.UserServiceImpl - register user failed! id {} null
org.mas.codehaus.finder.manager.exception.UserException: username is exist
	at org.mas.codehaus.finder.manager.impl.UserServiceImpl.register(UserServiceImpl.java:50) ~[classes/:na]
	at sun.reflect.NativeMethodAccessorImpl.invoke0(Native Method) ~[na:1.7.0_45]
	at sun.reflect.NativeMethodAccessorImpl.invoke(NativeMethodAccessorImpl.java:57) ~[na:1.7.0_45]
	at sun.reflect.DelegatingMethodAccessorImpl.invoke(DelegatingMethodAccessorImpl.java:43) ~[na:1.7.0_45]
	at java.lang.reflect.Method.invoke(Method.java:606) ~[na:1.7.0_45]
	at org.springframework.aop.support.AopUtils.invokeJoinpointUsingReflection(AopUtils.java:317) [spring-aop-3.2.0.RELEASE.jar:3.2.0.RELEASE]
	at org.springframework.aop.framework.ReflectiveMethodInvocation.invokeJoinpoint(ReflectiveMethodInvocation.java:183) [spring-aop-3.2.0.RELEASE.jar:3.2.0.RELEASE]
	at org.springframework.aop.framework.ReflectiveMethodInvocation.proceed(ReflectiveMethodInvocation.java:150) [spring-aop-3.2.0.RELEASE.jar:3.2.0.RELEASE]
	at org.springframework.transaction.interceptor.TransactionInterceptor.invoke(TransactionInterceptor.java:110) [spring-tx-3.1.1.RELEASE.jar:3.1.1.RELEASE]
	at org.springframework.aop.framework.ReflectiveMethodInvocation.proceed(ReflectiveMethodInvocation.java:172) [spring-aop-3.2.0.RELEASE.jar:3.2.0.RELEASE]
	at org.springframework.aop.framework.JdkDynamicAopProxy.invoke(JdkDynamicAopProxy.java:204) [spring-aop-3.2.0.RELEASE.jar:3.2.0.RELEASE]
	at com.sun.proxy.$Proxy16.register(Unknown Source) [na:na]
	at org.mas.codehaus.finder.manager.UserServiceImplTest.testRegister(UserServiceImplTest.java:28) [test-classes/:na]
	at sun.reflect.NativeMethodAccessorImpl.invoke0(Native Method) ~[na:1.7.0_45]
	at sun.reflect.NativeMethodAccessorImpl.invoke(NativeMethodAccessorImpl.java:57) ~[na:1.7.0_45]
	at sun.reflect.DelegatingMethodAccessorImpl.invoke(DelegatingMethodAccessorImpl.java:43) ~[na:1.7.0_45]
	at java.lang.reflect.Method.invoke(Method.java:606) ~[na:1.7.0_45]
	at org.junit.runners.model.FrameworkMethod$1.runReflectiveCall(FrameworkMethod.java:45) [junit-4.10.jar:na]
	at org.junit.internal.runners.model.ReflectiveCallable.run(ReflectiveCallable.java:15) [junit-4.10.jar:na]
	at org.junit.runners.model.FrameworkMethod.invokeExplosively(FrameworkMethod.java:42) [junit-4.10.jar:na]
	at org.junit.internal.runners.statements.InvokeMethod.evaluate(InvokeMethod.java:20) [junit-4.10.jar:na]
	at org.springframework.test.context.junit4.statements.RunBeforeTestMethodCallbacks.evaluate(RunBeforeTestMethodCallbacks.java:74) [spring-test-3.2.0.RELEASE.jar:3.2.0.RELEASE]
	at org.springframework.test.context.junit4.statements.RunAfterTestMethodCallbacks.evaluate(RunAfterTestMethodCallbacks.java:83) [spring-test-3.2.0.RELEASE.jar:3.2.0.RELEASE]
	at org.springframework.test.context.junit4.statements.SpringRepeat.evaluate(SpringRepeat.java:72) [spring-test-3.2.0.RELEASE.jar:3.2.0.RELEASE]
	at org.springframework.test.context.junit4.SpringJUnit4ClassRunner.runChild(SpringJUnit4ClassRunner.java:231) [spring-test-3.2.0.RELEASE.jar:3.2.0.RELEASE]
	at org.springframework.test.context.junit4.SpringJUnit4ClassRunner.runChild(SpringJUnit4ClassRunner.java:88) [spring-test-3.2.0.RELEASE.jar:3.2.0.RELEASE]
	at org.junit.runners.ParentRunner$3.run(ParentRunner.java:231) [junit-4.10.jar:na]
	at org.junit.runners.ParentRunner$1.schedule(ParentRunner.java:60) [junit-4.10.jar:na]
	at org.junit.runners.ParentRunner.runChildren(ParentRunner.java:229) [junit-4.10.jar:na]
	at org.junit.runners.ParentRunner.access$000(ParentRunner.java:50) [junit-4.10.jar:na]
	at org.junit.runners.ParentRunner$2.evaluate(ParentRunner.java:222) [junit-4.10.jar:na]
	at org.springframework.test.context.junit4.statements.RunBeforeTestClassCallbacks.evaluate(RunBeforeTestClassCallbacks.java:61) [spring-test-3.2.0.RELEASE.jar:3.2.0.RELEASE]
	at org.springframework.test.context.junit4.statements.RunAfterTestClassCallbacks.evaluate(RunAfterTestClassCallbacks.java:71) [spring-test-3.2.0.RELEASE.jar:3.2.0.RELEASE]
	at org.junit.runners.ParentRunner.run(ParentRunner.java:300) [junit-4.10.jar:na]
	at org.springframework.test.context.junit4.SpringJUnit4ClassRunner.run(SpringJUnit4ClassRunner.java:174) [spring-test-3.2.0.RELEASE.jar:3.2.0.RELEASE]
	at org.junit.runners.Suite.runChild(Suite.java:128) [junit-4.10.jar:na]
	at org.junit.runners.Suite.runChild(Suite.java:24) [junit-4.10.jar:na]
	at org.junit.runners.ParentRunner$3.run(ParentRunner.java:231) [junit-4.10.jar:na]
	at org.junit.runners.ParentRunner$1.schedule(ParentRunner.java:60) [junit-4.10.jar:na]
	at org.junit.runners.ParentRunner.runChildren(ParentRunner.java:229) [junit-4.10.jar:na]
	at org.junit.runners.ParentRunner.access$000(ParentRunner.java:50) [junit-4.10.jar:na]
	at org.junit.runners.ParentRunner$2.evaluate(ParentRunner.java:222) [junit-4.10.jar:na]
	at org.junit.runners.ParentRunner.run(ParentRunner.java:300) [junit-4.10.jar:na]
	at org.junit.runner.JUnitCore.run(JUnitCore.java:157) [junit-4.10.jar:na]
	at org.junit.runner.JUnitCore.run(JUnitCore.java:136) [junit-4.10.jar:na]
	at org.apache.maven.surefire.junitcore.JUnitCoreWrapper.createReqestAndRun(JUnitCoreWrapper.java:139) [surefire-junit47-2.15.jar:2.15]
	at org.apache.maven.surefire.junitcore.JUnitCoreWrapper.executeEager(JUnitCoreWrapper.java:111) [surefire-junit47-2.15.jar:2.15]
	at org.apache.maven.surefire.junitcore.JUnitCoreWrapper.execute(JUnitCoreWrapper.java:84) [surefire-junit47-2.15.jar:2.15]
	at org.apache.maven.surefire.junitcore.JUnitCoreProvider.invoke(JUnitCoreProvider.java:135) [surefire-junit47-2.15.jar:2.15]
	at org.apache.maven.surefire.booter.ForkedBooter.invokeProviderInSameClassLoader(ForkedBooter.java:200) [surefire-booter-2.15.jar:2.15]
	at org.apache.maven.surefire.booter.ForkedBooter.runSuitesInProcess(ForkedBooter.java:153) [surefire-booter-2.15.jar:2.15]
	at org.apache.maven.surefire.booter.ForkedBooter.main(ForkedBooter.java:103) [surefire-booter-2.15.jar:2.15]
15:40:32.279 [main] DEBUG o.m.c.f.m.i.AccessTokenCheckServiceImpl - r:{"uid":3226203843,"appkey":"966056985","scope":null,"create_at":1359623906,"expire_in":-45664832}
15:40:36.302 [main] DEBUG o.m.c.f.m.i.AccessTokenCheckServiceImpl - r:callback( {"error":100007,"error_description":"param access token is wrong or lost "} );

15:40:36.715 [main] DEBUG o.m.c.f.manager.impl.UserServiceImpl - requestParams:{"name":"617907867121111@qq.com","password":"123456"}
15:40:36.940 [main] DEBUG o.m.c.f.d.UserDao.getUserByUserName - ooo Using Connection [com.alibaba.druid.proxy.jdbc.ConnectionProxyImpl@4f9b02ed]
15:40:36.964 [main] DEBUG o.m.c.f.d.UserDao.getUserByUserName - ==>  Preparing: select count(u.name) from user u where u.name = ? 
15:40:37.111 [main] DEBUG o.m.c.f.d.UserDao.getUserByUserName - ==> Parameters: 617907867121111@qq.com(String)
15:40:37.256 [main] DEBUG o.m.c.f.manager.impl.UserServiceImpl - username is exist!
15:40:37.273 [main] ERROR o.m.c.f.manager.impl.UserServiceImpl - register user failed! id {} null
org.mas.codehaus.finder.manager.exception.UserException: username is exist
	at org.mas.codehaus.finder.manager.impl.UserServiceImpl.register(UserServiceImpl.java:50) ~[classes/:na]
	at sun.reflect.NativeMethodAccessorImpl.invoke0(Native Method) ~[na:1.7.0_45]
	at sun.reflect.NativeMethodAccessorImpl.invoke(NativeMethodAccessorImpl.java:57) ~[na:1.7.0_45]
	at sun.reflect.DelegatingMethodAccessorImpl.invoke(DelegatingMethodAccessorImpl.java:43) ~[na:1.7.0_45]
	at java.lang.reflect.Method.invoke(Method.java:606) ~[na:1.7.0_45]
	at org.springframework.aop.support.AopUtils.invokeJoinpointUsingReflection(AopUtils.java:317) [spring-aop-3.2.0.RELEASE.jar:3.2.0.RELEASE]
	at org.springframework.aop.framework.ReflectiveMethodInvocation.invokeJoinpoint(ReflectiveMethodInvocation.java:183) [spring-aop-3.2.0.RELEASE.jar:3.2.0.RELEASE]
	at org.springframework.aop.framework.ReflectiveMethodInvocation.proceed(ReflectiveMethodInvocation.java:150) [spring-aop-3.2.0.RELEASE.jar:3.2.0.RELEASE]
	at org.springframework.transaction.interceptor.TransactionInterceptor.invoke(TransactionInterceptor.java:110) [spring-tx-3.1.1.RELEASE.jar:3.1.1.RELEASE]
	at org.springframework.aop.framework.ReflectiveMethodInvocation.proceed(ReflectiveMethodInvocation.java:172) [spring-aop-3.2.0.RELEASE.jar:3.2.0.RELEASE]
	at org.springframework.aop.framework.JdkDynamicAopProxy.invoke(JdkDynamicAopProxy.java:204) [spring-aop-3.2.0.RELEASE.jar:3.2.0.RELEASE]
	at com.sun.proxy.$Proxy16.register(Unknown Source) [na:na]
	at org.mas.codehaus.finder.manager.UserServiceImplTest.testRegister(UserServiceImplTest.java:28) [test-classes/:na]
	at sun.reflect.NativeMethodAccessorImpl.invoke0(Native Method) ~[na:1.7.0_45]
	at sun.reflect.NativeMethodAccessorImpl.invoke(NativeMethodAccessorImpl.java:57) ~[na:1.7.0_45]
	at sun.reflect.DelegatingMethodAccessorImpl.invoke(DelegatingMethodAccessorImpl.java:43) ~[na:1.7.0_45]
	at java.lang.reflect.Method.invoke(Method.java:606) ~[na:1.7.0_45]
	at org.junit.runners.model.FrameworkMethod$1.runReflectiveCall(FrameworkMethod.java:45) [junit-4.10.jar:na]
	at org.junit.internal.runners.model.ReflectiveCallable.run(ReflectiveCallable.java:15) [junit-4.10.jar:na]
	at org.junit.runners.model.FrameworkMethod.invokeExplosively(FrameworkMethod.java:42) [junit-4.10.jar:na]
	at org.junit.internal.runners.statements.InvokeMethod.evaluate(InvokeMethod.java:20) [junit-4.10.jar:na]
	at org.springframework.test.context.junit4.statements.RunBeforeTestMethodCallbacks.evaluate(RunBeforeTestMethodCallbacks.java:74) [spring-test-3.2.0.RELEASE.jar:3.2.0.RELEASE]
	at org.springframework.test.context.junit4.statements.RunAfterTestMethodCallbacks.evaluate(RunAfterTestMethodCallbacks.java:83) [spring-test-3.2.0.RELEASE.jar:3.2.0.RELEASE]
	at org.springframework.test.context.junit4.statements.SpringRepeat.evaluate(SpringRepeat.java:72) [spring-test-3.2.0.RELEASE.jar:3.2.0.RELEASE]
	at org.springframework.test.context.junit4.SpringJUnit4ClassRunner.runChild(SpringJUnit4ClassRunner.java:231) [spring-test-3.2.0.RELEASE.jar:3.2.0.RELEASE]
	at org.springframework.test.context.junit4.SpringJUnit4ClassRunner.runChild(SpringJUnit4ClassRunner.java:88) [spring-test-3.2.0.RELEASE.jar:3.2.0.RELEASE]
	at org.junit.runners.ParentRunner$3.run(ParentRunner.java:231) [junit-4.10.jar:na]
	at org.junit.runners.ParentRunner$1.schedule(ParentRunner.java:60) [junit-4.10.jar:na]
	at org.junit.runners.ParentRunner.runChildren(ParentRunner.java:229) [junit-4.10.jar:na]
	at org.junit.runners.ParentRunner.access$000(ParentRunner.java:50) [junit-4.10.jar:na]
	at org.junit.runners.ParentRunner$2.evaluate(ParentRunner.java:222) [junit-4.10.jar:na]
	at org.springframework.test.context.junit4.statements.RunBeforeTestClassCallbacks.evaluate(RunBeforeTestClassCallbacks.java:61) [spring-test-3.2.0.RELEASE.jar:3.2.0.RELEASE]
	at org.springframework.test.context.junit4.statements.RunAfterTestClassCallbacks.evaluate(RunAfterTestClassCallbacks.java:71) [spring-test-3.2.0.RELEASE.jar:3.2.0.RELEASE]
	at org.junit.runners.ParentRunner.run(ParentRunner.java:300) [junit-4.10.jar:na]
	at org.springframework.test.context.junit4.SpringJUnit4ClassRunner.run(SpringJUnit4ClassRunner.java:174) [spring-test-3.2.0.RELEASE.jar:3.2.0.RELEASE]
	at org.junit.runners.Suite.runChild(Suite.java:128) [junit-4.10.jar:na]
	at org.junit.runners.Suite.runChild(Suite.java:24) [junit-4.10.jar:na]
	at org.junit.runners.ParentRunner$3.run(ParentRunner.java:231) [junit-4.10.jar:na]
	at org.junit.runners.ParentRunner$1.schedule(ParentRunner.java:60) [junit-4.10.jar:na]
	at org.junit.runners.ParentRunner.runChildren(ParentRunner.java:229) [junit-4.10.jar:na]
	at org.junit.runners.ParentRunner.access$000(ParentRunner.java:50) [junit-4.10.jar:na]
	at org.junit.runners.ParentRunner$2.evaluate(ParentRunner.java:222) [junit-4.10.jar:na]
	at org.junit.runners.ParentRunner.run(ParentRunner.java:300) [junit-4.10.jar:na]
	at org.junit.runner.JUnitCore.run(JUnitCore.java:157) [junit-4.10.jar:na]
	at org.junit.runner.JUnitCore.run(JUnitCore.java:136) [junit-4.10.jar:na]
	at org.apache.maven.surefire.junitcore.JUnitCoreWrapper.createReqestAndRun(JUnitCoreWrapper.java:139) [surefire-junit47-2.15.jar:2.15]
	at org.apache.maven.surefire.junitcore.JUnitCoreWrapper.executeEager(JUnitCoreWrapper.java:111) [surefire-junit47-2.15.jar:2.15]
	at org.apache.maven.surefire.junitcore.JUnitCoreWrapper.execute(JUnitCoreWrapper.java:84) [surefire-junit47-2.15.jar:2.15]
	at org.apache.maven.surefire.junitcore.JUnitCoreProvider.invoke(JUnitCoreProvider.java:135) [surefire-junit47-2.15.jar:2.15]
	at org.apache.maven.surefire.booter.ForkedBooter.invokeProviderInSameClassLoader(ForkedBooter.java:200) [surefire-booter-2.15.jar:2.15]
	at org.apache.maven.surefire.booter.ForkedBooter.runSuitesInProcess(ForkedBooter.java:153) [surefire-booter-2.15.jar:2.15]
	at org.apache.maven.surefire.booter.ForkedBooter.main(ForkedBooter.java:103) [surefire-booter-2.15.jar:2.15]
16:05:15.210 [main] DEBUG o.m.c.f.m.i.AccessTokenCheckServiceImpl - r:{"uid":3226203843,"appkey":"966056985","scope":null,"create_at":1359623906,"expire_in":-45666315}
16:05:17.829 [main] DEBUG o.m.c.f.m.i.AccessTokenCheckServiceImpl - r:callback( {"error":100007,"error_description":"param access token is wrong or lost "} );

16:05:18.083 [main] DEBUG o.m.c.f.manager.impl.UserServiceImpl - requestParams:{"name":"617907867121111@qq.com","password":"123456"}
16:05:18.255 [main] DEBUG o.m.c.f.d.UserDao.getUserByUserName - ooo Using Connection [com.alibaba.druid.proxy.jdbc.ConnectionProxyImpl@8ef177]
16:05:18.265 [main] DEBUG o.m.c.f.d.UserDao.getUserByUserName - ==>  Preparing: select count(u.name) from user u where u.name = ? 
16:05:18.392 [main] DEBUG o.m.c.f.d.UserDao.getUserByUserName - ==> Parameters: 617907867121111@qq.com(String)
16:05:18.893 [main] DEBUG o.m.c.f.manager.impl.UserServiceImpl - username is exist!
16:05:18.908 [main] ERROR o.m.c.f.manager.impl.UserServiceImpl - register user failed! id {} null
org.mas.codehaus.finder.manager.exception.UserException: username is exist
	at org.mas.codehaus.finder.manager.impl.UserServiceImpl.register(UserServiceImpl.java:50) ~[classes/:na]
	at sun.reflect.NativeMethodAccessorImpl.invoke0(Native Method) ~[na:1.6.0_10-rc2]
	at sun.reflect.NativeMethodAccessorImpl.invoke(NativeMethodAccessorImpl.java:39) ~[na:1.6.0_10-rc2]
	at sun.reflect.DelegatingMethodAccessorImpl.invoke(DelegatingMethodAccessorImpl.java:25) ~[na:1.6.0_10-rc2]
	at java.lang.reflect.Method.invoke(Method.java:597) ~[na:1.6.0_10-rc2]
	at org.springframework.aop.support.AopUtils.invokeJoinpointUsingReflection(AopUtils.java:317) [spring-aop-3.2.0.RELEASE.jar:3.2.0.RELEASE]
	at org.springframework.aop.framework.ReflectiveMethodInvocation.invokeJoinpoint(ReflectiveMethodInvocation.java:183) [spring-aop-3.2.0.RELEASE.jar:3.2.0.RELEASE]
	at org.springframework.aop.framework.ReflectiveMethodInvocation.proceed(ReflectiveMethodInvocation.java:150) [spring-aop-3.2.0.RELEASE.jar:3.2.0.RELEASE]
	at org.springframework.transaction.interceptor.TransactionInterceptor.invoke(TransactionInterceptor.java:110) [spring-tx-3.1.1.RELEASE.jar:3.1.1.RELEASE]
	at org.springframework.aop.framework.ReflectiveMethodInvocation.proceed(ReflectiveMethodInvocation.java:172) [spring-aop-3.2.0.RELEASE.jar:3.2.0.RELEASE]
	at org.springframework.aop.framework.JdkDynamicAopProxy.invoke(JdkDynamicAopProxy.java:204) [spring-aop-3.2.0.RELEASE.jar:3.2.0.RELEASE]
	at $Proxy15.register(Unknown Source) [na:na]
	at org.mas.codehaus.finder.manager.UserServiceImplTest.testRegister(UserServiceImplTest.java:28) [test-classes/:na]
	at sun.reflect.NativeMethodAccessorImpl.invoke0(Native Method) ~[na:1.6.0_10-rc2]
	at sun.reflect.NativeMethodAccessorImpl.invoke(NativeMethodAccessorImpl.java:39) ~[na:1.6.0_10-rc2]
	at sun.reflect.DelegatingMethodAccessorImpl.invoke(DelegatingMethodAccessorImpl.java:25) ~[na:1.6.0_10-rc2]
	at java.lang.reflect.Method.invoke(Method.java:597) ~[na:1.6.0_10-rc2]
	at org.junit.runners.model.FrameworkMethod$1.runReflectiveCall(FrameworkMethod.java:45) [junit-4.10.jar:na]
	at org.junit.internal.runners.model.ReflectiveCallable.run(ReflectiveCallable.java:15) [junit-4.10.jar:na]
	at org.junit.runners.model.FrameworkMethod.invokeExplosively(FrameworkMethod.java:42) [junit-4.10.jar:na]
	at org.junit.internal.runners.statements.InvokeMethod.evaluate(InvokeMethod.java:20) [junit-4.10.jar:na]
	at org.springframework.test.context.junit4.statements.RunBeforeTestMethodCallbacks.evaluate(RunBeforeTestMethodCallbacks.java:74) [spring-test-3.2.0.RELEASE.jar:3.2.0.RELEASE]
	at org.springframework.test.context.junit4.statements.RunAfterTestMethodCallbacks.evaluate(RunAfterTestMethodCallbacks.java:83) [spring-test-3.2.0.RELEASE.jar:3.2.0.RELEASE]
	at org.springframework.test.context.junit4.statements.SpringRepeat.evaluate(SpringRepeat.java:72) [spring-test-3.2.0.RELEASE.jar:3.2.0.RELEASE]
	at org.springframework.test.context.junit4.SpringJUnit4ClassRunner.runChild(SpringJUnit4ClassRunner.java:231) [spring-test-3.2.0.RELEASE.jar:3.2.0.RELEASE]
	at org.springframework.test.context.junit4.SpringJUnit4ClassRunner.runChild(SpringJUnit4ClassRunner.java:88) [spring-test-3.2.0.RELEASE.jar:3.2.0.RELEASE]
	at org.junit.runners.ParentRunner$3.run(ParentRunner.java:231) [junit-4.10.jar:na]
	at org.junit.runners.ParentRunner$1.schedule(ParentRunner.java:60) [junit-4.10.jar:na]
	at org.junit.runners.ParentRunner.runChildren(ParentRunner.java:229) [junit-4.10.jar:na]
	at org.junit.runners.ParentRunner.access$000(ParentRunner.java:50) [junit-4.10.jar:na]
	at org.junit.runners.ParentRunner$2.evaluate(ParentRunner.java:222) [junit-4.10.jar:na]
	at org.springframework.test.context.junit4.statements.RunBeforeTestClassCallbacks.evaluate(RunBeforeTestClassCallbacks.java:61) [spring-test-3.2.0.RELEASE.jar:3.2.0.RELEASE]
	at org.springframework.test.context.junit4.statements.RunAfterTestClassCallbacks.evaluate(RunAfterTestClassCallbacks.java:71) [spring-test-3.2.0.RELEASE.jar:3.2.0.RELEASE]
	at org.junit.runners.ParentRunner.run(ParentRunner.java:300) [junit-4.10.jar:na]
	at org.springframework.test.context.junit4.SpringJUnit4ClassRunner.run(SpringJUnit4ClassRunner.java:174) [spring-test-3.2.0.RELEASE.jar:3.2.0.RELEASE]
	at org.junit.runners.Suite.runChild(Suite.java:128) [junit-4.10.jar:na]
	at org.junit.runners.Suite.runChild(Suite.java:24) [junit-4.10.jar:na]
	at org.junit.runners.ParentRunner$3.run(ParentRunner.java:231) [junit-4.10.jar:na]
	at org.junit.runners.ParentRunner$1.schedule(ParentRunner.java:60) [junit-4.10.jar:na]
	at org.junit.runners.ParentRunner.runChildren(ParentRunner.java:229) [junit-4.10.jar:na]
	at org.junit.runners.ParentRunner.access$000(ParentRunner.java:50) [junit-4.10.jar:na]
	at org.junit.runners.ParentRunner$2.evaluate(ParentRunner.java:222) [junit-4.10.jar:na]
	at org.junit.runners.ParentRunner.run(ParentRunner.java:300) [junit-4.10.jar:na]
	at org.junit.runner.JUnitCore.run(JUnitCore.java:157) [junit-4.10.jar:na]
	at org.junit.runner.JUnitCore.run(JUnitCore.java:136) [junit-4.10.jar:na]
	at org.apache.maven.surefire.junitcore.JUnitCoreWrapper.createReqestAndRun(JUnitCoreWrapper.java:139) [surefire-junit47-2.15.jar:2.15]
	at org.apache.maven.surefire.junitcore.JUnitCoreWrapper.executeEager(JUnitCoreWrapper.java:111) [surefire-junit47-2.15.jar:2.15]
	at org.apache.maven.surefire.junitcore.JUnitCoreWrapper.execute(JUnitCoreWrapper.java:84) [surefire-junit47-2.15.jar:2.15]
	at org.apache.maven.surefire.junitcore.JUnitCoreProvider.invoke(JUnitCoreProvider.java:135) [surefire-junit47-2.15.jar:2.15]
	at org.apache.maven.surefire.booter.ForkedBooter.invokeProviderInSameClassLoader(ForkedBooter.java:200) [surefire-booter-2.15.jar:2.15]
	at org.apache.maven.surefire.booter.ForkedBooter.runSuitesInProcess(ForkedBooter.java:153) [surefire-booter-2.15.jar:2.15]
	at org.apache.maven.surefire.booter.ForkedBooter.main(ForkedBooter.java:103) [surefire-booter-2.15.jar:2.15]
