14:36:53.862 [qtp211455773-23] DEBUG o.m.c.f.manager.impl.UserServiceImpl - requestParams:{}
14:36:53.964 [qtp211455773-23] ERROR o.m.c.f.manager.impl.UserServiceImpl - register user failed! id: null
org.mas.codehaus.finder.common.web.exception.FinderException: username is empty
	at org.mas.codehaus.finder.common.CheckParams.checkParameterNotNull(CheckParams.java:16) ~[classes/:na]
	at org.mas.codehaus.finder.common.CheckParams.getString(CheckParams.java:9) ~[classes/:na]
	at org.mas.codehaus.finder.manager.impl.UserServiceImpl.register(UserServiceImpl.java:38) ~[classes/:na]
	at sun.reflect.NativeMethodAccessorImpl.invoke0(Native Method) ~[na:1.7.0_45]
	at sun.reflect.NativeMethodAccessorImpl.invoke(NativeMethodAccessorImpl.java:57) ~[na:1.7.0_45]
	at sun.reflect.DelegatingMethodAccessorImpl.invoke(DelegatingMethodAccessorImpl.java:43) ~[na:1.7.0_45]
	at java.lang.reflect.Method.invoke(Method.java:606) ~[na:1.7.0_45]
	at org.springframework.aop.support.AopUtils.invokeJoinpointUsingReflection(AopUtils.java:317) [spring-aop-3.2.0.RELEASE.jar:3.2.0.RELEASE]
	at org.springframework.aop.framework.ReflectiveMethodInvocation.invokeJoinpoint(ReflectiveMethodInvocation.java:183) [spring-aop-3.2.0.RELEASE.jar:3.2.0.RELEASE]
	at org.springframework.aop.framework.ReflectiveMethodInvocation.proceed(ReflectiveMethodInvocation.java:150) [spring-aop-3.2.0.RELEASE.jar:3.2.0.RELEASE]
	at org.springframework.transaction.interceptor.TransactionInterceptor.invoke(TransactionInterceptor.java:110) [spring-tx-3.1.1.RELEASE.jar:3.1.1.RELEASE]
	at org.springframework.aop.framework.ReflectiveMethodInvocation.proceed(ReflectiveMethodInvocation.java:172) [spring-aop-3.2.0.RELEASE.jar:3.2.0.RELEASE]
	at org.springframework.aop.framework.JdkDynamicAopProxy.invoke(JdkDynamicAopProxy.java:204) [spring-aop-3.2.0.RELEASE.jar:3.2.0.RELEASE]
	at com.sun.proxy.$Proxy28.register(Unknown Source) [na:na]
	at org.mas.codehaus.finder.action.app.UserAction.register(UserAction.java:23) [classes/:na]
	at sun.reflect.NativeMethodAccessorImpl.invoke0(Native Method) ~[na:1.7.0_45]
	at sun.reflect.NativeMethodAccessorImpl.invoke(NativeMethodAccessorImpl.java:57) ~[na:1.7.0_45]
	at sun.reflect.DelegatingMethodAccessorImpl.invoke(DelegatingMethodAccessorImpl.java:43) ~[na:1.7.0_45]
	at java.lang.reflect.Method.invoke(Method.java:606) ~[na:1.7.0_45]
	at org.springframework.web.method.support.InvocableHandlerMethod.invoke(InvocableHandlerMethod.java:219) [spring-web-3.2.0.RELEASE.jar:3.2.0.RELEASE]
	at org.springframework.web.method.support.InvocableHandlerMethod.invokeForRequest(InvocableHandlerMethod.java:132) [spring-web-3.2.0.RELEASE.jar:3.2.0.RELEASE]
	at org.springframework.web.servlet.mvc.method.annotation.ServletInvocableHandlerMethod.invokeAndHandle(ServletInvocableHandlerMethod.java:104) [spring-webmvc-3.2.0.RELEASE.jar:3.2.0.RELEASE]
	at org.springframework.web.servlet.mvc.method.annotation.RequestMappingHandlerAdapter.invokeHandleMethod(RequestMappingHandlerAdapter.java:746) [spring-webmvc-3.2.0.RELEASE.jar:3.2.0.RELEASE]
	at org.springframework.web.servlet.mvc.method.annotation.RequestMappingHandlerAdapter.handleInternal(RequestMappingHandlerAdapter.java:687) [spring-webmvc-3.2.0.RELEASE.jar:3.2.0.RELEASE]
	at org.springframework.web.servlet.mvc.method.AbstractHandlerMethodAdapter.handle(AbstractHandlerMethodAdapter.java:80) [spring-webmvc-3.2.0.RELEASE.jar:3.2.0.RELEASE]
	at org.springframework.web.servlet.DispatcherServlet.doDispatch(DispatcherServlet.java:925) [spring-webmvc-3.2.0.RELEASE.jar:3.2.0.RELEASE]
	at org.springframework.web.servlet.DispatcherServlet.doService(DispatcherServlet.java:856) [spring-webmvc-3.2.0.RELEASE.jar:3.2.0.RELEASE]
	at org.springframework.web.servlet.FrameworkServlet.processRequest(FrameworkServlet.java:915) [spring-webmvc-3.2.0.RELEASE.jar:3.2.0.RELEASE]
	at org.springframework.web.servlet.FrameworkServlet.doGet(FrameworkServlet.java:811) [spring-webmvc-3.2.0.RELEASE.jar:3.2.0.RELEASE]
	at javax.servlet.http.HttpServlet.service(HttpServlet.java:735) [javax.servlet-3.0.0.v201112011016.jar:na]
	at org.springframework.web.servlet.FrameworkServlet.service(FrameworkServlet.java:796) [spring-webmvc-3.2.0.RELEASE.jar:3.2.0.RELEASE]
	at javax.servlet.http.HttpServlet.service(HttpServlet.java:848) [javax.servlet-3.0.0.v201112011016.jar:na]
	at org.eclipse.jetty.servlet.ServletHolder.handle(ServletHolder.java:684) [jetty-servlet-8.1.15.v20140411.jar:8.1.15.v20140411]
	at org.eclipse.jetty.servlet.ServletHandler$CachedChain.doFilter(ServletHandler.java:1496) [jetty-servlet-8.1.15.v20140411.jar:8.1.15.v20140411]
	at org.springframework.web.filter.CharacterEncodingFilter.doFilterInternal(CharacterEncodingFilter.java:88) [spring-web-3.2.0.RELEASE.jar:3.2.0.RELEASE]
	at org.springframework.web.filter.OncePerRequestFilter.doFilter(OncePerRequestFilter.java:107) [spring-web-3.2.0.RELEASE.jar:3.2.0.RELEASE]
	at org.eclipse.jetty.servlet.ServletHandler$CachedChain.doFilter(ServletHandler.java:1476) [jetty-servlet-8.1.15.v20140411.jar:8.1.15.v20140411]
	at org.eclipse.jetty.servlet.ServletHandler.doHandle(ServletHandler.java:501) [jetty-servlet-8.1.15.v20140411.jar:8.1.15.v20140411]
	at org.eclipse.jetty.server.handler.ScopedHandler.handle(ScopedHandler.java:137) [jetty-server-8.1.15.v20140411.jar:8.1.15.v20140411]
	at org.eclipse.jetty.security.SecurityHandler.handle(SecurityHandler.java:557) [jetty-security-8.1.15.v20140411.jar:8.1.15.v20140411]
	at org.eclipse.jetty.server.session.SessionHandler.doHandle(SessionHandler.java:231) [jetty-server-8.1.15.v20140411.jar:8.1.15.v20140411]
	at org.eclipse.jetty.server.handler.ContextHandler.doHandle(ContextHandler.java:1086) [jetty-server-8.1.15.v20140411.jar:8.1.15.v20140411]
	at org.eclipse.jetty.servlet.ServletHandler.doScope(ServletHandler.java:429) [jetty-servlet-8.1.15.v20140411.jar:8.1.15.v20140411]
	at org.eclipse.jetty.server.session.SessionHandler.doScope(SessionHandler.java:193) [jetty-server-8.1.15.v20140411.jar:8.1.15.v20140411]
	at org.eclipse.jetty.server.handler.ContextHandler.doScope(ContextHandler.java:1020) [jetty-server-8.1.15.v20140411.jar:8.1.15.v20140411]
	at org.eclipse.jetty.server.handler.ScopedHandler.handle(ScopedHandler.java:135) [jetty-server-8.1.15.v20140411.jar:8.1.15.v20140411]
	at org.eclipse.jetty.server.handler.ContextHandlerCollection.handle(ContextHandlerCollection.java:255) [jetty-server-8.1.15.v20140411.jar:8.1.15.v20140411]
	at org.eclipse.jetty.server.handler.HandlerCollection.handle(HandlerCollection.java:154) [jetty-server-8.1.15.v20140411.jar:8.1.15.v20140411]
	at org.eclipse.jetty.server.handler.HandlerWrapper.handle(HandlerWrapper.java:116) [jetty-server-8.1.15.v20140411.jar:8.1.15.v20140411]
	at org.eclipse.jetty.server.Server.handle(Server.java:370) [jetty-server-8.1.15.v20140411.jar:8.1.15.v20140411]
	at org.eclipse.jetty.server.AbstractHttpConnection.handleRequest(AbstractHttpConnection.java:494) [jetty-server-8.1.15.v20140411.jar:8.1.15.v20140411]
	at org.eclipse.jetty.server.AbstractHttpConnection.headerComplete(AbstractHttpConnection.java:971) [jetty-server-8.1.15.v20140411.jar:8.1.15.v20140411]
	at org.eclipse.jetty.server.AbstractHttpConnection$RequestHandler.headerComplete(AbstractHttpConnection.java:1033) [jetty-server-8.1.15.v20140411.jar:8.1.15.v20140411]
	at org.eclipse.jetty.http.HttpParser.parseNext(HttpParser.java:644) [jetty-http-8.1.15.v20140411.jar:8.1.15.v20140411]
	at org.eclipse.jetty.http.HttpParser.parseAvailable(HttpParser.java:235) [jetty-http-8.1.15.v20140411.jar:8.1.15.v20140411]
	at org.eclipse.jetty.server.AsyncHttpConnection.handle(AsyncHttpConnection.java:82) [jetty-server-8.1.15.v20140411.jar:8.1.15.v20140411]
	at org.eclipse.jetty.io.nio.SelectChannelEndPoint.handle(SelectChannelEndPoint.java:696) [jetty-io-8.1.15.v20140411.jar:8.1.15.v20140411]
	at org.eclipse.jetty.io.nio.SelectChannelEndPoint$1.run(SelectChannelEndPoint.java:53) [jetty-io-8.1.15.v20140411.jar:8.1.15.v20140411]
	at org.eclipse.jetty.util.thread.QueuedThreadPool.runJob(QueuedThreadPool.java:608) [jetty-util-8.1.15.v20140411.jar:8.1.15.v20140411]
	at org.eclipse.jetty.util.thread.QueuedThreadPool$3.run(QueuedThreadPool.java:543) [jetty-util-8.1.15.v20140411.jar:8.1.15.v20140411]
	at java.lang.Thread.run(Thread.java:744) [na:1.7.0_45]
14:36:53.991 [qtp211455773-23] ERROR o.m.c.f.common.web.BaseFunctional - requestParams:{}
org.mas.codehaus.finder.manager.exception.UserException: org.mas.codehaus.finder.common.web.exception.FinderException: username is empty
	at org.mas.codehaus.finder.manager.impl.UserServiceImpl.register(UserServiceImpl.java:53) ~[classes/:na]
	at sun.reflect.NativeMethodAccessorImpl.invoke0(Native Method) ~[na:1.7.0_45]
	at sun.reflect.NativeMethodAccessorImpl.invoke(NativeMethodAccessorImpl.java:57) ~[na:1.7.0_45]
	at sun.reflect.DelegatingMethodAccessorImpl.invoke(DelegatingMethodAccessorImpl.java:43) ~[na:1.7.0_45]
	at java.lang.reflect.Method.invoke(Method.java:606) ~[na:1.7.0_45]
	at org.springframework.aop.support.AopUtils.invokeJoinpointUsingReflection(AopUtils.java:317) ~[spring-aop-3.2.0.RELEASE.jar:3.2.0.RELEASE]
	at org.springframework.aop.framework.ReflectiveMethodInvocation.invokeJoinpoint(ReflectiveMethodInvocation.java:183) ~[spring-aop-3.2.0.RELEASE.jar:3.2.0.RELEASE]
	at org.springframework.aop.framework.ReflectiveMethodInvocation.proceed(ReflectiveMethodInvocation.java:150) ~[spring-aop-3.2.0.RELEASE.jar:3.2.0.RELEASE]
	at org.springframework.transaction.interceptor.TransactionInterceptor.invoke(TransactionInterceptor.java:110) ~[spring-tx-3.1.1.RELEASE.jar:3.1.1.RELEASE]
	at org.springframework.aop.framework.ReflectiveMethodInvocation.proceed(ReflectiveMethodInvocation.java:172) ~[spring-aop-3.2.0.RELEASE.jar:3.2.0.RELEASE]
	at org.springframework.aop.framework.JdkDynamicAopProxy.invoke(JdkDynamicAopProxy.java:204) ~[spring-aop-3.2.0.RELEASE.jar:3.2.0.RELEASE]
	at com.sun.proxy.$Proxy28.register(Unknown Source) ~[na:na]
	at org.mas.codehaus.finder.action.app.UserAction.register(UserAction.java:23) ~[classes/:na]
	at sun.reflect.NativeMethodAccessorImpl.invoke0(Native Method) ~[na:1.7.0_45]
	at sun.reflect.NativeMethodAccessorImpl.invoke(NativeMethodAccessorImpl.java:57) ~[na:1.7.0_45]
	at sun.reflect.DelegatingMethodAccessorImpl.invoke(DelegatingMethodAccessorImpl.java:43) ~[na:1.7.0_45]
	at java.lang.reflect.Method.invoke(Method.java:606) ~[na:1.7.0_45]
	at org.springframework.web.method.support.InvocableHandlerMethod.invoke(InvocableHandlerMethod.java:219) [spring-web-3.2.0.RELEASE.jar:3.2.0.RELEASE]
	at org.springframework.web.method.support.InvocableHandlerMethod.invokeForRequest(InvocableHandlerMethod.java:132) [spring-web-3.2.0.RELEASE.jar:3.2.0.RELEASE]
	at org.springframework.web.servlet.mvc.method.annotation.ServletInvocableHandlerMethod.invokeAndHandle(ServletInvocableHandlerMethod.java:104) [spring-webmvc-3.2.0.RELEASE.jar:3.2.0.RELEASE]
	at org.springframework.web.servlet.mvc.method.annotation.RequestMappingHandlerAdapter.invokeHandleMethod(RequestMappingHandlerAdapter.java:746) [spring-webmvc-3.2.0.RELEASE.jar:3.2.0.RELEASE]
	at org.springframework.web.servlet.mvc.method.annotation.RequestMappingHandlerAdapter.handleInternal(RequestMappingHandlerAdapter.java:687) [spring-webmvc-3.2.0.RELEASE.jar:3.2.0.RELEASE]
	at org.springframework.web.servlet.mvc.method.AbstractHandlerMethodAdapter.handle(AbstractHandlerMethodAdapter.java:80) [spring-webmvc-3.2.0.RELEASE.jar:3.2.0.RELEASE]
	at org.springframework.web.servlet.DispatcherServlet.doDispatch(DispatcherServlet.java:925) [spring-webmvc-3.2.0.RELEASE.jar:3.2.0.RELEASE]
	at org.springframework.web.servlet.DispatcherServlet.doService(DispatcherServlet.java:856) [spring-webmvc-3.2.0.RELEASE.jar:3.2.0.RELEASE]
	at org.springframework.web.servlet.FrameworkServlet.processRequest(FrameworkServlet.java:915) [spring-webmvc-3.2.0.RELEASE.jar:3.2.0.RELEASE]
	at org.springframework.web.servlet.FrameworkServlet.doGet(FrameworkServlet.java:811) [spring-webmvc-3.2.0.RELEASE.jar:3.2.0.RELEASE]
	at javax.servlet.http.HttpServlet.service(HttpServlet.java:735) [javax.servlet-3.0.0.v201112011016.jar:na]
	at org.springframework.web.servlet.FrameworkServlet.service(FrameworkServlet.java:796) [spring-webmvc-3.2.0.RELEASE.jar:3.2.0.RELEASE]
	at javax.servlet.http.HttpServlet.service(HttpServlet.java:848) [javax.servlet-3.0.0.v201112011016.jar:na]
	at org.eclipse.jetty.servlet.ServletHolder.handle(ServletHolder.java:684) [jetty-servlet-8.1.15.v20140411.jar:8.1.15.v20140411]
	at org.eclipse.jetty.servlet.ServletHandler$CachedChain.doFilter(ServletHandler.java:1496) [jetty-servlet-8.1.15.v20140411.jar:8.1.15.v20140411]
	at org.springframework.web.filter.CharacterEncodingFilter.doFilterInternal(CharacterEncodingFilter.java:88) [spring-web-3.2.0.RELEASE.jar:3.2.0.RELEASE]
	at org.springframework.web.filter.OncePerRequestFilter.doFilter(OncePerRequestFilter.java:107) [spring-web-3.2.0.RELEASE.jar:3.2.0.RELEASE]
	at org.eclipse.jetty.servlet.ServletHandler$CachedChain.doFilter(ServletHandler.java:1476) [jetty-servlet-8.1.15.v20140411.jar:8.1.15.v20140411]
	at org.eclipse.jetty.servlet.ServletHandler.doHandle(ServletHandler.java:501) [jetty-servlet-8.1.15.v20140411.jar:8.1.15.v20140411]
	at org.eclipse.jetty.server.handler.ScopedHandler.handle(ScopedHandler.java:137) [jetty-server-8.1.15.v20140411.jar:8.1.15.v20140411]
	at org.eclipse.jetty.security.SecurityHandler.handle(SecurityHandler.java:557) [jetty-security-8.1.15.v20140411.jar:8.1.15.v20140411]
	at org.eclipse.jetty.server.session.SessionHandler.doHandle(SessionHandler.java:231) [jetty-server-8.1.15.v20140411.jar:8.1.15.v20140411]
	at org.eclipse.jetty.server.handler.ContextHandler.doHandle(ContextHandler.java:1086) [jetty-server-8.1.15.v20140411.jar:8.1.15.v20140411]
	at org.eclipse.jetty.servlet.ServletHandler.doScope(ServletHandler.java:429) [jetty-servlet-8.1.15.v20140411.jar:8.1.15.v20140411]
	at org.eclipse.jetty.server.session.SessionHandler.doScope(SessionHandler.java:193) [jetty-server-8.1.15.v20140411.jar:8.1.15.v20140411]
	at org.eclipse.jetty.server.handler.ContextHandler.doScope(ContextHandler.java:1020) [jetty-server-8.1.15.v20140411.jar:8.1.15.v20140411]
	at org.eclipse.jetty.server.handler.ScopedHandler.handle(ScopedHandler.java:135) [jetty-server-8.1.15.v20140411.jar:8.1.15.v20140411]
	at org.eclipse.jetty.server.handler.ContextHandlerCollection.handle(ContextHandlerCollection.java:255) [jetty-server-8.1.15.v20140411.jar:8.1.15.v20140411]
	at org.eclipse.jetty.server.handler.HandlerCollection.handle(HandlerCollection.java:154) [jetty-server-8.1.15.v20140411.jar:8.1.15.v20140411]
	at org.eclipse.jetty.server.handler.HandlerWrapper.handle(HandlerWrapper.java:116) [jetty-server-8.1.15.v20140411.jar:8.1.15.v20140411]
	at org.eclipse.jetty.server.Server.handle(Server.java:370) [jetty-server-8.1.15.v20140411.jar:8.1.15.v20140411]
	at org.eclipse.jetty.server.AbstractHttpConnection.handleRequest(AbstractHttpConnection.java:494) [jetty-server-8.1.15.v20140411.jar:8.1.15.v20140411]
	at org.eclipse.jetty.server.AbstractHttpConnection.headerComplete(AbstractHttpConnection.java:971) [jetty-server-8.1.15.v20140411.jar:8.1.15.v20140411]
	at org.eclipse.jetty.server.AbstractHttpConnection$RequestHandler.headerComplete(AbstractHttpConnection.java:1033) [jetty-server-8.1.15.v20140411.jar:8.1.15.v20140411]
	at org.eclipse.jetty.http.HttpParser.parseNext(HttpParser.java:644) [jetty-http-8.1.15.v20140411.jar:8.1.15.v20140411]
	at org.eclipse.jetty.http.HttpParser.parseAvailable(HttpParser.java:235) [jetty-http-8.1.15.v20140411.jar:8.1.15.v20140411]
	at org.eclipse.jetty.server.AsyncHttpConnection.handle(AsyncHttpConnection.java:82) [jetty-server-8.1.15.v20140411.jar:8.1.15.v20140411]
	at org.eclipse.jetty.io.nio.SelectChannelEndPoint.handle(SelectChannelEndPoint.java:696) [jetty-io-8.1.15.v20140411.jar:8.1.15.v20140411]
	at org.eclipse.jetty.io.nio.SelectChannelEndPoint$1.run(SelectChannelEndPoint.java:53) [jetty-io-8.1.15.v20140411.jar:8.1.15.v20140411]
	at org.eclipse.jetty.util.thread.QueuedThreadPool.runJob(QueuedThreadPool.java:608) [jetty-util-8.1.15.v20140411.jar:8.1.15.v20140411]
	at org.eclipse.jetty.util.thread.QueuedThreadPool$3.run(QueuedThreadPool.java:543) [jetty-util-8.1.15.v20140411.jar:8.1.15.v20140411]
	at java.lang.Thread.run(Thread.java:744) [na:1.7.0_45]
Caused by: org.mas.codehaus.finder.common.web.exception.FinderException: username is empty
	at org.mas.codehaus.finder.common.CheckParams.checkParameterNotNull(CheckParams.java:16) ~[classes/:na]
	at org.mas.codehaus.finder.common.CheckParams.getString(CheckParams.java:9) ~[classes/:na]
	at org.mas.codehaus.finder.manager.impl.UserServiceImpl.register(UserServiceImpl.java:38) ~[classes/:na]
	... 58 common frames omitted
14:37:45.209 [qtp211455773-19] DEBUG o.m.c.f.manager.impl.UserServiceImpl - requestParams:{"name":"617907867@qq.com","password":"1"}
14:37:45.439 [qtp211455773-19] DEBUG o.m.c.f.d.UserDao.getUserByUserName - ooo Using Connection [com.alibaba.druid.proxy.jdbc.ConnectionProxyImpl@4a7b7e88]
14:37:45.512 [qtp211455773-19] DEBUG o.m.c.f.d.UserDao.getUserByUserName - ==>  Preparing: select count(u.name) from user u where u.name = ? 
14:37:45.674 [qtp211455773-19] DEBUG o.m.c.f.d.UserDao.getUserByUserName - ==> Parameters: 617907867@qq.com(String)
14:37:45.863 [qtp211455773-19] DEBUG o.m.c.finder.dao.UserDao.register - ooo Using Connection [com.alibaba.druid.proxy.jdbc.ConnectionProxyImpl@4a7b7e88]
14:37:45.863 [qtp211455773-19] DEBUG o.m.c.finder.dao.UserDao.register - ==>  Preparing: insert into user (id, name, password, email, nickname, avatar, sex, cellphone, register_time, user_token) values (?, ?, ?, ?, ?, ?, ?, ?, ?, ?) 
14:37:45.869 [qtp211455773-19] DEBUG o.m.c.finder.dao.UserDao.register - ==> Parameters: null, 617907867@qq.com(String), 1(String), 617907867@qq.com(String), null, null, null, null, null, null
14:38:27.711 [qtp211455773-23] DEBUG o.m.c.f.manager.impl.UserServiceImpl - requestParams:{"name":"617907867@qq.com"}
14:38:27.716 [qtp211455773-23] ERROR o.m.c.f.manager.impl.UserServiceImpl - register user failed! id: null
org.mas.codehaus.finder.common.web.exception.FinderException: password is empty
	at org.mas.codehaus.finder.common.CheckParams.checkParameterNotNull(CheckParams.java:16) ~[classes/:na]
	at org.mas.codehaus.finder.common.CheckParams.getString(CheckParams.java:9) ~[classes/:na]
	at org.mas.codehaus.finder.manager.impl.UserServiceImpl.register(UserServiceImpl.java:39) ~[classes/:na]
	at sun.reflect.NativeMethodAccessorImpl.invoke0(Native Method) ~[na:1.7.0_45]
	at sun.reflect.NativeMethodAccessorImpl.invoke(NativeMethodAccessorImpl.java:57) ~[na:1.7.0_45]
	at sun.reflect.DelegatingMethodAccessorImpl.invoke(DelegatingMethodAccessorImpl.java:43) ~[na:1.7.0_45]
	at java.lang.reflect.Method.invoke(Method.java:606) ~[na:1.7.0_45]
	at org.springframework.aop.support.AopUtils.invokeJoinpointUsingReflection(AopUtils.java:317) [spring-aop-3.2.0.RELEASE.jar:3.2.0.RELEASE]
	at org.springframework.aop.framework.ReflectiveMethodInvocation.invokeJoinpoint(ReflectiveMethodInvocation.java:183) [spring-aop-3.2.0.RELEASE.jar:3.2.0.RELEASE]
	at org.springframework.aop.framework.ReflectiveMethodInvocation.proceed(ReflectiveMethodInvocation.java:150) [spring-aop-3.2.0.RELEASE.jar:3.2.0.RELEASE]
	at org.springframework.transaction.interceptor.TransactionInterceptor.invoke(TransactionInterceptor.java:110) [spring-tx-3.1.1.RELEASE.jar:3.1.1.RELEASE]
	at org.springframework.aop.framework.ReflectiveMethodInvocation.proceed(ReflectiveMethodInvocation.java:172) [spring-aop-3.2.0.RELEASE.jar:3.2.0.RELEASE]
	at org.springframework.aop.framework.JdkDynamicAopProxy.invoke(JdkDynamicAopProxy.java:204) [spring-aop-3.2.0.RELEASE.jar:3.2.0.RELEASE]
	at com.sun.proxy.$Proxy28.register(Unknown Source) [na:na]
	at org.mas.codehaus.finder.action.app.UserAction.register(UserAction.java:23) [classes/:na]
	at sun.reflect.NativeMethodAccessorImpl.invoke0(Native Method) ~[na:1.7.0_45]
	at sun.reflect.NativeMethodAccessorImpl.invoke(NativeMethodAccessorImpl.java:57) ~[na:1.7.0_45]
	at sun.reflect.DelegatingMethodAccessorImpl.invoke(DelegatingMethodAccessorImpl.java:43) ~[na:1.7.0_45]
	at java.lang.reflect.Method.invoke(Method.java:606) ~[na:1.7.0_45]
	at org.springframework.web.method.support.InvocableHandlerMethod.invoke(InvocableHandlerMethod.java:219) [spring-web-3.2.0.RELEASE.jar:3.2.0.RELEASE]
	at org.springframework.web.method.support.InvocableHandlerMethod.invokeForRequest(InvocableHandlerMethod.java:132) [spring-web-3.2.0.RELEASE.jar:3.2.0.RELEASE]
	at org.springframework.web.servlet.mvc.method.annotation.ServletInvocableHandlerMethod.invokeAndHandle(ServletInvocableHandlerMethod.java:104) [spring-webmvc-3.2.0.RELEASE.jar:3.2.0.RELEASE]
	at org.springframework.web.servlet.mvc.method.annotation.RequestMappingHandlerAdapter.invokeHandleMethod(RequestMappingHandlerAdapter.java:746) [spring-webmvc-3.2.0.RELEASE.jar:3.2.0.RELEASE]
	at org.springframework.web.servlet.mvc.method.annotation.RequestMappingHandlerAdapter.handleInternal(RequestMappingHandlerAdapter.java:687) [spring-webmvc-3.2.0.RELEASE.jar:3.2.0.RELEASE]
	at org.springframework.web.servlet.mvc.method.AbstractHandlerMethodAdapter.handle(AbstractHandlerMethodAdapter.java:80) [spring-webmvc-3.2.0.RELEASE.jar:3.2.0.RELEASE]
	at org.springframework.web.servlet.DispatcherServlet.doDispatch(DispatcherServlet.java:925) [spring-webmvc-3.2.0.RELEASE.jar:3.2.0.RELEASE]
	at org.springframework.web.servlet.DispatcherServlet.doService(DispatcherServlet.java:856) [spring-webmvc-3.2.0.RELEASE.jar:3.2.0.RELEASE]
	at org.springframework.web.servlet.FrameworkServlet.processRequest(FrameworkServlet.java:915) [spring-webmvc-3.2.0.RELEASE.jar:3.2.0.RELEASE]
	at org.springframework.web.servlet.FrameworkServlet.doGet(FrameworkServlet.java:811) [spring-webmvc-3.2.0.RELEASE.jar:3.2.0.RELEASE]
	at javax.servlet.http.HttpServlet.service(HttpServlet.java:735) [javax.servlet-3.0.0.v201112011016.jar:na]
	at org.springframework.web.servlet.FrameworkServlet.service(FrameworkServlet.java:796) [spring-webmvc-3.2.0.RELEASE.jar:3.2.0.RELEASE]
	at javax.servlet.http.HttpServlet.service(HttpServlet.java:848) [javax.servlet-3.0.0.v201112011016.jar:na]
	at org.eclipse.jetty.servlet.ServletHolder.handle(ServletHolder.java:684) [jetty-servlet-8.1.15.v20140411.jar:8.1.15.v20140411]
	at org.eclipse.jetty.servlet.ServletHandler$CachedChain.doFilter(ServletHandler.java:1496) [jetty-servlet-8.1.15.v20140411.jar:8.1.15.v20140411]
	at org.springframework.web.filter.CharacterEncodingFilter.doFilterInternal(CharacterEncodingFilter.java:88) [spring-web-3.2.0.RELEASE.jar:3.2.0.RELEASE]
	at org.springframework.web.filter.OncePerRequestFilter.doFilter(OncePerRequestFilter.java:107) [spring-web-3.2.0.RELEASE.jar:3.2.0.RELEASE]
	at org.eclipse.jetty.servlet.ServletHandler$CachedChain.doFilter(ServletHandler.java:1476) [jetty-servlet-8.1.15.v20140411.jar:8.1.15.v20140411]
	at org.eclipse.jetty.servlet.ServletHandler.doHandle(ServletHandler.java:501) [jetty-servlet-8.1.15.v20140411.jar:8.1.15.v20140411]
	at org.eclipse.jetty.server.handler.ScopedHandler.handle(ScopedHandler.java:137) [jetty-server-8.1.15.v20140411.jar:8.1.15.v20140411]
	at org.eclipse.jetty.security.SecurityHandler.handle(SecurityHandler.java:557) [jetty-security-8.1.15.v20140411.jar:8.1.15.v20140411]
	at org.eclipse.jetty.server.session.SessionHandler.doHandle(SessionHandler.java:231) [jetty-server-8.1.15.v20140411.jar:8.1.15.v20140411]
	at org.eclipse.jetty.server.handler.ContextHandler.doHandle(ContextHandler.java:1086) [jetty-server-8.1.15.v20140411.jar:8.1.15.v20140411]
	at org.eclipse.jetty.servlet.ServletHandler.doScope(ServletHandler.java:429) [jetty-servlet-8.1.15.v20140411.jar:8.1.15.v20140411]
	at org.eclipse.jetty.server.session.SessionHandler.doScope(SessionHandler.java:193) [jetty-server-8.1.15.v20140411.jar:8.1.15.v20140411]
	at org.eclipse.jetty.server.handler.ContextHandler.doScope(ContextHandler.java:1020) [jetty-server-8.1.15.v20140411.jar:8.1.15.v20140411]
	at org.eclipse.jetty.server.handler.ScopedHandler.handle(ScopedHandler.java:135) [jetty-server-8.1.15.v20140411.jar:8.1.15.v20140411]
	at org.eclipse.jetty.server.handler.ContextHandlerCollection.handle(ContextHandlerCollection.java:255) [jetty-server-8.1.15.v20140411.jar:8.1.15.v20140411]
	at org.eclipse.jetty.server.handler.HandlerCollection.handle(HandlerCollection.java:154) [jetty-server-8.1.15.v20140411.jar:8.1.15.v20140411]
	at org.eclipse.jetty.server.handler.HandlerWrapper.handle(HandlerWrapper.java:116) [jetty-server-8.1.15.v20140411.jar:8.1.15.v20140411]
	at org.eclipse.jetty.server.Server.handle(Server.java:370) [jetty-server-8.1.15.v20140411.jar:8.1.15.v20140411]
	at org.eclipse.jetty.server.AbstractHttpConnection.handleRequest(AbstractHttpConnection.java:494) [jetty-server-8.1.15.v20140411.jar:8.1.15.v20140411]
	at org.eclipse.jetty.server.AbstractHttpConnection.headerComplete(AbstractHttpConnection.java:971) [jetty-server-8.1.15.v20140411.jar:8.1.15.v20140411]
	at org.eclipse.jetty.server.AbstractHttpConnection$RequestHandler.headerComplete(AbstractHttpConnection.java:1033) [jetty-server-8.1.15.v20140411.jar:8.1.15.v20140411]
	at org.eclipse.jetty.http.HttpParser.parseNext(HttpParser.java:644) [jetty-http-8.1.15.v20140411.jar:8.1.15.v20140411]
	at org.eclipse.jetty.http.HttpParser.parseAvailable(HttpParser.java:235) [jetty-http-8.1.15.v20140411.jar:8.1.15.v20140411]
	at org.eclipse.jetty.server.AsyncHttpConnection.handle(AsyncHttpConnection.java:82) [jetty-server-8.1.15.v20140411.jar:8.1.15.v20140411]
	at org.eclipse.jetty.io.nio.SelectChannelEndPoint.handle(SelectChannelEndPoint.java:696) [jetty-io-8.1.15.v20140411.jar:8.1.15.v20140411]
	at org.eclipse.jetty.io.nio.SelectChannelEndPoint$1.run(SelectChannelEndPoint.java:53) [jetty-io-8.1.15.v20140411.jar:8.1.15.v20140411]
	at org.eclipse.jetty.util.thread.QueuedThreadPool.runJob(QueuedThreadPool.java:608) [jetty-util-8.1.15.v20140411.jar:8.1.15.v20140411]
	at org.eclipse.jetty.util.thread.QueuedThreadPool$3.run(QueuedThreadPool.java:543) [jetty-util-8.1.15.v20140411.jar:8.1.15.v20140411]
	at java.lang.Thread.run(Thread.java:744) [na:1.7.0_45]
14:38:27.727 [qtp211455773-23] ERROR o.m.c.f.common.web.BaseFunctional - requestParams:{
	"name":["617907867@qq.com"]
}
org.mas.codehaus.finder.manager.exception.UserException: org.mas.codehaus.finder.common.web.exception.FinderException: password is empty
	at org.mas.codehaus.finder.manager.impl.UserServiceImpl.register(UserServiceImpl.java:53) ~[classes/:na]
	at sun.reflect.NativeMethodAccessorImpl.invoke0(Native Method) ~[na:1.7.0_45]
	at sun.reflect.NativeMethodAccessorImpl.invoke(NativeMethodAccessorImpl.java:57) ~[na:1.7.0_45]
	at sun.reflect.DelegatingMethodAccessorImpl.invoke(DelegatingMethodAccessorImpl.java:43) ~[na:1.7.0_45]
	at java.lang.reflect.Method.invoke(Method.java:606) ~[na:1.7.0_45]
	at org.springframework.aop.support.AopUtils.invokeJoinpointUsingReflection(AopUtils.java:317) ~[spring-aop-3.2.0.RELEASE.jar:3.2.0.RELEASE]
	at org.springframework.aop.framework.ReflectiveMethodInvocation.invokeJoinpoint(ReflectiveMethodInvocation.java:183) ~[spring-aop-3.2.0.RELEASE.jar:3.2.0.RELEASE]
	at org.springframework.aop.framework.ReflectiveMethodInvocation.proceed(ReflectiveMethodInvocation.java:150) ~[spring-aop-3.2.0.RELEASE.jar:3.2.0.RELEASE]
	at org.springframework.transaction.interceptor.TransactionInterceptor.invoke(TransactionInterceptor.java:110) ~[spring-tx-3.1.1.RELEASE.jar:3.1.1.RELEASE]
	at org.springframework.aop.framework.ReflectiveMethodInvocation.proceed(ReflectiveMethodInvocation.java:172) ~[spring-aop-3.2.0.RELEASE.jar:3.2.0.RELEASE]
	at org.springframework.aop.framework.JdkDynamicAopProxy.invoke(JdkDynamicAopProxy.java:204) ~[spring-aop-3.2.0.RELEASE.jar:3.2.0.RELEASE]
	at com.sun.proxy.$Proxy28.register(Unknown Source) ~[na:na]
	at org.mas.codehaus.finder.action.app.UserAction.register(UserAction.java:23) ~[classes/:na]
	at sun.reflect.NativeMethodAccessorImpl.invoke0(Native Method) ~[na:1.7.0_45]
	at sun.reflect.NativeMethodAccessorImpl.invoke(NativeMethodAccessorImpl.java:57) ~[na:1.7.0_45]
	at sun.reflect.DelegatingMethodAccessorImpl.invoke(DelegatingMethodAccessorImpl.java:43) ~[na:1.7.0_45]
	at java.lang.reflect.Method.invoke(Method.java:606) ~[na:1.7.0_45]
	at org.springframework.web.method.support.InvocableHandlerMethod.invoke(InvocableHandlerMethod.java:219) [spring-web-3.2.0.RELEASE.jar:3.2.0.RELEASE]
	at org.springframework.web.method.support.InvocableHandlerMethod.invokeForRequest(InvocableHandlerMethod.java:132) [spring-web-3.2.0.RELEASE.jar:3.2.0.RELEASE]
	at org.springframework.web.servlet.mvc.method.annotation.ServletInvocableHandlerMethod.invokeAndHandle(ServletInvocableHandlerMethod.java:104) [spring-webmvc-3.2.0.RELEASE.jar:3.2.0.RELEASE]
	at org.springframework.web.servlet.mvc.method.annotation.RequestMappingHandlerAdapter.invokeHandleMethod(RequestMappingHandlerAdapter.java:746) [spring-webmvc-3.2.0.RELEASE.jar:3.2.0.RELEASE]
	at org.springframework.web.servlet.mvc.method.annotation.RequestMappingHandlerAdapter.handleInternal(RequestMappingHandlerAdapter.java:687) [spring-webmvc-3.2.0.RELEASE.jar:3.2.0.RELEASE]
	at org.springframework.web.servlet.mvc.method.AbstractHandlerMethodAdapter.handle(AbstractHandlerMethodAdapter.java:80) [spring-webmvc-3.2.0.RELEASE.jar:3.2.0.RELEASE]
	at org.springframework.web.servlet.DispatcherServlet.doDispatch(DispatcherServlet.java:925) [spring-webmvc-3.2.0.RELEASE.jar:3.2.0.RELEASE]
	at org.springframework.web.servlet.DispatcherServlet.doService(DispatcherServlet.java:856) [spring-webmvc-3.2.0.RELEASE.jar:3.2.0.RELEASE]
	at org.springframework.web.servlet.FrameworkServlet.processRequest(FrameworkServlet.java:915) [spring-webmvc-3.2.0.RELEASE.jar:3.2.0.RELEASE]
	at org.springframework.web.servlet.FrameworkServlet.doGet(FrameworkServlet.java:811) [spring-webmvc-3.2.0.RELEASE.jar:3.2.0.RELEASE]
	at javax.servlet.http.HttpServlet.service(HttpServlet.java:735) [javax.servlet-3.0.0.v201112011016.jar:na]
	at org.springframework.web.servlet.FrameworkServlet.service(FrameworkServlet.java:796) [spring-webmvc-3.2.0.RELEASE.jar:3.2.0.RELEASE]
	at javax.servlet.http.HttpServlet.service(HttpServlet.java:848) [javax.servlet-3.0.0.v201112011016.jar:na]
	at org.eclipse.jetty.servlet.ServletHolder.handle(ServletHolder.java:684) [jetty-servlet-8.1.15.v20140411.jar:8.1.15.v20140411]
	at org.eclipse.jetty.servlet.ServletHandler$CachedChain.doFilter(ServletHandler.java:1496) [jetty-servlet-8.1.15.v20140411.jar:8.1.15.v20140411]
	at org.springframework.web.filter.CharacterEncodingFilter.doFilterInternal(CharacterEncodingFilter.java:88) [spring-web-3.2.0.RELEASE.jar:3.2.0.RELEASE]
	at org.springframework.web.filter.OncePerRequestFilter.doFilter(OncePerRequestFilter.java:107) [spring-web-3.2.0.RELEASE.jar:3.2.0.RELEASE]
	at org.eclipse.jetty.servlet.ServletHandler$CachedChain.doFilter(ServletHandler.java:1476) [jetty-servlet-8.1.15.v20140411.jar:8.1.15.v20140411]
	at org.eclipse.jetty.servlet.ServletHandler.doHandle(ServletHandler.java:501) [jetty-servlet-8.1.15.v20140411.jar:8.1.15.v20140411]
	at org.eclipse.jetty.server.handler.ScopedHandler.handle(ScopedHandler.java:137) [jetty-server-8.1.15.v20140411.jar:8.1.15.v20140411]
	at org.eclipse.jetty.security.SecurityHandler.handle(SecurityHandler.java:557) [jetty-security-8.1.15.v20140411.jar:8.1.15.v20140411]
	at org.eclipse.jetty.server.session.SessionHandler.doHandle(SessionHandler.java:231) [jetty-server-8.1.15.v20140411.jar:8.1.15.v20140411]
	at org.eclipse.jetty.server.handler.ContextHandler.doHandle(ContextHandler.java:1086) [jetty-server-8.1.15.v20140411.jar:8.1.15.v20140411]
	at org.eclipse.jetty.servlet.ServletHandler.doScope(ServletHandler.java:429) [jetty-servlet-8.1.15.v20140411.jar:8.1.15.v20140411]
	at org.eclipse.jetty.server.session.SessionHandler.doScope(SessionHandler.java:193) [jetty-server-8.1.15.v20140411.jar:8.1.15.v20140411]
	at org.eclipse.jetty.server.handler.ContextHandler.doScope(ContextHandler.java:1020) [jetty-server-8.1.15.v20140411.jar:8.1.15.v20140411]
	at org.eclipse.jetty.server.handler.ScopedHandler.handle(ScopedHandler.java:135) [jetty-server-8.1.15.v20140411.jar:8.1.15.v20140411]
	at org.eclipse.jetty.server.handler.ContextHandlerCollection.handle(ContextHandlerCollection.java:255) [jetty-server-8.1.15.v20140411.jar:8.1.15.v20140411]
	at org.eclipse.jetty.server.handler.HandlerCollection.handle(HandlerCollection.java:154) [jetty-server-8.1.15.v20140411.jar:8.1.15.v20140411]
	at org.eclipse.jetty.server.handler.HandlerWrapper.handle(HandlerWrapper.java:116) [jetty-server-8.1.15.v20140411.jar:8.1.15.v20140411]
	at org.eclipse.jetty.server.Server.handle(Server.java:370) [jetty-server-8.1.15.v20140411.jar:8.1.15.v20140411]
	at org.eclipse.jetty.server.AbstractHttpConnection.handleRequest(AbstractHttpConnection.java:494) [jetty-server-8.1.15.v20140411.jar:8.1.15.v20140411]
	at org.eclipse.jetty.server.AbstractHttpConnection.headerComplete(AbstractHttpConnection.java:971) [jetty-server-8.1.15.v20140411.jar:8.1.15.v20140411]
	at org.eclipse.jetty.server.AbstractHttpConnection$RequestHandler.headerComplete(AbstractHttpConnection.java:1033) [jetty-server-8.1.15.v20140411.jar:8.1.15.v20140411]
	at org.eclipse.jetty.http.HttpParser.parseNext(HttpParser.java:644) [jetty-http-8.1.15.v20140411.jar:8.1.15.v20140411]
	at org.eclipse.jetty.http.HttpParser.parseAvailable(HttpParser.java:235) [jetty-http-8.1.15.v20140411.jar:8.1.15.v20140411]
	at org.eclipse.jetty.server.AsyncHttpConnection.handle(AsyncHttpConnection.java:82) [jetty-server-8.1.15.v20140411.jar:8.1.15.v20140411]
	at org.eclipse.jetty.io.nio.SelectChannelEndPoint.handle(SelectChannelEndPoint.java:696) [jetty-io-8.1.15.v20140411.jar:8.1.15.v20140411]
	at org.eclipse.jetty.io.nio.SelectChannelEndPoint$1.run(SelectChannelEndPoint.java:53) [jetty-io-8.1.15.v20140411.jar:8.1.15.v20140411]
	at org.eclipse.jetty.util.thread.QueuedThreadPool.runJob(QueuedThreadPool.java:608) [jetty-util-8.1.15.v20140411.jar:8.1.15.v20140411]
	at org.eclipse.jetty.util.thread.QueuedThreadPool$3.run(QueuedThreadPool.java:543) [jetty-util-8.1.15.v20140411.jar:8.1.15.v20140411]
	at java.lang.Thread.run(Thread.java:744) [na:1.7.0_45]
Caused by: org.mas.codehaus.finder.common.web.exception.FinderException: password is empty
	at org.mas.codehaus.finder.common.CheckParams.checkParameterNotNull(CheckParams.java:16) ~[classes/:na]
	at org.mas.codehaus.finder.common.CheckParams.getString(CheckParams.java:9) ~[classes/:na]
	at org.mas.codehaus.finder.manager.impl.UserServiceImpl.register(UserServiceImpl.java:39) ~[classes/:na]
	... 58 common frames omitted
15:18:27.637 [qtp1284021052-21] DEBUG o.m.c.f.manager.impl.UserServiceImpl - requestParams:{"name":"617907867@qq.com"}
15:18:27.779 [qtp1284021052-21] ERROR o.m.c.f.manager.impl.UserServiceImpl - register user failed! id {} null
org.mas.codehaus.finder.common.web.exception.FinderException: password is empty
	at org.mas.codehaus.finder.common.CheckParams.checkParameterNotNull(CheckParams.java:16) ~[classes/:na]
	at org.mas.codehaus.finder.common.CheckParams.getString(CheckParams.java:9) ~[classes/:na]
	at org.mas.codehaus.finder.manager.impl.UserServiceImpl.register(UserServiceImpl.java:39) ~[classes/:na]
	at sun.reflect.NativeMethodAccessorImpl.invoke0(Native Method) ~[na:1.7.0_45]
	at sun.reflect.NativeMethodAccessorImpl.invoke(Unknown Source) ~[na:1.7.0_45]
	at sun.reflect.DelegatingMethodAccessorImpl.invoke(Unknown Source) ~[na:1.7.0_45]
	at java.lang.reflect.Method.invoke(Unknown Source) ~[na:1.7.0_45]
	at org.springframework.aop.support.AopUtils.invokeJoinpointUsingReflection(AopUtils.java:317) [spring-aop-3.2.0.RELEASE.jar:3.2.0.RELEASE]
	at org.springframework.aop.framework.ReflectiveMethodInvocation.invokeJoinpoint(ReflectiveMethodInvocation.java:183) [spring-aop-3.2.0.RELEASE.jar:3.2.0.RELEASE]
	at org.springframework.aop.framework.ReflectiveMethodInvocation.proceed(ReflectiveMethodInvocation.java:150) [spring-aop-3.2.0.RELEASE.jar:3.2.0.RELEASE]
	at org.springframework.transaction.interceptor.TransactionInterceptor.invoke(TransactionInterceptor.java:110) [spring-tx-3.1.1.RELEASE.jar:3.1.1.RELEASE]
	at org.springframework.aop.framework.ReflectiveMethodInvocation.proceed(ReflectiveMethodInvocation.java:172) [spring-aop-3.2.0.RELEASE.jar:3.2.0.RELEASE]
	at org.springframework.aop.framework.JdkDynamicAopProxy.invoke(JdkDynamicAopProxy.java:204) [spring-aop-3.2.0.RELEASE.jar:3.2.0.RELEASE]
	at com.sun.proxy.$Proxy14.register(Unknown Source) [na:na]
	at org.mas.codehaus.finder.action.app.UserAction.register(UserAction.java:23) [classes/:na]
	at sun.reflect.NativeMethodAccessorImpl.invoke0(Native Method) ~[na:1.7.0_45]
	at sun.reflect.NativeMethodAccessorImpl.invoke(Unknown Source) ~[na:1.7.0_45]
	at sun.reflect.DelegatingMethodAccessorImpl.invoke(Unknown Source) ~[na:1.7.0_45]
	at java.lang.reflect.Method.invoke(Unknown Source) ~[na:1.7.0_45]
	at org.springframework.web.method.support.InvocableHandlerMethod.invoke(InvocableHandlerMethod.java:219) [spring-web-3.2.0.RELEASE.jar:3.2.0.RELEASE]
	at org.springframework.web.method.support.InvocableHandlerMethod.invokeForRequest(InvocableHandlerMethod.java:132) [spring-web-3.2.0.RELEASE.jar:3.2.0.RELEASE]
	at org.springframework.web.servlet.mvc.method.annotation.ServletInvocableHandlerMethod.invokeAndHandle(ServletInvocableHandlerMethod.java:104) [spring-webmvc-3.2.0.RELEASE.jar:3.2.0.RELEASE]
	at org.springframework.web.servlet.mvc.method.annotation.RequestMappingHandlerAdapter.invokeHandleMethod(RequestMappingHandlerAdapter.java:746) [spring-webmvc-3.2.0.RELEASE.jar:3.2.0.RELEASE]
	at org.springframework.web.servlet.mvc.method.annotation.RequestMappingHandlerAdapter.handleInternal(RequestMappingHandlerAdapter.java:687) [spring-webmvc-3.2.0.RELEASE.jar:3.2.0.RELEASE]
	at org.springframework.web.servlet.mvc.method.AbstractHandlerMethodAdapter.handle(AbstractHandlerMethodAdapter.java:80) [spring-webmvc-3.2.0.RELEASE.jar:3.2.0.RELEASE]
	at org.springframework.web.servlet.DispatcherServlet.doDispatch(DispatcherServlet.java:925) [spring-webmvc-3.2.0.RELEASE.jar:3.2.0.RELEASE]
	at org.springframework.web.servlet.DispatcherServlet.doService(DispatcherServlet.java:856) [spring-webmvc-3.2.0.RELEASE.jar:3.2.0.RELEASE]
	at org.springframework.web.servlet.FrameworkServlet.processRequest(FrameworkServlet.java:915) [spring-webmvc-3.2.0.RELEASE.jar:3.2.0.RELEASE]
	at org.springframework.web.servlet.FrameworkServlet.doGet(FrameworkServlet.java:811) [spring-webmvc-3.2.0.RELEASE.jar:3.2.0.RELEASE]
	at javax.servlet.http.HttpServlet.service(HttpServlet.java:687) [javax.servlet-api-3.1.0.jar:3.1.0]
	at org.springframework.web.servlet.FrameworkServlet.service(FrameworkServlet.java:796) [spring-webmvc-3.2.0.RELEASE.jar:3.2.0.RELEASE]
	at javax.servlet.http.HttpServlet.service(HttpServlet.java:790) [javax.servlet-api-3.1.0.jar:3.1.0]
	at org.eclipse.jetty.servlet.ServletHolder.handle(ServletHolder.java:558) [jetty-servlet-8.0.4.v20111024.jar:8.0.4.v20111024]
	at org.eclipse.jetty.servlet.ServletHandler$CachedChain.doFilter(ServletHandler.java:1366) [jetty-servlet-8.0.4.v20111024.jar:8.0.4.v20111024]
	at org.springframework.web.filter.CharacterEncodingFilter.doFilterInternal(CharacterEncodingFilter.java:88) [spring-web-3.2.0.RELEASE.jar:3.2.0.RELEASE]
	at org.springframework.web.filter.OncePerRequestFilter.doFilter(OncePerRequestFilter.java:107) [spring-web-3.2.0.RELEASE.jar:3.2.0.RELEASE]
	at org.eclipse.jetty.servlet.ServletHandler$CachedChain.doFilter(ServletHandler.java:1337) [jetty-servlet-8.0.4.v20111024.jar:8.0.4.v20111024]
	at org.eclipse.jetty.servlet.ServletHandler.doHandle(ServletHandler.java:486) [jetty-servlet-8.0.4.v20111024.jar:8.0.4.v20111024]
	at org.eclipse.jetty.server.handler.ScopedHandler.handle(ScopedHandler.java:119) [jetty-server-8.0.4.v20111024.jar:8.0.4.v20111024]
	at org.eclipse.jetty.security.SecurityHandler.handle(SecurityHandler.java:520) [jetty-security-8.0.4.v20111024.jar:8.0.4.v20111024]
	at org.eclipse.jetty.server.session.SessionHandler.doHandle(SessionHandler.java:233) [jetty-server-8.0.4.v20111024.jar:8.0.4.v20111024]
	at org.eclipse.jetty.server.handler.ContextHandler.doHandle(ContextHandler.java:973) [jetty-server-8.0.4.v20111024.jar:8.0.4.v20111024]
	at org.eclipse.jetty.servlet.ServletHandler.doScope(ServletHandler.java:417) [jetty-servlet-8.0.4.v20111024.jar:8.0.4.v20111024]
	at org.eclipse.jetty.server.session.SessionHandler.doScope(SessionHandler.java:192) [jetty-server-8.0.4.v20111024.jar:8.0.4.v20111024]
	at org.eclipse.jetty.server.handler.ContextHandler.doScope(ContextHandler.java:907) [jetty-server-8.0.4.v20111024.jar:8.0.4.v20111024]
	at org.eclipse.jetty.server.handler.ScopedHandler.handle(ScopedHandler.java:117) [jetty-server-8.0.4.v20111024.jar:8.0.4.v20111024]
	at org.eclipse.jetty.server.handler.HandlerWrapper.handle(HandlerWrapper.java:110) [jetty-server-8.0.4.v20111024.jar:8.0.4.v20111024]
	at org.eclipse.jetty.server.Server.handle(Server.java:350) [jetty-server-8.0.4.v20111024.jar:8.0.4.v20111024]
	at org.eclipse.jetty.server.HttpConnection.handleRequest(HttpConnection.java:442) [jetty-server-8.0.4.v20111024.jar:8.0.4.v20111024]
	at org.eclipse.jetty.server.HttpConnection$RequestHandler.headerComplete(HttpConnection.java:924) [jetty-server-8.0.4.v20111024.jar:8.0.4.v20111024]
	at org.eclipse.jetty.http.HttpParser.parseNext(HttpParser.java:582) [jetty-http-8.0.4.v20111024.jar:8.0.4.v20111024]
	at org.eclipse.jetty.http.HttpParser.parseAvailable(HttpParser.java:218) [jetty-http-8.0.4.v20111024.jar:8.0.4.v20111024]
	at org.eclipse.jetty.server.AsyncHttpConnection.handle(AsyncHttpConnection.java:51) [jetty-server-8.0.4.v20111024.jar:8.0.4.v20111024]
	at org.eclipse.jetty.io.nio.SelectChannelEndPoint.handle(SelectChannelEndPoint.java:586) [jetty-io-8.0.4.v20111024.jar:8.0.4.v20111024]
	at org.eclipse.jetty.io.nio.SelectChannelEndPoint$1.run(SelectChannelEndPoint.java:44) [jetty-io-8.0.4.v20111024.jar:8.0.4.v20111024]
	at org.eclipse.jetty.util.thread.QueuedThreadPool.runJob(QueuedThreadPool.java:598) [jetty-util-8.0.4.v20111024.jar:8.0.4.v20111024]
	at org.eclipse.jetty.util.thread.QueuedThreadPool$3.run(QueuedThreadPool.java:533) [jetty-util-8.0.4.v20111024.jar:8.0.4.v20111024]
	at java.lang.Thread.run(Unknown Source) [na:1.7.0_45]
15:18:27.800 [qtp1284021052-21] ERROR o.m.c.f.common.web.BaseFunctional - requestParams:{
	"name":["617907867@qq.com"]
}
org.mas.codehaus.finder.manager.exception.UserException: org.mas.codehaus.finder.common.web.exception.FinderException: password is empty
	at org.mas.codehaus.finder.manager.impl.UserServiceImpl.register(UserServiceImpl.java:53) ~[classes/:na]
	at sun.reflect.NativeMethodAccessorImpl.invoke0(Native Method) ~[na:1.7.0_45]
	at sun.reflect.NativeMethodAccessorImpl.invoke(Unknown Source) ~[na:1.7.0_45]
	at sun.reflect.DelegatingMethodAccessorImpl.invoke(Unknown Source) ~[na:1.7.0_45]
	at java.lang.reflect.Method.invoke(Unknown Source) ~[na:1.7.0_45]
	at org.springframework.aop.support.AopUtils.invokeJoinpointUsingReflection(AopUtils.java:317) ~[spring-aop-3.2.0.RELEASE.jar:3.2.0.RELEASE]
	at org.springframework.aop.framework.ReflectiveMethodInvocation.invokeJoinpoint(ReflectiveMethodInvocation.java:183) ~[spring-aop-3.2.0.RELEASE.jar:3.2.0.RELEASE]
	at org.springframework.aop.framework.ReflectiveMethodInvocation.proceed(ReflectiveMethodInvocation.java:150) ~[spring-aop-3.2.0.RELEASE.jar:3.2.0.RELEASE]
	at org.springframework.transaction.interceptor.TransactionInterceptor.invoke(TransactionInterceptor.java:110) ~[spring-tx-3.1.1.RELEASE.jar:3.1.1.RELEASE]
	at org.springframework.aop.framework.ReflectiveMethodInvocation.proceed(ReflectiveMethodInvocation.java:172) ~[spring-aop-3.2.0.RELEASE.jar:3.2.0.RELEASE]
	at org.springframework.aop.framework.JdkDynamicAopProxy.invoke(JdkDynamicAopProxy.java:204) ~[spring-aop-3.2.0.RELEASE.jar:3.2.0.RELEASE]
	at com.sun.proxy.$Proxy14.register(Unknown Source) ~[na:na]
	at org.mas.codehaus.finder.action.app.UserAction.register(UserAction.java:23) ~[classes/:na]
	at sun.reflect.NativeMethodAccessorImpl.invoke0(Native Method) ~[na:1.7.0_45]
	at sun.reflect.NativeMethodAccessorImpl.invoke(Unknown Source) ~[na:1.7.0_45]
	at sun.reflect.DelegatingMethodAccessorImpl.invoke(Unknown Source) ~[na:1.7.0_45]
	at java.lang.reflect.Method.invoke(Unknown Source) ~[na:1.7.0_45]
	at org.springframework.web.method.support.InvocableHandlerMethod.invoke(InvocableHandlerMethod.java:219) [spring-web-3.2.0.RELEASE.jar:3.2.0.RELEASE]
	at org.springframework.web.method.support.InvocableHandlerMethod.invokeForRequest(InvocableHandlerMethod.java:132) [spring-web-3.2.0.RELEASE.jar:3.2.0.RELEASE]
	at org.springframework.web.servlet.mvc.method.annotation.ServletInvocableHandlerMethod.invokeAndHandle(ServletInvocableHandlerMethod.java:104) [spring-webmvc-3.2.0.RELEASE.jar:3.2.0.RELEASE]
	at org.springframework.web.servlet.mvc.method.annotation.RequestMappingHandlerAdapter.invokeHandleMethod(RequestMappingHandlerAdapter.java:746) [spring-webmvc-3.2.0.RELEASE.jar:3.2.0.RELEASE]
	at org.springframework.web.servlet.mvc.method.annotation.RequestMappingHandlerAdapter.handleInternal(RequestMappingHandlerAdapter.java:687) [spring-webmvc-3.2.0.RELEASE.jar:3.2.0.RELEASE]
	at org.springframework.web.servlet.mvc.method.AbstractHandlerMethodAdapter.handle(AbstractHandlerMethodAdapter.java:80) [spring-webmvc-3.2.0.RELEASE.jar:3.2.0.RELEASE]
	at org.springframework.web.servlet.DispatcherServlet.doDispatch(DispatcherServlet.java:925) [spring-webmvc-3.2.0.RELEASE.jar:3.2.0.RELEASE]
	at org.springframework.web.servlet.DispatcherServlet.doService(DispatcherServlet.java:856) [spring-webmvc-3.2.0.RELEASE.jar:3.2.0.RELEASE]
	at org.springframework.web.servlet.FrameworkServlet.processRequest(FrameworkServlet.java:915) [spring-webmvc-3.2.0.RELEASE.jar:3.2.0.RELEASE]
	at org.springframework.web.servlet.FrameworkServlet.doGet(FrameworkServlet.java:811) [spring-webmvc-3.2.0.RELEASE.jar:3.2.0.RELEASE]
	at javax.servlet.http.HttpServlet.service(HttpServlet.java:687) [javax.servlet-api-3.1.0.jar:3.1.0]
	at org.springframework.web.servlet.FrameworkServlet.service(FrameworkServlet.java:796) [spring-webmvc-3.2.0.RELEASE.jar:3.2.0.RELEASE]
	at javax.servlet.http.HttpServlet.service(HttpServlet.java:790) [javax.servlet-api-3.1.0.jar:3.1.0]
	at org.eclipse.jetty.servlet.ServletHolder.handle(ServletHolder.java:558) [jetty-servlet-8.0.4.v20111024.jar:8.0.4.v20111024]
	at org.eclipse.jetty.servlet.ServletHandler$CachedChain.doFilter(ServletHandler.java:1366) [jetty-servlet-8.0.4.v20111024.jar:8.0.4.v20111024]
	at org.springframework.web.filter.CharacterEncodingFilter.doFilterInternal(CharacterEncodingFilter.java:88) [spring-web-3.2.0.RELEASE.jar:3.2.0.RELEASE]
	at org.springframework.web.filter.OncePerRequestFilter.doFilter(OncePerRequestFilter.java:107) [spring-web-3.2.0.RELEASE.jar:3.2.0.RELEASE]
	at org.eclipse.jetty.servlet.ServletHandler$CachedChain.doFilter(ServletHandler.java:1337) [jetty-servlet-8.0.4.v20111024.jar:8.0.4.v20111024]
	at org.eclipse.jetty.servlet.ServletHandler.doHandle(ServletHandler.java:486) [jetty-servlet-8.0.4.v20111024.jar:8.0.4.v20111024]
	at org.eclipse.jetty.server.handler.ScopedHandler.handle(ScopedHandler.java:119) [jetty-server-8.0.4.v20111024.jar:8.0.4.v20111024]
	at org.eclipse.jetty.security.SecurityHandler.handle(SecurityHandler.java:520) [jetty-security-8.0.4.v20111024.jar:8.0.4.v20111024]
	at org.eclipse.jetty.server.session.SessionHandler.doHandle(SessionHandler.java:233) [jetty-server-8.0.4.v20111024.jar:8.0.4.v20111024]
	at org.eclipse.jetty.server.handler.ContextHandler.doHandle(ContextHandler.java:973) [jetty-server-8.0.4.v20111024.jar:8.0.4.v20111024]
	at org.eclipse.jetty.servlet.ServletHandler.doScope(ServletHandler.java:417) [jetty-servlet-8.0.4.v20111024.jar:8.0.4.v20111024]
	at org.eclipse.jetty.server.session.SessionHandler.doScope(SessionHandler.java:192) [jetty-server-8.0.4.v20111024.jar:8.0.4.v20111024]
	at org.eclipse.jetty.server.handler.ContextHandler.doScope(ContextHandler.java:907) [jetty-server-8.0.4.v20111024.jar:8.0.4.v20111024]
	at org.eclipse.jetty.server.handler.ScopedHandler.handle(ScopedHandler.java:117) [jetty-server-8.0.4.v20111024.jar:8.0.4.v20111024]
	at org.eclipse.jetty.server.handler.HandlerWrapper.handle(HandlerWrapper.java:110) [jetty-server-8.0.4.v20111024.jar:8.0.4.v20111024]
	at org.eclipse.jetty.server.Server.handle(Server.java:350) [jetty-server-8.0.4.v20111024.jar:8.0.4.v20111024]
	at org.eclipse.jetty.server.HttpConnection.handleRequest(HttpConnection.java:442) [jetty-server-8.0.4.v20111024.jar:8.0.4.v20111024]
	at org.eclipse.jetty.server.HttpConnection$RequestHandler.headerComplete(HttpConnection.java:924) [jetty-server-8.0.4.v20111024.jar:8.0.4.v20111024]
	at org.eclipse.jetty.http.HttpParser.parseNext(HttpParser.java:582) [jetty-http-8.0.4.v20111024.jar:8.0.4.v20111024]
	at org.eclipse.jetty.http.HttpParser.parseAvailable(HttpParser.java:218) [jetty-http-8.0.4.v20111024.jar:8.0.4.v20111024]
	at org.eclipse.jetty.server.AsyncHttpConnection.handle(AsyncHttpConnection.java:51) [jetty-server-8.0.4.v20111024.jar:8.0.4.v20111024]
	at org.eclipse.jetty.io.nio.SelectChannelEndPoint.handle(SelectChannelEndPoint.java:586) [jetty-io-8.0.4.v20111024.jar:8.0.4.v20111024]
	at org.eclipse.jetty.io.nio.SelectChannelEndPoint$1.run(SelectChannelEndPoint.java:44) [jetty-io-8.0.4.v20111024.jar:8.0.4.v20111024]
	at org.eclipse.jetty.util.thread.QueuedThreadPool.runJob(QueuedThreadPool.java:598) [jetty-util-8.0.4.v20111024.jar:8.0.4.v20111024]
	at org.eclipse.jetty.util.thread.QueuedThreadPool$3.run(QueuedThreadPool.java:533) [jetty-util-8.0.4.v20111024.jar:8.0.4.v20111024]
	at java.lang.Thread.run(Unknown Source) [na:1.7.0_45]
Caused by: org.mas.codehaus.finder.common.web.exception.FinderException: password is empty
	at org.mas.codehaus.finder.common.CheckParams.checkParameterNotNull(CheckParams.java:16) ~[classes/:na]
	at org.mas.codehaus.finder.common.CheckParams.getString(CheckParams.java:9) ~[classes/:na]
	at org.mas.codehaus.finder.manager.impl.UserServiceImpl.register(UserServiceImpl.java:39) ~[classes/:na]
	... 55 common frames omitted
15:21:16.709 [qtp589696815-23] DEBUG o.m.c.f.manager.impl.UserServiceImpl - requestParams:{"name":"617907867@qq.com"}
15:21:30.803 [qtp589696815-23] ERROR o.m.c.f.manager.impl.UserServiceImpl - register user failed! id {} null
org.mas.codehaus.finder.common.web.exception.FinderException: password is empty
	at org.mas.codehaus.finder.common.CheckParams.checkParameterNotNull(CheckParams.java:16) ~[classes/:na]
	at org.mas.codehaus.finder.common.CheckParams.getString(CheckParams.java:9) ~[classes/:na]
	at org.mas.codehaus.finder.manager.impl.UserServiceImpl.register(UserServiceImpl.java:39) ~[classes/:na]
	at sun.reflect.NativeMethodAccessorImpl.invoke0(Native Method) ~[na:1.7.0_45]
	at sun.reflect.NativeMethodAccessorImpl.invoke(Unknown Source) ~[na:1.7.0_45]
	at sun.reflect.DelegatingMethodAccessorImpl.invoke(Unknown Source) ~[na:1.7.0_45]
	at java.lang.reflect.Method.invoke(Unknown Source) ~[na:1.7.0_45]
	at org.springframework.aop.support.AopUtils.invokeJoinpointUsingReflection(AopUtils.java:317) [spring-aop-3.2.0.RELEASE.jar:3.2.0.RELEASE]
	at org.springframework.aop.framework.ReflectiveMethodInvocation.invokeJoinpoint(ReflectiveMethodInvocation.java:183) [spring-aop-3.2.0.RELEASE.jar:3.2.0.RELEASE]
	at org.springframework.aop.framework.ReflectiveMethodInvocation.proceed(ReflectiveMethodInvocation.java:150) [spring-aop-3.2.0.RELEASE.jar:3.2.0.RELEASE]
	at org.springframework.transaction.interceptor.TransactionInterceptor.invoke(TransactionInterceptor.java:110) [spring-tx-3.1.1.RELEASE.jar:3.1.1.RELEASE]
	at org.springframework.aop.framework.ReflectiveMethodInvocation.proceed(ReflectiveMethodInvocation.java:172) [spring-aop-3.2.0.RELEASE.jar:3.2.0.RELEASE]
	at org.springframework.aop.framework.JdkDynamicAopProxy.invoke(JdkDynamicAopProxy.java:204) [spring-aop-3.2.0.RELEASE.jar:3.2.0.RELEASE]
	at com.sun.proxy.$Proxy14.register(Unknown Source) [na:na]
	at org.mas.codehaus.finder.action.app.UserAction.register(UserAction.java:23) [classes/:na]
	at sun.reflect.NativeMethodAccessorImpl.invoke0(Native Method) ~[na:1.7.0_45]
	at sun.reflect.NativeMethodAccessorImpl.invoke(Unknown Source) ~[na:1.7.0_45]
	at sun.reflect.DelegatingMethodAccessorImpl.invoke(Unknown Source) ~[na:1.7.0_45]
	at java.lang.reflect.Method.invoke(Unknown Source) ~[na:1.7.0_45]
	at org.springframework.web.method.support.InvocableHandlerMethod.invoke(InvocableHandlerMethod.java:219) [spring-web-3.2.0.RELEASE.jar:3.2.0.RELEASE]
	at org.springframework.web.method.support.InvocableHandlerMethod.invokeForRequest(InvocableHandlerMethod.java:132) [spring-web-3.2.0.RELEASE.jar:3.2.0.RELEASE]
	at org.springframework.web.servlet.mvc.method.annotation.ServletInvocableHandlerMethod.invokeAndHandle(ServletInvocableHandlerMethod.java:104) [spring-webmvc-3.2.0.RELEASE.jar:3.2.0.RELEASE]
	at org.springframework.web.servlet.mvc.method.annotation.RequestMappingHandlerAdapter.invokeHandleMethod(RequestMappingHandlerAdapter.java:746) [spring-webmvc-3.2.0.RELEASE.jar:3.2.0.RELEASE]
	at org.springframework.web.servlet.mvc.method.annotation.RequestMappingHandlerAdapter.handleInternal(RequestMappingHandlerAdapter.java:687) [spring-webmvc-3.2.0.RELEASE.jar:3.2.0.RELEASE]
	at org.springframework.web.servlet.mvc.method.AbstractHandlerMethodAdapter.handle(AbstractHandlerMethodAdapter.java:80) [spring-webmvc-3.2.0.RELEASE.jar:3.2.0.RELEASE]
	at org.springframework.web.servlet.DispatcherServlet.doDispatch(DispatcherServlet.java:925) [spring-webmvc-3.2.0.RELEASE.jar:3.2.0.RELEASE]
	at org.springframework.web.servlet.DispatcherServlet.doService(DispatcherServlet.java:856) [spring-webmvc-3.2.0.RELEASE.jar:3.2.0.RELEASE]
	at org.springframework.web.servlet.FrameworkServlet.processRequest(FrameworkServlet.java:915) [spring-webmvc-3.2.0.RELEASE.jar:3.2.0.RELEASE]
	at org.springframework.web.servlet.FrameworkServlet.doGet(FrameworkServlet.java:811) [spring-webmvc-3.2.0.RELEASE.jar:3.2.0.RELEASE]
	at javax.servlet.http.HttpServlet.service(HttpServlet.java:687) [javax.servlet-api-3.1.0.jar:3.1.0]
	at org.springframework.web.servlet.FrameworkServlet.service(FrameworkServlet.java:796) [spring-webmvc-3.2.0.RELEASE.jar:3.2.0.RELEASE]
	at javax.servlet.http.HttpServlet.service(HttpServlet.java:790) [javax.servlet-api-3.1.0.jar:3.1.0]
	at org.eclipse.jetty.servlet.ServletHolder.handle(ServletHolder.java:558) [jetty-servlet-8.0.4.v20111024.jar:8.0.4.v20111024]
	at org.eclipse.jetty.servlet.ServletHandler$CachedChain.doFilter(ServletHandler.java:1366) [jetty-servlet-8.0.4.v20111024.jar:8.0.4.v20111024]
	at org.springframework.web.filter.CharacterEncodingFilter.doFilterInternal(CharacterEncodingFilter.java:88) [spring-web-3.2.0.RELEASE.jar:3.2.0.RELEASE]
	at org.springframework.web.filter.OncePerRequestFilter.doFilter(OncePerRequestFilter.java:107) [spring-web-3.2.0.RELEASE.jar:3.2.0.RELEASE]
	at org.eclipse.jetty.servlet.ServletHandler$CachedChain.doFilter(ServletHandler.java:1337) [jetty-servlet-8.0.4.v20111024.jar:8.0.4.v20111024]
	at org.eclipse.jetty.servlet.ServletHandler.doHandle(ServletHandler.java:486) [jetty-servlet-8.0.4.v20111024.jar:8.0.4.v20111024]
	at org.eclipse.jetty.server.handler.ScopedHandler.handle(ScopedHandler.java:119) [jetty-server-8.0.4.v20111024.jar:8.0.4.v20111024]
	at org.eclipse.jetty.security.SecurityHandler.handle(SecurityHandler.java:520) [jetty-security-8.0.4.v20111024.jar:8.0.4.v20111024]
	at org.eclipse.jetty.server.session.SessionHandler.doHandle(SessionHandler.java:233) [jetty-server-8.0.4.v20111024.jar:8.0.4.v20111024]
	at org.eclipse.jetty.server.handler.ContextHandler.doHandle(ContextHandler.java:973) [jetty-server-8.0.4.v20111024.jar:8.0.4.v20111024]
	at org.eclipse.jetty.servlet.ServletHandler.doScope(ServletHandler.java:417) [jetty-servlet-8.0.4.v20111024.jar:8.0.4.v20111024]
	at org.eclipse.jetty.server.session.SessionHandler.doScope(SessionHandler.java:192) [jetty-server-8.0.4.v20111024.jar:8.0.4.v20111024]
	at org.eclipse.jetty.server.handler.ContextHandler.doScope(ContextHandler.java:907) [jetty-server-8.0.4.v20111024.jar:8.0.4.v20111024]
	at org.eclipse.jetty.server.handler.ScopedHandler.handle(ScopedHandler.java:117) [jetty-server-8.0.4.v20111024.jar:8.0.4.v20111024]
	at org.eclipse.jetty.server.handler.HandlerWrapper.handle(HandlerWrapper.java:110) [jetty-server-8.0.4.v20111024.jar:8.0.4.v20111024]
	at org.eclipse.jetty.server.Server.handle(Server.java:350) [jetty-server-8.0.4.v20111024.jar:8.0.4.v20111024]
	at org.eclipse.jetty.server.HttpConnection.handleRequest(HttpConnection.java:442) [jetty-server-8.0.4.v20111024.jar:8.0.4.v20111024]
	at org.eclipse.jetty.server.HttpConnection$RequestHandler.headerComplete(HttpConnection.java:924) [jetty-server-8.0.4.v20111024.jar:8.0.4.v20111024]
	at org.eclipse.jetty.http.HttpParser.parseNext(HttpParser.java:582) [jetty-http-8.0.4.v20111024.jar:8.0.4.v20111024]
	at org.eclipse.jetty.http.HttpParser.parseAvailable(HttpParser.java:218) [jetty-http-8.0.4.v20111024.jar:8.0.4.v20111024]
	at org.eclipse.jetty.server.AsyncHttpConnection.handle(AsyncHttpConnection.java:51) [jetty-server-8.0.4.v20111024.jar:8.0.4.v20111024]
	at org.eclipse.jetty.io.nio.SelectChannelEndPoint.handle(SelectChannelEndPoint.java:586) [jetty-io-8.0.4.v20111024.jar:8.0.4.v20111024]
	at org.eclipse.jetty.io.nio.SelectChannelEndPoint$1.run(SelectChannelEndPoint.java:44) [jetty-io-8.0.4.v20111024.jar:8.0.4.v20111024]
	at org.eclipse.jetty.util.thread.QueuedThreadPool.runJob(QueuedThreadPool.java:598) [jetty-util-8.0.4.v20111024.jar:8.0.4.v20111024]
	at org.eclipse.jetty.util.thread.QueuedThreadPool$3.run(QueuedThreadPool.java:533) [jetty-util-8.0.4.v20111024.jar:8.0.4.v20111024]
	at java.lang.Thread.run(Unknown Source) [na:1.7.0_45]
15:21:35.519 [qtp589696815-23] ERROR o.m.c.f.common.web.BaseFunctional - requestParams:{
	"name":["617907867@qq.com"]
}
org.mas.codehaus.finder.manager.exception.UserException: org.mas.codehaus.finder.common.web.exception.FinderException: password is empty
	at org.mas.codehaus.finder.manager.impl.UserServiceImpl.register(UserServiceImpl.java:53) ~[classes/:na]
	at sun.reflect.NativeMethodAccessorImpl.invoke0(Native Method) ~[na:1.7.0_45]
	at sun.reflect.NativeMethodAccessorImpl.invoke(Unknown Source) ~[na:1.7.0_45]
	at sun.reflect.DelegatingMethodAccessorImpl.invoke(Unknown Source) ~[na:1.7.0_45]
	at java.lang.reflect.Method.invoke(Unknown Source) ~[na:1.7.0_45]
	at org.springframework.aop.support.AopUtils.invokeJoinpointUsingReflection(AopUtils.java:317) ~[spring-aop-3.2.0.RELEASE.jar:3.2.0.RELEASE]
	at org.springframework.aop.framework.ReflectiveMethodInvocation.invokeJoinpoint(ReflectiveMethodInvocation.java:183) ~[spring-aop-3.2.0.RELEASE.jar:3.2.0.RELEASE]
	at org.springframework.aop.framework.ReflectiveMethodInvocation.proceed(ReflectiveMethodInvocation.java:150) ~[spring-aop-3.2.0.RELEASE.jar:3.2.0.RELEASE]
	at org.springframework.transaction.interceptor.TransactionInterceptor.invoke(TransactionInterceptor.java:110) ~[spring-tx-3.1.1.RELEASE.jar:3.1.1.RELEASE]
	at org.springframework.aop.framework.ReflectiveMethodInvocation.proceed(ReflectiveMethodInvocation.java:172) ~[spring-aop-3.2.0.RELEASE.jar:3.2.0.RELEASE]
	at org.springframework.aop.framework.JdkDynamicAopProxy.invoke(JdkDynamicAopProxy.java:204) ~[spring-aop-3.2.0.RELEASE.jar:3.2.0.RELEASE]
	at com.sun.proxy.$Proxy14.register(Unknown Source) ~[na:na]
	at org.mas.codehaus.finder.action.app.UserAction.register(UserAction.java:23) ~[classes/:na]
	at sun.reflect.NativeMethodAccessorImpl.invoke0(Native Method) ~[na:1.7.0_45]
	at sun.reflect.NativeMethodAccessorImpl.invoke(Unknown Source) ~[na:1.7.0_45]
	at sun.reflect.DelegatingMethodAccessorImpl.invoke(Unknown Source) ~[na:1.7.0_45]
	at java.lang.reflect.Method.invoke(Unknown Source) ~[na:1.7.0_45]
	at org.springframework.web.method.support.InvocableHandlerMethod.invoke(InvocableHandlerMethod.java:219) [spring-web-3.2.0.RELEASE.jar:3.2.0.RELEASE]
	at org.springframework.web.method.support.InvocableHandlerMethod.invokeForRequest(InvocableHandlerMethod.java:132) [spring-web-3.2.0.RELEASE.jar:3.2.0.RELEASE]
	at org.springframework.web.servlet.mvc.method.annotation.ServletInvocableHandlerMethod.invokeAndHandle(ServletInvocableHandlerMethod.java:104) [spring-webmvc-3.2.0.RELEASE.jar:3.2.0.RELEASE]
	at org.springframework.web.servlet.mvc.method.annotation.RequestMappingHandlerAdapter.invokeHandleMethod(RequestMappingHandlerAdapter.java:746) [spring-webmvc-3.2.0.RELEASE.jar:3.2.0.RELEASE]
	at org.springframework.web.servlet.mvc.method.annotation.RequestMappingHandlerAdapter.handleInternal(RequestMappingHandlerAdapter.java:687) [spring-webmvc-3.2.0.RELEASE.jar:3.2.0.RELEASE]
	at org.springframework.web.servlet.mvc.method.AbstractHandlerMethodAdapter.handle(AbstractHandlerMethodAdapter.java:80) [spring-webmvc-3.2.0.RELEASE.jar:3.2.0.RELEASE]
	at org.springframework.web.servlet.DispatcherServlet.doDispatch(DispatcherServlet.java:925) [spring-webmvc-3.2.0.RELEASE.jar:3.2.0.RELEASE]
	at org.springframework.web.servlet.DispatcherServlet.doService(DispatcherServlet.java:856) [spring-webmvc-3.2.0.RELEASE.jar:3.2.0.RELEASE]
	at org.springframework.web.servlet.FrameworkServlet.processRequest(FrameworkServlet.java:915) [spring-webmvc-3.2.0.RELEASE.jar:3.2.0.RELEASE]
	at org.springframework.web.servlet.FrameworkServlet.doGet(FrameworkServlet.java:811) [spring-webmvc-3.2.0.RELEASE.jar:3.2.0.RELEASE]
	at javax.servlet.http.HttpServlet.service(HttpServlet.java:687) [javax.servlet-api-3.1.0.jar:3.1.0]
	at org.springframework.web.servlet.FrameworkServlet.service(FrameworkServlet.java:796) [spring-webmvc-3.2.0.RELEASE.jar:3.2.0.RELEASE]
	at javax.servlet.http.HttpServlet.service(HttpServlet.java:790) [javax.servlet-api-3.1.0.jar:3.1.0]
	at org.eclipse.jetty.servlet.ServletHolder.handle(ServletHolder.java:558) [jetty-servlet-8.0.4.v20111024.jar:8.0.4.v20111024]
	at org.eclipse.jetty.servlet.ServletHandler$CachedChain.doFilter(ServletHandler.java:1366) [jetty-servlet-8.0.4.v20111024.jar:8.0.4.v20111024]
	at org.springframework.web.filter.CharacterEncodingFilter.doFilterInternal(CharacterEncodingFilter.java:88) [spring-web-3.2.0.RELEASE.jar:3.2.0.RELEASE]
	at org.springframework.web.filter.OncePerRequestFilter.doFilter(OncePerRequestFilter.java:107) [spring-web-3.2.0.RELEASE.jar:3.2.0.RELEASE]
	at org.eclipse.jetty.servlet.ServletHandler$CachedChain.doFilter(ServletHandler.java:1337) [jetty-servlet-8.0.4.v20111024.jar:8.0.4.v20111024]
	at org.eclipse.jetty.servlet.ServletHandler.doHandle(ServletHandler.java:486) [jetty-servlet-8.0.4.v20111024.jar:8.0.4.v20111024]
	at org.eclipse.jetty.server.handler.ScopedHandler.handle(ScopedHandler.java:119) [jetty-server-8.0.4.v20111024.jar:8.0.4.v20111024]
	at org.eclipse.jetty.security.SecurityHandler.handle(SecurityHandler.java:520) [jetty-security-8.0.4.v20111024.jar:8.0.4.v20111024]
	at org.eclipse.jetty.server.session.SessionHandler.doHandle(SessionHandler.java:233) [jetty-server-8.0.4.v20111024.jar:8.0.4.v20111024]
	at org.eclipse.jetty.server.handler.ContextHandler.doHandle(ContextHandler.java:973) [jetty-server-8.0.4.v20111024.jar:8.0.4.v20111024]
	at org.eclipse.jetty.servlet.ServletHandler.doScope(ServletHandler.java:417) [jetty-servlet-8.0.4.v20111024.jar:8.0.4.v20111024]
	at org.eclipse.jetty.server.session.SessionHandler.doScope(SessionHandler.java:192) [jetty-server-8.0.4.v20111024.jar:8.0.4.v20111024]
	at org.eclipse.jetty.server.handler.ContextHandler.doScope(ContextHandler.java:907) [jetty-server-8.0.4.v20111024.jar:8.0.4.v20111024]
	at org.eclipse.jetty.server.handler.ScopedHandler.handle(ScopedHandler.java:117) [jetty-server-8.0.4.v20111024.jar:8.0.4.v20111024]
	at org.eclipse.jetty.server.handler.HandlerWrapper.handle(HandlerWrapper.java:110) [jetty-server-8.0.4.v20111024.jar:8.0.4.v20111024]
	at org.eclipse.jetty.server.Server.handle(Server.java:350) [jetty-server-8.0.4.v20111024.jar:8.0.4.v20111024]
	at org.eclipse.jetty.server.HttpConnection.handleRequest(HttpConnection.java:442) [jetty-server-8.0.4.v20111024.jar:8.0.4.v20111024]
	at org.eclipse.jetty.server.HttpConnection$RequestHandler.headerComplete(HttpConnection.java:924) [jetty-server-8.0.4.v20111024.jar:8.0.4.v20111024]
	at org.eclipse.jetty.http.HttpParser.parseNext(HttpParser.java:582) [jetty-http-8.0.4.v20111024.jar:8.0.4.v20111024]
	at org.eclipse.jetty.http.HttpParser.parseAvailable(HttpParser.java:218) [jetty-http-8.0.4.v20111024.jar:8.0.4.v20111024]
	at org.eclipse.jetty.server.AsyncHttpConnection.handle(AsyncHttpConnection.java:51) [jetty-server-8.0.4.v20111024.jar:8.0.4.v20111024]
	at org.eclipse.jetty.io.nio.SelectChannelEndPoint.handle(SelectChannelEndPoint.java:586) [jetty-io-8.0.4.v20111024.jar:8.0.4.v20111024]
	at org.eclipse.jetty.io.nio.SelectChannelEndPoint$1.run(SelectChannelEndPoint.java:44) [jetty-io-8.0.4.v20111024.jar:8.0.4.v20111024]
	at org.eclipse.jetty.util.thread.QueuedThreadPool.runJob(QueuedThreadPool.java:598) [jetty-util-8.0.4.v20111024.jar:8.0.4.v20111024]
	at org.eclipse.jetty.util.thread.QueuedThreadPool$3.run(QueuedThreadPool.java:533) [jetty-util-8.0.4.v20111024.jar:8.0.4.v20111024]
	at java.lang.Thread.run(Unknown Source) [na:1.7.0_45]
Caused by: org.mas.codehaus.finder.common.web.exception.FinderException: password is empty
	at org.mas.codehaus.finder.common.CheckParams.checkParameterNotNull(CheckParams.java:16) ~[classes/:na]
	at org.mas.codehaus.finder.common.CheckParams.getString(CheckParams.java:9) ~[classes/:na]
	at org.mas.codehaus.finder.manager.impl.UserServiceImpl.register(UserServiceImpl.java:39) ~[classes/:na]
	... 55 common frames omitted
16:35:26.820 [qtp234808965-21] DEBUG o.m.c.f.manager.impl.UserServiceImpl - requestParams:{"name":"617907867@qq.com"}
16:35:26.922 [qtp234808965-21] ERROR o.m.c.f.manager.impl.UserServiceImpl - register user failed! id {} null
org.mas.codehaus.finder.common.web.exception.FinderException: password is empty
	at org.mas.codehaus.finder.common.CheckParams.checkParameterNotNull(CheckParams.java:16) ~[classes/:na]
	at org.mas.codehaus.finder.common.CheckParams.getString(CheckParams.java:9) ~[classes/:na]
	at org.mas.codehaus.finder.manager.impl.UserServiceImpl.register(UserServiceImpl.java:39) ~[classes/:na]
	at sun.reflect.NativeMethodAccessorImpl.invoke0(Native Method) ~[na:1.7.0_45]
	at sun.reflect.NativeMethodAccessorImpl.invoke(Unknown Source) ~[na:1.7.0_45]
	at sun.reflect.DelegatingMethodAccessorImpl.invoke(Unknown Source) ~[na:1.7.0_45]
	at java.lang.reflect.Method.invoke(Unknown Source) ~[na:1.7.0_45]
	at org.springframework.aop.support.AopUtils.invokeJoinpointUsingReflection(AopUtils.java:317) [spring-aop-3.2.0.RELEASE.jar:3.2.0.RELEASE]
	at org.springframework.aop.framework.ReflectiveMethodInvocation.invokeJoinpoint(ReflectiveMethodInvocation.java:183) [spring-aop-3.2.0.RELEASE.jar:3.2.0.RELEASE]
	at org.springframework.aop.framework.ReflectiveMethodInvocation.proceed(ReflectiveMethodInvocation.java:150) [spring-aop-3.2.0.RELEASE.jar:3.2.0.RELEASE]
	at org.springframework.transaction.interceptor.TransactionInterceptor.invoke(TransactionInterceptor.java:110) [spring-tx-3.1.1.RELEASE.jar:3.1.1.RELEASE]
	at org.springframework.aop.framework.ReflectiveMethodInvocation.proceed(ReflectiveMethodInvocation.java:172) [spring-aop-3.2.0.RELEASE.jar:3.2.0.RELEASE]
	at org.springframework.aop.framework.JdkDynamicAopProxy.invoke(JdkDynamicAopProxy.java:204) [spring-aop-3.2.0.RELEASE.jar:3.2.0.RELEASE]
	at com.sun.proxy.$Proxy14.register(Unknown Source) [na:na]
	at org.mas.codehaus.finder.action.app.UserAction.register(UserAction.java:23) [classes/:na]
	at sun.reflect.NativeMethodAccessorImpl.invoke0(Native Method) ~[na:1.7.0_45]
	at sun.reflect.NativeMethodAccessorImpl.invoke(Unknown Source) ~[na:1.7.0_45]
	at sun.reflect.DelegatingMethodAccessorImpl.invoke(Unknown Source) ~[na:1.7.0_45]
	at java.lang.reflect.Method.invoke(Unknown Source) ~[na:1.7.0_45]
	at org.springframework.web.method.support.InvocableHandlerMethod.invoke(InvocableHandlerMethod.java:219) [spring-web-3.2.0.RELEASE.jar:3.2.0.RELEASE]
	at org.springframework.web.method.support.InvocableHandlerMethod.invokeForRequest(InvocableHandlerMethod.java:132) [spring-web-3.2.0.RELEASE.jar:3.2.0.RELEASE]
	at org.springframework.web.servlet.mvc.method.annotation.ServletInvocableHandlerMethod.invokeAndHandle(ServletInvocableHandlerMethod.java:104) [spring-webmvc-3.2.0.RELEASE.jar:3.2.0.RELEASE]
	at org.springframework.web.servlet.mvc.method.annotation.RequestMappingHandlerAdapter.invokeHandleMethod(RequestMappingHandlerAdapter.java:746) [spring-webmvc-3.2.0.RELEASE.jar:3.2.0.RELEASE]
	at org.springframework.web.servlet.mvc.method.annotation.RequestMappingHandlerAdapter.handleInternal(RequestMappingHandlerAdapter.java:687) [spring-webmvc-3.2.0.RELEASE.jar:3.2.0.RELEASE]
	at org.springframework.web.servlet.mvc.method.AbstractHandlerMethodAdapter.handle(AbstractHandlerMethodAdapter.java:80) [spring-webmvc-3.2.0.RELEASE.jar:3.2.0.RELEASE]
	at org.springframework.web.servlet.DispatcherServlet.doDispatch(DispatcherServlet.java:925) [spring-webmvc-3.2.0.RELEASE.jar:3.2.0.RELEASE]
	at org.springframework.web.servlet.DispatcherServlet.doService(DispatcherServlet.java:856) [spring-webmvc-3.2.0.RELEASE.jar:3.2.0.RELEASE]
	at org.springframework.web.servlet.FrameworkServlet.processRequest(FrameworkServlet.java:915) [spring-webmvc-3.2.0.RELEASE.jar:3.2.0.RELEASE]
	at org.springframework.web.servlet.FrameworkServlet.doGet(FrameworkServlet.java:811) [spring-webmvc-3.2.0.RELEASE.jar:3.2.0.RELEASE]
	at javax.servlet.http.HttpServlet.service(HttpServlet.java:687) [javax.servlet-api-3.1.0.jar:3.1.0]
	at org.springframework.web.servlet.FrameworkServlet.service(FrameworkServlet.java:796) [spring-webmvc-3.2.0.RELEASE.jar:3.2.0.RELEASE]
	at javax.servlet.http.HttpServlet.service(HttpServlet.java:790) [javax.servlet-api-3.1.0.jar:3.1.0]
	at org.eclipse.jetty.servlet.ServletHolder.handle(ServletHolder.java:558) [jetty-servlet-8.0.4.v20111024.jar:8.0.4.v20111024]
	at org.eclipse.jetty.servlet.ServletHandler$CachedChain.doFilter(ServletHandler.java:1366) [jetty-servlet-8.0.4.v20111024.jar:8.0.4.v20111024]
	at org.springframework.web.filter.CharacterEncodingFilter.doFilterInternal(CharacterEncodingFilter.java:88) [spring-web-3.2.0.RELEASE.jar:3.2.0.RELEASE]
	at org.springframework.web.filter.OncePerRequestFilter.doFilter(OncePerRequestFilter.java:107) [spring-web-3.2.0.RELEASE.jar:3.2.0.RELEASE]
	at org.eclipse.jetty.servlet.ServletHandler$CachedChain.doFilter(ServletHandler.java:1337) [jetty-servlet-8.0.4.v20111024.jar:8.0.4.v20111024]
	at org.eclipse.jetty.servlet.ServletHandler.doHandle(ServletHandler.java:486) [jetty-servlet-8.0.4.v20111024.jar:8.0.4.v20111024]
	at org.eclipse.jetty.server.handler.ScopedHandler.handle(ScopedHandler.java:119) [jetty-server-8.0.4.v20111024.jar:8.0.4.v20111024]
	at org.eclipse.jetty.security.SecurityHandler.handle(SecurityHandler.java:520) [jetty-security-8.0.4.v20111024.jar:8.0.4.v20111024]
	at org.eclipse.jetty.server.session.SessionHandler.doHandle(SessionHandler.java:233) [jetty-server-8.0.4.v20111024.jar:8.0.4.v20111024]
	at org.eclipse.jetty.server.handler.ContextHandler.doHandle(ContextHandler.java:973) [jetty-server-8.0.4.v20111024.jar:8.0.4.v20111024]
	at org.eclipse.jetty.servlet.ServletHandler.doScope(ServletHandler.java:417) [jetty-servlet-8.0.4.v20111024.jar:8.0.4.v20111024]
	at org.eclipse.jetty.server.session.SessionHandler.doScope(SessionHandler.java:192) [jetty-server-8.0.4.v20111024.jar:8.0.4.v20111024]
	at org.eclipse.jetty.server.handler.ContextHandler.doScope(ContextHandler.java:907) [jetty-server-8.0.4.v20111024.jar:8.0.4.v20111024]
	at org.eclipse.jetty.server.handler.ScopedHandler.handle(ScopedHandler.java:117) [jetty-server-8.0.4.v20111024.jar:8.0.4.v20111024]
	at org.eclipse.jetty.server.handler.HandlerWrapper.handle(HandlerWrapper.java:110) [jetty-server-8.0.4.v20111024.jar:8.0.4.v20111024]
	at org.eclipse.jetty.server.Server.handle(Server.java:350) [jetty-server-8.0.4.v20111024.jar:8.0.4.v20111024]
	at org.eclipse.jetty.server.HttpConnection.handleRequest(HttpConnection.java:442) [jetty-server-8.0.4.v20111024.jar:8.0.4.v20111024]
	at org.eclipse.jetty.server.HttpConnection$RequestHandler.headerComplete(HttpConnection.java:924) [jetty-server-8.0.4.v20111024.jar:8.0.4.v20111024]
	at org.eclipse.jetty.http.HttpParser.parseNext(HttpParser.java:582) [jetty-http-8.0.4.v20111024.jar:8.0.4.v20111024]
	at org.eclipse.jetty.http.HttpParser.parseAvailable(HttpParser.java:218) [jetty-http-8.0.4.v20111024.jar:8.0.4.v20111024]
	at org.eclipse.jetty.server.AsyncHttpConnection.handle(AsyncHttpConnection.java:51) [jetty-server-8.0.4.v20111024.jar:8.0.4.v20111024]
	at org.eclipse.jetty.io.nio.SelectChannelEndPoint.handle(SelectChannelEndPoint.java:586) [jetty-io-8.0.4.v20111024.jar:8.0.4.v20111024]
	at org.eclipse.jetty.io.nio.SelectChannelEndPoint$1.run(SelectChannelEndPoint.java:44) [jetty-io-8.0.4.v20111024.jar:8.0.4.v20111024]
	at org.eclipse.jetty.util.thread.QueuedThreadPool.runJob(QueuedThreadPool.java:598) [jetty-util-8.0.4.v20111024.jar:8.0.4.v20111024]
	at org.eclipse.jetty.util.thread.QueuedThreadPool$3.run(QueuedThreadPool.java:533) [jetty-util-8.0.4.v20111024.jar:8.0.4.v20111024]
	at java.lang.Thread.run(Unknown Source) [na:1.7.0_45]
16:35:26.945 [qtp234808965-21] ERROR o.m.c.f.common.web.BaseFunctional - requestParams:{
	"name":["617907867@qq.com"]
}
org.mas.codehaus.finder.manager.exception.UserException: org.mas.codehaus.finder.common.web.exception.FinderException: password is empty
	at org.mas.codehaus.finder.manager.impl.UserServiceImpl.register(UserServiceImpl.java:53) ~[classes/:na]
	at sun.reflect.NativeMethodAccessorImpl.invoke0(Native Method) ~[na:1.7.0_45]
	at sun.reflect.NativeMethodAccessorImpl.invoke(Unknown Source) ~[na:1.7.0_45]
	at sun.reflect.DelegatingMethodAccessorImpl.invoke(Unknown Source) ~[na:1.7.0_45]
	at java.lang.reflect.Method.invoke(Unknown Source) ~[na:1.7.0_45]
	at org.springframework.aop.support.AopUtils.invokeJoinpointUsingReflection(AopUtils.java:317) ~[spring-aop-3.2.0.RELEASE.jar:3.2.0.RELEASE]
	at org.springframework.aop.framework.ReflectiveMethodInvocation.invokeJoinpoint(ReflectiveMethodInvocation.java:183) ~[spring-aop-3.2.0.RELEASE.jar:3.2.0.RELEASE]
	at org.springframework.aop.framework.ReflectiveMethodInvocation.proceed(ReflectiveMethodInvocation.java:150) ~[spring-aop-3.2.0.RELEASE.jar:3.2.0.RELEASE]
	at org.springframework.transaction.interceptor.TransactionInterceptor.invoke(TransactionInterceptor.java:110) ~[spring-tx-3.1.1.RELEASE.jar:3.1.1.RELEASE]
	at org.springframework.aop.framework.ReflectiveMethodInvocation.proceed(ReflectiveMethodInvocation.java:172) ~[spring-aop-3.2.0.RELEASE.jar:3.2.0.RELEASE]
	at org.springframework.aop.framework.JdkDynamicAopProxy.invoke(JdkDynamicAopProxy.java:204) ~[spring-aop-3.2.0.RELEASE.jar:3.2.0.RELEASE]
	at com.sun.proxy.$Proxy14.register(Unknown Source) ~[na:na]
	at org.mas.codehaus.finder.action.app.UserAction.register(UserAction.java:23) ~[classes/:na]
	at sun.reflect.NativeMethodAccessorImpl.invoke0(Native Method) ~[na:1.7.0_45]
	at sun.reflect.NativeMethodAccessorImpl.invoke(Unknown Source) ~[na:1.7.0_45]
	at sun.reflect.DelegatingMethodAccessorImpl.invoke(Unknown Source) ~[na:1.7.0_45]
	at java.lang.reflect.Method.invoke(Unknown Source) ~[na:1.7.0_45]
	at org.springframework.web.method.support.InvocableHandlerMethod.invoke(InvocableHandlerMethod.java:219) [spring-web-3.2.0.RELEASE.jar:3.2.0.RELEASE]
	at org.springframework.web.method.support.InvocableHandlerMethod.invokeForRequest(InvocableHandlerMethod.java:132) [spring-web-3.2.0.RELEASE.jar:3.2.0.RELEASE]
	at org.springframework.web.servlet.mvc.method.annotation.ServletInvocableHandlerMethod.invokeAndHandle(ServletInvocableHandlerMethod.java:104) [spring-webmvc-3.2.0.RELEASE.jar:3.2.0.RELEASE]
	at org.springframework.web.servlet.mvc.method.annotation.RequestMappingHandlerAdapter.invokeHandleMethod(RequestMappingHandlerAdapter.java:746) [spring-webmvc-3.2.0.RELEASE.jar:3.2.0.RELEASE]
	at org.springframework.web.servlet.mvc.method.annotation.RequestMappingHandlerAdapter.handleInternal(RequestMappingHandlerAdapter.java:687) [spring-webmvc-3.2.0.RELEASE.jar:3.2.0.RELEASE]
	at org.springframework.web.servlet.mvc.method.AbstractHandlerMethodAdapter.handle(AbstractHandlerMethodAdapter.java:80) [spring-webmvc-3.2.0.RELEASE.jar:3.2.0.RELEASE]
	at org.springframework.web.servlet.DispatcherServlet.doDispatch(DispatcherServlet.java:925) [spring-webmvc-3.2.0.RELEASE.jar:3.2.0.RELEASE]
	at org.springframework.web.servlet.DispatcherServlet.doService(DispatcherServlet.java:856) [spring-webmvc-3.2.0.RELEASE.jar:3.2.0.RELEASE]
	at org.springframework.web.servlet.FrameworkServlet.processRequest(FrameworkServlet.java:915) [spring-webmvc-3.2.0.RELEASE.jar:3.2.0.RELEASE]
	at org.springframework.web.servlet.FrameworkServlet.doGet(FrameworkServlet.java:811) [spring-webmvc-3.2.0.RELEASE.jar:3.2.0.RELEASE]
	at javax.servlet.http.HttpServlet.service(HttpServlet.java:687) [javax.servlet-api-3.1.0.jar:3.1.0]
	at org.springframework.web.servlet.FrameworkServlet.service(FrameworkServlet.java:796) [spring-webmvc-3.2.0.RELEASE.jar:3.2.0.RELEASE]
	at javax.servlet.http.HttpServlet.service(HttpServlet.java:790) [javax.servlet-api-3.1.0.jar:3.1.0]
	at org.eclipse.jetty.servlet.ServletHolder.handle(ServletHolder.java:558) [jetty-servlet-8.0.4.v20111024.jar:8.0.4.v20111024]
	at org.eclipse.jetty.servlet.ServletHandler$CachedChain.doFilter(ServletHandler.java:1366) [jetty-servlet-8.0.4.v20111024.jar:8.0.4.v20111024]
	at org.springframework.web.filter.CharacterEncodingFilter.doFilterInternal(CharacterEncodingFilter.java:88) [spring-web-3.2.0.RELEASE.jar:3.2.0.RELEASE]
	at org.springframework.web.filter.OncePerRequestFilter.doFilter(OncePerRequestFilter.java:107) [spring-web-3.2.0.RELEASE.jar:3.2.0.RELEASE]
	at org.eclipse.jetty.servlet.ServletHandler$CachedChain.doFilter(ServletHandler.java:1337) [jetty-servlet-8.0.4.v20111024.jar:8.0.4.v20111024]
	at org.eclipse.jetty.servlet.ServletHandler.doHandle(ServletHandler.java:486) [jetty-servlet-8.0.4.v20111024.jar:8.0.4.v20111024]
	at org.eclipse.jetty.server.handler.ScopedHandler.handle(ScopedHandler.java:119) [jetty-server-8.0.4.v20111024.jar:8.0.4.v20111024]
	at org.eclipse.jetty.security.SecurityHandler.handle(SecurityHandler.java:520) [jetty-security-8.0.4.v20111024.jar:8.0.4.v20111024]
	at org.eclipse.jetty.server.session.SessionHandler.doHandle(SessionHandler.java:233) [jetty-server-8.0.4.v20111024.jar:8.0.4.v20111024]
	at org.eclipse.jetty.server.handler.ContextHandler.doHandle(ContextHandler.java:973) [jetty-server-8.0.4.v20111024.jar:8.0.4.v20111024]
	at org.eclipse.jetty.servlet.ServletHandler.doScope(ServletHandler.java:417) [jetty-servlet-8.0.4.v20111024.jar:8.0.4.v20111024]
	at org.eclipse.jetty.server.session.SessionHandler.doScope(SessionHandler.java:192) [jetty-server-8.0.4.v20111024.jar:8.0.4.v20111024]
	at org.eclipse.jetty.server.handler.ContextHandler.doScope(ContextHandler.java:907) [jetty-server-8.0.4.v20111024.jar:8.0.4.v20111024]
	at org.eclipse.jetty.server.handler.ScopedHandler.handle(ScopedHandler.java:117) [jetty-server-8.0.4.v20111024.jar:8.0.4.v20111024]
	at org.eclipse.jetty.server.handler.HandlerWrapper.handle(HandlerWrapper.java:110) [jetty-server-8.0.4.v20111024.jar:8.0.4.v20111024]
	at org.eclipse.jetty.server.Server.handle(Server.java:350) [jetty-server-8.0.4.v20111024.jar:8.0.4.v20111024]
	at org.eclipse.jetty.server.HttpConnection.handleRequest(HttpConnection.java:442) [jetty-server-8.0.4.v20111024.jar:8.0.4.v20111024]
	at org.eclipse.jetty.server.HttpConnection$RequestHandler.headerComplete(HttpConnection.java:924) [jetty-server-8.0.4.v20111024.jar:8.0.4.v20111024]
	at org.eclipse.jetty.http.HttpParser.parseNext(HttpParser.java:582) [jetty-http-8.0.4.v20111024.jar:8.0.4.v20111024]
	at org.eclipse.jetty.http.HttpParser.parseAvailable(HttpParser.java:218) [jetty-http-8.0.4.v20111024.jar:8.0.4.v20111024]
	at org.eclipse.jetty.server.AsyncHttpConnection.handle(AsyncHttpConnection.java:51) [jetty-server-8.0.4.v20111024.jar:8.0.4.v20111024]
	at org.eclipse.jetty.io.nio.SelectChannelEndPoint.handle(SelectChannelEndPoint.java:586) [jetty-io-8.0.4.v20111024.jar:8.0.4.v20111024]
	at org.eclipse.jetty.io.nio.SelectChannelEndPoint$1.run(SelectChannelEndPoint.java:44) [jetty-io-8.0.4.v20111024.jar:8.0.4.v20111024]
	at org.eclipse.jetty.util.thread.QueuedThreadPool.runJob(QueuedThreadPool.java:598) [jetty-util-8.0.4.v20111024.jar:8.0.4.v20111024]
	at org.eclipse.jetty.util.thread.QueuedThreadPool$3.run(QueuedThreadPool.java:533) [jetty-util-8.0.4.v20111024.jar:8.0.4.v20111024]
	at java.lang.Thread.run(Unknown Source) [na:1.7.0_45]
Caused by: org.mas.codehaus.finder.common.web.exception.FinderException: password is empty
	at org.mas.codehaus.finder.common.CheckParams.checkParameterNotNull(CheckParams.java:16) ~[classes/:na]
	at org.mas.codehaus.finder.common.CheckParams.getString(CheckParams.java:9) ~[classes/:na]
	at org.mas.codehaus.finder.manager.impl.UserServiceImpl.register(UserServiceImpl.java:39) ~[classes/:na]
	... 55 common frames omitted
16:37:46.175 [qtp234808965-18] DEBUG o.m.c.f.manager.impl.UserServiceImpl - requestParams:{"name":"617907867@qq.com","password":"1aaa"}
16:37:46.573 [qtp234808965-18] DEBUG o.m.c.f.d.UserDao.getUserByUserName - ooo Using Connection [com.alibaba.druid.proxy.jdbc.ConnectionProxyImpl@271f68d2]
16:37:46.604 [qtp234808965-18] DEBUG o.m.c.f.d.UserDao.getUserByUserName - ==>  Preparing: select count(u.name) from user u where u.name = ? 
16:37:46.791 [qtp234808965-18] DEBUG o.m.c.f.d.UserDao.getUserByUserName - ==> Parameters: 617907867@qq.com(String)
16:37:47.238 [qtp234808965-18] DEBUG o.m.c.f.manager.impl.UserServiceImpl - username is exist!
16:37:47.243 [qtp234808965-18] ERROR o.m.c.f.manager.impl.UserServiceImpl - register user failed! id {} null
org.mas.codehaus.finder.manager.exception.UserException: username is exist
	at org.mas.codehaus.finder.manager.impl.UserServiceImpl.register(UserServiceImpl.java:43) ~[classes/:na]
	at sun.reflect.NativeMethodAccessorImpl.invoke0(Native Method) ~[na:1.7.0_45]
	at sun.reflect.NativeMethodAccessorImpl.invoke(Unknown Source) ~[na:1.7.0_45]
	at sun.reflect.DelegatingMethodAccessorImpl.invoke(Unknown Source) ~[na:1.7.0_45]
	at java.lang.reflect.Method.invoke(Unknown Source) ~[na:1.7.0_45]
	at org.springframework.aop.support.AopUtils.invokeJoinpointUsingReflection(AopUtils.java:317) [spring-aop-3.2.0.RELEASE.jar:3.2.0.RELEASE]
	at org.springframework.aop.framework.ReflectiveMethodInvocation.invokeJoinpoint(ReflectiveMethodInvocation.java:183) [spring-aop-3.2.0.RELEASE.jar:3.2.0.RELEASE]
	at org.springframework.aop.framework.ReflectiveMethodInvocation.proceed(ReflectiveMethodInvocation.java:150) [spring-aop-3.2.0.RELEASE.jar:3.2.0.RELEASE]
	at org.springframework.transaction.interceptor.TransactionInterceptor.invoke(TransactionInterceptor.java:110) [spring-tx-3.1.1.RELEASE.jar:3.1.1.RELEASE]
	at org.springframework.aop.framework.ReflectiveMethodInvocation.proceed(ReflectiveMethodInvocation.java:172) [spring-aop-3.2.0.RELEASE.jar:3.2.0.RELEASE]
	at org.springframework.aop.framework.JdkDynamicAopProxy.invoke(JdkDynamicAopProxy.java:204) [spring-aop-3.2.0.RELEASE.jar:3.2.0.RELEASE]
	at com.sun.proxy.$Proxy14.register(Unknown Source) [na:na]
	at org.mas.codehaus.finder.action.app.UserAction.register(UserAction.java:23) [classes/:na]
	at sun.reflect.NativeMethodAccessorImpl.invoke0(Native Method) ~[na:1.7.0_45]
	at sun.reflect.NativeMethodAccessorImpl.invoke(Unknown Source) ~[na:1.7.0_45]
	at sun.reflect.DelegatingMethodAccessorImpl.invoke(Unknown Source) ~[na:1.7.0_45]
	at java.lang.reflect.Method.invoke(Unknown Source) ~[na:1.7.0_45]
	at org.springframework.web.method.support.InvocableHandlerMethod.invoke(InvocableHandlerMethod.java:219) [spring-web-3.2.0.RELEASE.jar:3.2.0.RELEASE]
	at org.springframework.web.method.support.InvocableHandlerMethod.invokeForRequest(InvocableHandlerMethod.java:132) [spring-web-3.2.0.RELEASE.jar:3.2.0.RELEASE]
	at org.springframework.web.servlet.mvc.method.annotation.ServletInvocableHandlerMethod.invokeAndHandle(ServletInvocableHandlerMethod.java:104) [spring-webmvc-3.2.0.RELEASE.jar:3.2.0.RELEASE]
	at org.springframework.web.servlet.mvc.method.annotation.RequestMappingHandlerAdapter.invokeHandleMethod(RequestMappingHandlerAdapter.java:746) [spring-webmvc-3.2.0.RELEASE.jar:3.2.0.RELEASE]
	at org.springframework.web.servlet.mvc.method.annotation.RequestMappingHandlerAdapter.handleInternal(RequestMappingHandlerAdapter.java:687) [spring-webmvc-3.2.0.RELEASE.jar:3.2.0.RELEASE]
	at org.springframework.web.servlet.mvc.method.AbstractHandlerMethodAdapter.handle(AbstractHandlerMethodAdapter.java:80) [spring-webmvc-3.2.0.RELEASE.jar:3.2.0.RELEASE]
	at org.springframework.web.servlet.DispatcherServlet.doDispatch(DispatcherServlet.java:925) [spring-webmvc-3.2.0.RELEASE.jar:3.2.0.RELEASE]
	at org.springframework.web.servlet.DispatcherServlet.doService(DispatcherServlet.java:856) [spring-webmvc-3.2.0.RELEASE.jar:3.2.0.RELEASE]
	at org.springframework.web.servlet.FrameworkServlet.processRequest(FrameworkServlet.java:915) [spring-webmvc-3.2.0.RELEASE.jar:3.2.0.RELEASE]
	at org.springframework.web.servlet.FrameworkServlet.doGet(FrameworkServlet.java:811) [spring-webmvc-3.2.0.RELEASE.jar:3.2.0.RELEASE]
	at javax.servlet.http.HttpServlet.service(HttpServlet.java:687) [javax.servlet-api-3.1.0.jar:3.1.0]
	at org.springframework.web.servlet.FrameworkServlet.service(FrameworkServlet.java:796) [spring-webmvc-3.2.0.RELEASE.jar:3.2.0.RELEASE]
	at javax.servlet.http.HttpServlet.service(HttpServlet.java:790) [javax.servlet-api-3.1.0.jar:3.1.0]
	at org.eclipse.jetty.servlet.ServletHolder.handle(ServletHolder.java:558) [jetty-servlet-8.0.4.v20111024.jar:8.0.4.v20111024]
	at org.eclipse.jetty.servlet.ServletHandler$CachedChain.doFilter(ServletHandler.java:1366) [jetty-servlet-8.0.4.v20111024.jar:8.0.4.v20111024]
	at org.springframework.web.filter.CharacterEncodingFilter.doFilterInternal(CharacterEncodingFilter.java:88) [spring-web-3.2.0.RELEASE.jar:3.2.0.RELEASE]
	at org.springframework.web.filter.OncePerRequestFilter.doFilter(OncePerRequestFilter.java:107) [spring-web-3.2.0.RELEASE.jar:3.2.0.RELEASE]
	at org.eclipse.jetty.servlet.ServletHandler$CachedChain.doFilter(ServletHandler.java:1337) [jetty-servlet-8.0.4.v20111024.jar:8.0.4.v20111024]
	at org.eclipse.jetty.servlet.ServletHandler.doHandle(ServletHandler.java:486) [jetty-servlet-8.0.4.v20111024.jar:8.0.4.v20111024]
	at org.eclipse.jetty.server.handler.ScopedHandler.handle(ScopedHandler.java:119) [jetty-server-8.0.4.v20111024.jar:8.0.4.v20111024]
	at org.eclipse.jetty.security.SecurityHandler.handle(SecurityHandler.java:520) [jetty-security-8.0.4.v20111024.jar:8.0.4.v20111024]
	at org.eclipse.jetty.server.session.SessionHandler.doHandle(SessionHandler.java:233) [jetty-server-8.0.4.v20111024.jar:8.0.4.v20111024]
	at org.eclipse.jetty.server.handler.ContextHandler.doHandle(ContextHandler.java:973) [jetty-server-8.0.4.v20111024.jar:8.0.4.v20111024]
	at org.eclipse.jetty.servlet.ServletHandler.doScope(ServletHandler.java:417) [jetty-servlet-8.0.4.v20111024.jar:8.0.4.v20111024]
	at org.eclipse.jetty.server.session.SessionHandler.doScope(SessionHandler.java:192) [jetty-server-8.0.4.v20111024.jar:8.0.4.v20111024]
	at org.eclipse.jetty.server.handler.ContextHandler.doScope(ContextHandler.java:907) [jetty-server-8.0.4.v20111024.jar:8.0.4.v20111024]
	at org.eclipse.jetty.server.handler.ScopedHandler.handle(ScopedHandler.java:117) [jetty-server-8.0.4.v20111024.jar:8.0.4.v20111024]
	at org.eclipse.jetty.server.handler.HandlerWrapper.handle(HandlerWrapper.java:110) [jetty-server-8.0.4.v20111024.jar:8.0.4.v20111024]
	at org.eclipse.jetty.server.Server.handle(Server.java:350) [jetty-server-8.0.4.v20111024.jar:8.0.4.v20111024]
	at org.eclipse.jetty.server.HttpConnection.handleRequest(HttpConnection.java:442) [jetty-server-8.0.4.v20111024.jar:8.0.4.v20111024]
	at org.eclipse.jetty.server.HttpConnection$RequestHandler.headerComplete(HttpConnection.java:924) [jetty-server-8.0.4.v20111024.jar:8.0.4.v20111024]
	at org.eclipse.jetty.http.HttpParser.parseNext(HttpParser.java:582) [jetty-http-8.0.4.v20111024.jar:8.0.4.v20111024]
	at org.eclipse.jetty.http.HttpParser.parseAvailable(HttpParser.java:218) [jetty-http-8.0.4.v20111024.jar:8.0.4.v20111024]
	at org.eclipse.jetty.server.AsyncHttpConnection.handle(AsyncHttpConnection.java:51) [jetty-server-8.0.4.v20111024.jar:8.0.4.v20111024]
	at org.eclipse.jetty.io.nio.SelectChannelEndPoint.handle(SelectChannelEndPoint.java:586) [jetty-io-8.0.4.v20111024.jar:8.0.4.v20111024]
	at org.eclipse.jetty.io.nio.SelectChannelEndPoint$1.run(SelectChannelEndPoint.java:44) [jetty-io-8.0.4.v20111024.jar:8.0.4.v20111024]
	at org.eclipse.jetty.util.thread.QueuedThreadPool.runJob(QueuedThreadPool.java:598) [jetty-util-8.0.4.v20111024.jar:8.0.4.v20111024]
	at org.eclipse.jetty.util.thread.QueuedThreadPool$3.run(QueuedThreadPool.java:533) [jetty-util-8.0.4.v20111024.jar:8.0.4.v20111024]
	at java.lang.Thread.run(Unknown Source) [na:1.7.0_45]
16:37:47.258 [qtp234808965-18] ERROR o.m.c.f.common.web.BaseFunctional - requestParams:{
	"name":["617907867@qq.com"],
	"password":["1aaa"]
}
org.mas.codehaus.finder.manager.exception.UserException: org.mas.codehaus.finder.manager.exception.UserException: username is exist
	at org.mas.codehaus.finder.manager.impl.UserServiceImpl.register(UserServiceImpl.java:53) ~[classes/:na]
	at sun.reflect.NativeMethodAccessorImpl.invoke0(Native Method) ~[na:1.7.0_45]
	at sun.reflect.NativeMethodAccessorImpl.invoke(Unknown Source) ~[na:1.7.0_45]
	at sun.reflect.DelegatingMethodAccessorImpl.invoke(Unknown Source) ~[na:1.7.0_45]
	at java.lang.reflect.Method.invoke(Unknown Source) ~[na:1.7.0_45]
	at org.springframework.aop.support.AopUtils.invokeJoinpointUsingReflection(AopUtils.java:317) ~[spring-aop-3.2.0.RELEASE.jar:3.2.0.RELEASE]
	at org.springframework.aop.framework.ReflectiveMethodInvocation.invokeJoinpoint(ReflectiveMethodInvocation.java:183) ~[spring-aop-3.2.0.RELEASE.jar:3.2.0.RELEASE]
	at org.springframework.aop.framework.ReflectiveMethodInvocation.proceed(ReflectiveMethodInvocation.java:150) ~[spring-aop-3.2.0.RELEASE.jar:3.2.0.RELEASE]
	at org.springframework.transaction.interceptor.TransactionInterceptor.invoke(TransactionInterceptor.java:110) ~[spring-tx-3.1.1.RELEASE.jar:3.1.1.RELEASE]
	at org.springframework.aop.framework.ReflectiveMethodInvocation.proceed(ReflectiveMethodInvocation.java:172) ~[spring-aop-3.2.0.RELEASE.jar:3.2.0.RELEASE]
	at org.springframework.aop.framework.JdkDynamicAopProxy.invoke(JdkDynamicAopProxy.java:204) ~[spring-aop-3.2.0.RELEASE.jar:3.2.0.RELEASE]
	at com.sun.proxy.$Proxy14.register(Unknown Source) ~[na:na]
	at org.mas.codehaus.finder.action.app.UserAction.register(UserAction.java:23) ~[classes/:na]
	at sun.reflect.NativeMethodAccessorImpl.invoke0(Native Method) ~[na:1.7.0_45]
	at sun.reflect.NativeMethodAccessorImpl.invoke(Unknown Source) ~[na:1.7.0_45]
	at sun.reflect.DelegatingMethodAccessorImpl.invoke(Unknown Source) ~[na:1.7.0_45]
	at java.lang.reflect.Method.invoke(Unknown Source) ~[na:1.7.0_45]
	at org.springframework.web.method.support.InvocableHandlerMethod.invoke(InvocableHandlerMethod.java:219) [spring-web-3.2.0.RELEASE.jar:3.2.0.RELEASE]
	at org.springframework.web.method.support.InvocableHandlerMethod.invokeForRequest(InvocableHandlerMethod.java:132) [spring-web-3.2.0.RELEASE.jar:3.2.0.RELEASE]
	at org.springframework.web.servlet.mvc.method.annotation.ServletInvocableHandlerMethod.invokeAndHandle(ServletInvocableHandlerMethod.java:104) [spring-webmvc-3.2.0.RELEASE.jar:3.2.0.RELEASE]
	at org.springframework.web.servlet.mvc.method.annotation.RequestMappingHandlerAdapter.invokeHandleMethod(RequestMappingHandlerAdapter.java:746) [spring-webmvc-3.2.0.RELEASE.jar:3.2.0.RELEASE]
	at org.springframework.web.servlet.mvc.method.annotation.RequestMappingHandlerAdapter.handleInternal(RequestMappingHandlerAdapter.java:687) [spring-webmvc-3.2.0.RELEASE.jar:3.2.0.RELEASE]
	at org.springframework.web.servlet.mvc.method.AbstractHandlerMethodAdapter.handle(AbstractHandlerMethodAdapter.java:80) [spring-webmvc-3.2.0.RELEASE.jar:3.2.0.RELEASE]
	at org.springframework.web.servlet.DispatcherServlet.doDispatch(DispatcherServlet.java:925) [spring-webmvc-3.2.0.RELEASE.jar:3.2.0.RELEASE]
	at org.springframework.web.servlet.DispatcherServlet.doService(DispatcherServlet.java:856) [spring-webmvc-3.2.0.RELEASE.jar:3.2.0.RELEASE]
	at org.springframework.web.servlet.FrameworkServlet.processRequest(FrameworkServlet.java:915) [spring-webmvc-3.2.0.RELEASE.jar:3.2.0.RELEASE]
	at org.springframework.web.servlet.FrameworkServlet.doGet(FrameworkServlet.java:811) [spring-webmvc-3.2.0.RELEASE.jar:3.2.0.RELEASE]
	at javax.servlet.http.HttpServlet.service(HttpServlet.java:687) [javax.servlet-api-3.1.0.jar:3.1.0]
	at org.springframework.web.servlet.FrameworkServlet.service(FrameworkServlet.java:796) [spring-webmvc-3.2.0.RELEASE.jar:3.2.0.RELEASE]
	at javax.servlet.http.HttpServlet.service(HttpServlet.java:790) [javax.servlet-api-3.1.0.jar:3.1.0]
	at org.eclipse.jetty.servlet.ServletHolder.handle(ServletHolder.java:558) [jetty-servlet-8.0.4.v20111024.jar:8.0.4.v20111024]
	at org.eclipse.jetty.servlet.ServletHandler$CachedChain.doFilter(ServletHandler.java:1366) [jetty-servlet-8.0.4.v20111024.jar:8.0.4.v20111024]
	at org.springframework.web.filter.CharacterEncodingFilter.doFilterInternal(CharacterEncodingFilter.java:88) [spring-web-3.2.0.RELEASE.jar:3.2.0.RELEASE]
	at org.springframework.web.filter.OncePerRequestFilter.doFilter(OncePerRequestFilter.java:107) [spring-web-3.2.0.RELEASE.jar:3.2.0.RELEASE]
	at org.eclipse.jetty.servlet.ServletHandler$CachedChain.doFilter(ServletHandler.java:1337) [jetty-servlet-8.0.4.v20111024.jar:8.0.4.v20111024]
	at org.eclipse.jetty.servlet.ServletHandler.doHandle(ServletHandler.java:486) [jetty-servlet-8.0.4.v20111024.jar:8.0.4.v20111024]
	at org.eclipse.jetty.server.handler.ScopedHandler.handle(ScopedHandler.java:119) [jetty-server-8.0.4.v20111024.jar:8.0.4.v20111024]
	at org.eclipse.jetty.security.SecurityHandler.handle(SecurityHandler.java:520) [jetty-security-8.0.4.v20111024.jar:8.0.4.v20111024]
	at org.eclipse.jetty.server.session.SessionHandler.doHandle(SessionHandler.java:233) [jetty-server-8.0.4.v20111024.jar:8.0.4.v20111024]
	at org.eclipse.jetty.server.handler.ContextHandler.doHandle(ContextHandler.java:973) [jetty-server-8.0.4.v20111024.jar:8.0.4.v20111024]
	at org.eclipse.jetty.servlet.ServletHandler.doScope(ServletHandler.java:417) [jetty-servlet-8.0.4.v20111024.jar:8.0.4.v20111024]
	at org.eclipse.jetty.server.session.SessionHandler.doScope(SessionHandler.java:192) [jetty-server-8.0.4.v20111024.jar:8.0.4.v20111024]
	at org.eclipse.jetty.server.handler.ContextHandler.doScope(ContextHandler.java:907) [jetty-server-8.0.4.v20111024.jar:8.0.4.v20111024]
	at org.eclipse.jetty.server.handler.ScopedHandler.handle(ScopedHandler.java:117) [jetty-server-8.0.4.v20111024.jar:8.0.4.v20111024]
	at org.eclipse.jetty.server.handler.HandlerWrapper.handle(HandlerWrapper.java:110) [jetty-server-8.0.4.v20111024.jar:8.0.4.v20111024]
	at org.eclipse.jetty.server.Server.handle(Server.java:350) [jetty-server-8.0.4.v20111024.jar:8.0.4.v20111024]
	at org.eclipse.jetty.server.HttpConnection.handleRequest(HttpConnection.java:442) [jetty-server-8.0.4.v20111024.jar:8.0.4.v20111024]
	at org.eclipse.jetty.server.HttpConnection$RequestHandler.headerComplete(HttpConnection.java:924) [jetty-server-8.0.4.v20111024.jar:8.0.4.v20111024]
	at org.eclipse.jetty.http.HttpParser.parseNext(HttpParser.java:582) [jetty-http-8.0.4.v20111024.jar:8.0.4.v20111024]
	at org.eclipse.jetty.http.HttpParser.parseAvailable(HttpParser.java:218) [jetty-http-8.0.4.v20111024.jar:8.0.4.v20111024]
	at org.eclipse.jetty.server.AsyncHttpConnection.handle(AsyncHttpConnection.java:51) [jetty-server-8.0.4.v20111024.jar:8.0.4.v20111024]
	at org.eclipse.jetty.io.nio.SelectChannelEndPoint.handle(SelectChannelEndPoint.java:586) [jetty-io-8.0.4.v20111024.jar:8.0.4.v20111024]
	at org.eclipse.jetty.io.nio.SelectChannelEndPoint$1.run(SelectChannelEndPoint.java:44) [jetty-io-8.0.4.v20111024.jar:8.0.4.v20111024]
	at org.eclipse.jetty.util.thread.QueuedThreadPool.runJob(QueuedThreadPool.java:598) [jetty-util-8.0.4.v20111024.jar:8.0.4.v20111024]
	at org.eclipse.jetty.util.thread.QueuedThreadPool$3.run(QueuedThreadPool.java:533) [jetty-util-8.0.4.v20111024.jar:8.0.4.v20111024]
	at java.lang.Thread.run(Unknown Source) [na:1.7.0_45]
Caused by: org.mas.codehaus.finder.manager.exception.UserException: username is exist
	at org.mas.codehaus.finder.manager.impl.UserServiceImpl.register(UserServiceImpl.java:43) ~[classes/:na]
	... 55 common frames omitted
16:38:06.180 [qtp234808965-20] DEBUG o.m.c.f.manager.impl.UserServiceImpl - requestParams:{"name":"6179078671@qq.com","password":"1aaa"}
16:38:06.182 [qtp234808965-20] DEBUG o.m.c.f.d.UserDao.getUserByUserName - ooo Using Connection [com.alibaba.druid.proxy.jdbc.ConnectionProxyImpl@271f68d2]
16:38:06.182 [qtp234808965-20] DEBUG o.m.c.f.d.UserDao.getUserByUserName - ==>  Preparing: select count(u.name) from user u where u.name = ? 
16:38:06.183 [qtp234808965-20] DEBUG o.m.c.f.d.UserDao.getUserByUserName - ==> Parameters: 6179078671@qq.com(String)
16:38:06.189 [qtp234808965-20] DEBUG o.m.c.finder.dao.UserDao.register - ooo Using Connection [com.alibaba.druid.proxy.jdbc.ConnectionProxyImpl@271f68d2]
16:38:06.191 [qtp234808965-20] DEBUG o.m.c.finder.dao.UserDao.register - ==>  Preparing: insert into user (id, name, password, email, nickname, avatar, sex, cellphone, register_time, user_token) values (?, ?, ?, ?, ?, ?, ?, ?, ?, ?) 
16:38:06.196 [qtp234808965-20] DEBUG o.m.c.finder.dao.UserDao.register - ==> Parameters: null, 6179078671@qq.com(String), 1aaa(String), 6179078671@qq.com(String), null, null, null, null, null, null
