[20130812 10:36:11 260 DEBUG] cn.zthz.tool.user.UserOperationImpl - insert into AProfile(userId, name, company, address, idcard, reason, createTime) values('1','lisi','中天华智','null','cn.zthz.tool.user.AProfile@7ef73d69','2013-08-12 10:36:11.26')
[20130812 10:36:11 619 ERROR] cn.zthz.tool.user.UserOperationImpl - user id:1
java.sql.SQLException: Column count doesn't match value count at row 1
	at com.mysql.jdbc.SQLError.createSQLException(SQLError.java:1073)
	at com.mysql.jdbc.MysqlIO.checkErrorPacket(MysqlIO.java:4096)
	at com.mysql.jdbc.MysqlIO.checkErrorPacket(MysqlIO.java:4028)
	at com.mysql.jdbc.MysqlIO.sendCommand(MysqlIO.java:2490)
	at com.mysql.jdbc.MysqlIO.sqlQueryDirect(MysqlIO.java:2651)
	at com.mysql.jdbc.ConnectionImpl.execSQL(ConnectionImpl.java:2677)
	at com.mysql.jdbc.StatementImpl.executeUpdate(StatementImpl.java:1748)
	at com.mysql.jdbc.StatementImpl.executeUpdate(StatementImpl.java:1665)
	at com.jolbox.bonecp.StatementHandle.executeUpdate(StatementHandle.java:536)
	at cn.zthz.tool.db.QuickDB.insert(QuickDB.java:163)
	at cn.zthz.tool.user.UserOperationImpl.applyAuth(UserOperationImpl.java:531)
	at cn.zthz.tool.user.UserOperationImplTest.testApplyAuth(UserOperationImplTest.java:77)
	at sun.reflect.NativeMethodAccessorImpl.invoke0(Native Method)
	at sun.reflect.NativeMethodAccessorImpl.invoke(Unknown Source)
	at sun.reflect.DelegatingMethodAccessorImpl.invoke(Unknown Source)
	at java.lang.reflect.Method.invoke(Unknown Source)
	at org.junit.runners.model.FrameworkMethod$1.runReflectiveCall(FrameworkMethod.java:45)
	at org.junit.internal.runners.model.ReflectiveCallable.run(ReflectiveCallable.java:15)
	at org.junit.runners.model.FrameworkMethod.invokeExplosively(FrameworkMethod.java:42)
	at org.junit.internal.runners.statements.InvokeMethod.evaluate(InvokeMethod.java:20)
	at org.junit.runners.ParentRunner.runLeaf(ParentRunner.java:263)
	at org.junit.runners.BlockJUnit4ClassRunner.runChild(BlockJUnit4ClassRunner.java:68)
	at org.junit.runners.BlockJUnit4ClassRunner.runChild(BlockJUnit4ClassRunner.java:47)
	at org.junit.runners.ParentRunner$3.run(ParentRunner.java:231)
	at org.junit.runners.ParentRunner$1.schedule(ParentRunner.java:60)
	at org.junit.runners.ParentRunner.runChildren(ParentRunner.java:229)
	at org.junit.runners.ParentRunner.access$000(ParentRunner.java:50)
	at org.junit.runners.ParentRunner$2.evaluate(ParentRunner.java:222)
	at org.junit.runners.ParentRunner.run(ParentRunner.java:300)
	at org.eclipse.jdt.internal.junit4.runner.JUnit4TestReference.run(JUnit4TestReference.java:50)
	at org.eclipse.jdt.internal.junit.runner.TestExecution.run(TestExecution.java:38)
	at org.eclipse.jdt.internal.junit.runner.RemoteTestRunner.runTests(RemoteTestRunner.java:467)
	at org.eclipse.jdt.internal.junit.runner.RemoteTestRunner.runTests(RemoteTestRunner.java:683)
	at org.eclipse.jdt.internal.junit.runner.RemoteTestRunner.run(RemoteTestRunner.java:390)
	at org.eclipse.jdt.internal.junit.runner.RemoteTestRunner.main(RemoteTestRunner.java:197)
[20130812 10:37:46 383 DEBUG] cn.zthz.tool.user.UserOperationImpl - insert into AProfile(userId, name, company, address, idcard, reason, createTime) values('1','lisi','中天华智','海淀中街','cn.zthz.tool.user.AProfile@19e0f99e','2013-08-12 10:37:46.382')
[20130812 10:37:46 644 ERROR] cn.zthz.tool.user.UserOperationImpl - user id:1
java.sql.SQLException: Column count doesn't match value count at row 1
	at com.mysql.jdbc.SQLError.createSQLException(SQLError.java:1073)
	at com.mysql.jdbc.MysqlIO.checkErrorPacket(MysqlIO.java:4096)
	at com.mysql.jdbc.MysqlIO.checkErrorPacket(MysqlIO.java:4028)
	at com.mysql.jdbc.MysqlIO.sendCommand(MysqlIO.java:2490)
	at com.mysql.jdbc.MysqlIO.sqlQueryDirect(MysqlIO.java:2651)
	at com.mysql.jdbc.ConnectionImpl.execSQL(ConnectionImpl.java:2677)
	at com.mysql.jdbc.StatementImpl.executeUpdate(StatementImpl.java:1748)
	at com.mysql.jdbc.StatementImpl.executeUpdate(StatementImpl.java:1665)
	at com.jolbox.bonecp.StatementHandle.executeUpdate(StatementHandle.java:536)
	at cn.zthz.tool.db.QuickDB.insert(QuickDB.java:163)
	at cn.zthz.tool.user.UserOperationImpl.applyAuth(UserOperationImpl.java:531)
	at cn.zthz.tool.user.UserOperationImplTest.testApplyAuth(UserOperationImplTest.java:78)
	at sun.reflect.NativeMethodAccessorImpl.invoke0(Native Method)
	at sun.reflect.NativeMethodAccessorImpl.invoke(Unknown Source)
	at sun.reflect.DelegatingMethodAccessorImpl.invoke(Unknown Source)
	at java.lang.reflect.Method.invoke(Unknown Source)
	at org.junit.runners.model.FrameworkMethod$1.runReflectiveCall(FrameworkMethod.java:45)
	at org.junit.internal.runners.model.ReflectiveCallable.run(ReflectiveCallable.java:15)
	at org.junit.runners.model.FrameworkMethod.invokeExplosively(FrameworkMethod.java:42)
	at org.junit.internal.runners.statements.InvokeMethod.evaluate(InvokeMethod.java:20)
	at org.junit.runners.ParentRunner.runLeaf(ParentRunner.java:263)
	at org.junit.runners.BlockJUnit4ClassRunner.runChild(BlockJUnit4ClassRunner.java:68)
	at org.junit.runners.BlockJUnit4ClassRunner.runChild(BlockJUnit4ClassRunner.java:47)
	at org.junit.runners.ParentRunner$3.run(ParentRunner.java:231)
	at org.junit.runners.ParentRunner$1.schedule(ParentRunner.java:60)
	at org.junit.runners.ParentRunner.runChildren(ParentRunner.java:229)
	at org.junit.runners.ParentRunner.access$000(ParentRunner.java:50)
	at org.junit.runners.ParentRunner$2.evaluate(ParentRunner.java:222)
	at org.junit.runners.ParentRunner.run(ParentRunner.java:300)
	at org.eclipse.jdt.internal.junit4.runner.JUnit4TestReference.run(JUnit4TestReference.java:50)
	at org.eclipse.jdt.internal.junit.runner.TestExecution.run(TestExecution.java:38)
	at org.eclipse.jdt.internal.junit.runner.RemoteTestRunner.runTests(RemoteTestRunner.java:467)
	at org.eclipse.jdt.internal.junit.runner.RemoteTestRunner.runTests(RemoteTestRunner.java:683)
	at org.eclipse.jdt.internal.junit.runner.RemoteTestRunner.run(RemoteTestRunner.java:390)
	at org.eclipse.jdt.internal.junit.runner.RemoteTestRunner.main(RemoteTestRunner.java:197)
[20130812 10:39:13 576 DEBUG] cn.zthz.tool.user.UserOperationImpl - insert into AProfile(userId, name, company, address, idcard, reason, createTime) values('1','lisi','中天华智','海淀中街','421087198910046554','2013-08-12 10:39:12.361')
[20130812 10:39:25 441 ERROR] cn.zthz.tool.user.UserOperationImpl - user id:1
java.sql.SQLException: Column count doesn't match value count at row 1
	at com.mysql.jdbc.SQLError.createSQLException(SQLError.java:1073)
	at com.mysql.jdbc.MysqlIO.checkErrorPacket(MysqlIO.java:4096)
	at com.mysql.jdbc.MysqlIO.checkErrorPacket(MysqlIO.java:4028)
	at com.mysql.jdbc.MysqlIO.sendCommand(MysqlIO.java:2490)
	at com.mysql.jdbc.MysqlIO.sqlQueryDirect(MysqlIO.java:2651)
	at com.mysql.jdbc.ConnectionImpl.execSQL(ConnectionImpl.java:2677)
	at com.mysql.jdbc.StatementImpl.executeUpdate(StatementImpl.java:1748)
	at com.mysql.jdbc.StatementImpl.executeUpdate(StatementImpl.java:1665)
	at com.jolbox.bonecp.StatementHandle.executeUpdate(StatementHandle.java:536)
	at cn.zthz.tool.db.QuickDB.insert(QuickDB.java:163)
	at cn.zthz.tool.user.UserOperationImpl.applyAuth(UserOperationImpl.java:531)
	at cn.zthz.tool.user.UserOperationImplTest.testApplyAuth(UserOperationImplTest.java:78)
	at sun.reflect.NativeMethodAccessorImpl.invoke0(Native Method)
	at sun.reflect.NativeMethodAccessorImpl.invoke(Unknown Source)
	at sun.reflect.DelegatingMethodAccessorImpl.invoke(Unknown Source)
	at java.lang.reflect.Method.invoke(Unknown Source)
	at org.junit.runners.model.FrameworkMethod$1.runReflectiveCall(FrameworkMethod.java:45)
	at org.junit.internal.runners.model.ReflectiveCallable.run(ReflectiveCallable.java:15)
	at org.junit.runners.model.FrameworkMethod.invokeExplosively(FrameworkMethod.java:42)
	at org.junit.internal.runners.statements.InvokeMethod.evaluate(InvokeMethod.java:20)
	at org.junit.runners.ParentRunner.runLeaf(ParentRunner.java:263)
	at org.junit.runners.BlockJUnit4ClassRunner.runChild(BlockJUnit4ClassRunner.java:68)
	at org.junit.runners.BlockJUnit4ClassRunner.runChild(BlockJUnit4ClassRunner.java:47)
	at org.junit.runners.ParentRunner$3.run(ParentRunner.java:231)
	at org.junit.runners.ParentRunner$1.schedule(ParentRunner.java:60)
	at org.junit.runners.ParentRunner.runChildren(ParentRunner.java:229)
	at org.junit.runners.ParentRunner.access$000(ParentRunner.java:50)
	at org.junit.runners.ParentRunner$2.evaluate(ParentRunner.java:222)
	at org.junit.runners.ParentRunner.run(ParentRunner.java:300)
	at org.eclipse.jdt.internal.junit4.runner.JUnit4TestReference.run(JUnit4TestReference.java:50)
	at org.eclipse.jdt.internal.junit.runner.TestExecution.run(TestExecution.java:38)
	at org.eclipse.jdt.internal.junit.runner.RemoteTestRunner.runTests(RemoteTestRunner.java:467)
	at org.eclipse.jdt.internal.junit.runner.RemoteTestRunner.runTests(RemoteTestRunner.java:683)
	at org.eclipse.jdt.internal.junit.runner.RemoteTestRunner.run(RemoteTestRunner.java:390)
	at org.eclipse.jdt.internal.junit.runner.RemoteTestRunner.main(RemoteTestRunner.java:197)
[20130812 10:40:56 905 DEBUG] cn.zthz.tool.user.UserOperationImpl - insert into AProfile(userId, name, company, address, idcard, reason, createTime) values('1','lisi','中天华智','海淀中街','421087198910046554','玩玩','2013-08-12 10:40:55.51')
[20130812 10:48:02 351 DEBUG] cn.zthz.tool.user.UserOperationImpl - insert into AProfile(userId, name, company, address, idcard, reason, createTime) values('1','lisi','null','海淀中街','421087198910046554','玩玩','2013-08-12 10:48:02.351')
[20130812 10:52:12 230 INFO ] cn.zthz.actor.assemble.MasStarter - check redis server cache!
[20130812 10:52:12 273 INFO ] cn.zthz.actor.assemble.MasStarter - check redis server sucess!
[20130812 10:52:12 273 INFO ] cn.zthz.actor.assemble.MasStarter - start DQueue
[20130812 10:52:12 276 INFO ] cn.zthz.tool.queue.DUQueue - start DUQueue
[20130812 10:52:12 278 INFO ] cn.zthz.actor.assemble.MasStarter - register messagor on user login
[20130812 10:52:12 280 INFO ] cn.zthz.actor.assemble.MasStarter - register login countor on user login
[20130812 10:52:12 280 INFO ] cn.zthz.actor.assemble.MasStarter - register all requirement pushor
[20130812 10:52:12 283 INFO ] cn.zthz.actor.assemble.MasStarter - register user cache updater
[20130812 10:52:12 284 INFO ] cn.zthz.actor.cache.user.UserCacheUpdater - register user update message
[20130812 10:52:12 285 INFO ] cn.zthz.actor.assemble.MasStarter - register solr cache updater
[20130812 10:52:12 305 INFO ] cn.zthz.actor.solr.SolrUpdater - register user update message
[20130812 10:52:12 306 INFO ] cn.zthz.actor.assemble.MasStarter - start daemon threads
[20130812 10:52:12 307 INFO ] cn.zthz.actor.daemon.DaemonEntry - start requirementExpirer daemon
[20130812 10:52:12 321 INFO ] cn.zthz.actor.solr.ReimportScheduler - start ReimportScheduler
[20130812 10:52:12 399 INFO ] cn.zthz.actor.assemble.MasStarter - init image server
[20130812 10:52:45 211 WARN ] qileke.jer.server.SyncHandler - pass this error,name is empty
[20130812 10:53:31 213 DEBUG] cn.zthz.tool.user.UserOperationImpl - insert into AProfile(userId, name, company, address, idcard, reason, createTime) values('402880173f07abcf013f08a0f97f002d','zhangsan','null','null','424432432','3213123213','2013-08-12 10:53:31.213')
[20130812 11:07:15 004 INFO ] cn.zthz.actor.assemble.MasStarter - check redis server cache!
[20130812 11:07:15 111 INFO ] cn.zthz.actor.assemble.MasStarter - check redis server sucess!
[20130812 11:07:15 111 INFO ] cn.zthz.actor.assemble.MasStarter - start DQueue
[20130812 11:07:15 114 INFO ] cn.zthz.tool.queue.DUQueue - start DUQueue
[20130812 11:07:15 115 INFO ] cn.zthz.actor.assemble.MasStarter - register messagor on user login
[20130812 11:07:15 117 INFO ] cn.zthz.actor.assemble.MasStarter - register login countor on user login
[20130812 11:07:15 118 INFO ] cn.zthz.actor.assemble.MasStarter - register all requirement pushor
[20130812 11:07:15 121 INFO ] cn.zthz.actor.assemble.MasStarter - register user cache updater
[20130812 11:07:15 121 INFO ] cn.zthz.actor.cache.user.UserCacheUpdater - register user update message
[20130812 11:07:15 122 INFO ] cn.zthz.actor.assemble.MasStarter - register solr cache updater
[20130812 11:07:15 144 INFO ] cn.zthz.actor.solr.SolrUpdater - register user update message
[20130812 11:07:15 145 INFO ] cn.zthz.actor.assemble.MasStarter - start daemon threads
[20130812 11:07:15 145 INFO ] cn.zthz.actor.daemon.DaemonEntry - start requirementExpirer daemon
[20130812 11:07:15 149 INFO ] cn.zthz.actor.solr.ReimportScheduler - start ReimportScheduler
[20130812 11:07:15 213 INFO ] cn.zthz.actor.assemble.MasStarter - init image server
[20130812 11:07:20 814 DEBUG] cn.zthz.tool.user.UserOperationImpl - not applyauth repeatability
[20130812 11:07:20 815 ERROR] cn.zthz.tool.user.UserOperationImpl - user id:402880173f07abcf013f08a0f97f002d
cn.zthz.tool.common.HzException: not applyauth repeatability
	at cn.zthz.tool.user.UserOperationImpl.applyAuth(UserOperationImpl.java:522)
	at cn.zthz.actor.rest.UserRest.applyAuth(UserRest.java:900)
	at cn.zthz.actor.rest.UserRestMethodAccess.invoke(Unknown Source)
	at qileke.jer.server.Actor.act(Actor.java:44)
	at qileke.jer.server.Invoke.invoke(Invoke.java:64)
	at qileke.jer.server.SyncHandler.doHandle(SyncHandler.java:143)
	at org.eclipse.jetty.server.session.SessionHandler.doScope(SessionHandler.java:196)
	at org.eclipse.jetty.server.handler.ScopedHandler.handle(ScopedHandler.java:117)
	at org.eclipse.jetty.server.handler.HandlerWrapper.handle(HandlerWrapper.java:111)
	at org.eclipse.jetty.server.Server.handle(Server.java:351)
	at org.eclipse.jetty.server.AbstractHttpConnection.handleRequest(AbstractHttpConnection.java:451)
	at org.eclipse.jetty.server.AbstractHttpConnection$RequestHandler.headerComplete(AbstractHttpConnection.java:916)
	at org.eclipse.jetty.http.HttpParser.parseNext(HttpParser.java:634)
	at org.eclipse.jetty.http.HttpParser.parseAvailable(HttpParser.java:230)
	at org.eclipse.jetty.server.AsyncHttpConnection.handle(AsyncHttpConnection.java:76)
	at org.eclipse.jetty.io.nio.SelectChannelEndPoint.handle(SelectChannelEndPoint.java:611)
	at org.eclipse.jetty.io.nio.SelectChannelEndPoint$1.run(SelectChannelEndPoint.java:45)
	at org.eclipse.jetty.util.thread.QueuedThreadPool.runJob(QueuedThreadPool.java:599)
	at org.eclipse.jetty.util.thread.QueuedThreadPool$3.run(QueuedThreadPool.java:534)
	at java.lang.Thread.run(Unknown Source)
[20130812 11:07:22 692 WARN ] qileke.jer.server.SyncHandler - pass this error,user id:402880173f07abcf013f08a0f97f002d
[20130812 11:08:17 135 INFO ] cn.zthz.actor.assemble.MasStarter - check redis server cache!
[20130812 11:08:17 257 INFO ] cn.zthz.actor.assemble.MasStarter - check redis server sucess!
[20130812 11:08:17 257 INFO ] cn.zthz.actor.assemble.MasStarter - start DQueue
[20130812 11:08:17 261 INFO ] cn.zthz.tool.queue.DUQueue - start DUQueue
[20130812 11:08:17 262 INFO ] cn.zthz.actor.assemble.MasStarter - register messagor on user login
[20130812 11:08:17 264 INFO ] cn.zthz.actor.assemble.MasStarter - register login countor on user login
[20130812 11:08:17 265 INFO ] cn.zthz.actor.assemble.MasStarter - register all requirement pushor
[20130812 11:08:17 268 INFO ] cn.zthz.actor.assemble.MasStarter - register user cache updater
[20130812 11:08:17 268 INFO ] cn.zthz.actor.cache.user.UserCacheUpdater - register user update message
[20130812 11:08:17 269 INFO ] cn.zthz.actor.assemble.MasStarter - register solr cache updater
[20130812 11:08:17 290 INFO ] cn.zthz.actor.solr.SolrUpdater - register user update message
[20130812 11:08:17 292 INFO ] cn.zthz.actor.assemble.MasStarter - start daemon threads
[20130812 11:08:17 292 INFO ] cn.zthz.actor.daemon.DaemonEntry - start requirementExpirer daemon
[20130812 11:08:17 296 INFO ] cn.zthz.actor.solr.ReimportScheduler - start ReimportScheduler
[20130812 11:08:17 360 INFO ] cn.zthz.actor.assemble.MasStarter - init image server
[20130812 11:08:20 668 DEBUG] cn.zthz.tool.user.UserOperationImpl - not applyauth repeatability
[20130812 11:08:20 669 ERROR] cn.zthz.tool.user.UserOperationImpl - user id:402880173f07abcf013f08a0f97f002d
cn.zthz.tool.common.HzException: not applyauth repeatability
	at cn.zthz.tool.user.UserOperationImpl.applyAuth(UserOperationImpl.java:522)
	at cn.zthz.actor.rest.UserRest.applyAuth(UserRest.java:900)
	at cn.zthz.actor.rest.UserRestMethodAccess.invoke(Unknown Source)
	at qileke.jer.server.Actor.act(Actor.java:44)
	at qileke.jer.server.Invoke.invoke(Invoke.java:64)
	at qileke.jer.server.SyncHandler.doHandle(SyncHandler.java:143)
	at org.eclipse.jetty.server.session.SessionHandler.doScope(SessionHandler.java:196)
	at org.eclipse.jetty.server.handler.ScopedHandler.handle(ScopedHandler.java:117)
	at org.eclipse.jetty.server.handler.HandlerWrapper.handle(HandlerWrapper.java:111)
	at org.eclipse.jetty.server.Server.handle(Server.java:351)
	at org.eclipse.jetty.server.AbstractHttpConnection.handleRequest(AbstractHttpConnection.java:451)
	at org.eclipse.jetty.server.AbstractHttpConnection$RequestHandler.headerComplete(AbstractHttpConnection.java:916)
	at org.eclipse.jetty.http.HttpParser.parseNext(HttpParser.java:634)
	at org.eclipse.jetty.http.HttpParser.parseAvailable(HttpParser.java:230)
	at org.eclipse.jetty.server.AsyncHttpConnection.handle(AsyncHttpConnection.java:76)
	at org.eclipse.jetty.io.nio.SelectChannelEndPoint.handle(SelectChannelEndPoint.java:611)
	at org.eclipse.jetty.io.nio.SelectChannelEndPoint$1.run(SelectChannelEndPoint.java:45)
	at org.eclipse.jetty.util.thread.QueuedThreadPool.runJob(QueuedThreadPool.java:599)
	at org.eclipse.jetty.util.thread.QueuedThreadPool$3.run(QueuedThreadPool.java:534)
	at java.lang.Thread.run(Unknown Source)
[20130812 11:08:21 190 WARN ] qileke.jer.server.SyncHandler - pass this error,user id:402880173f07abcf013f08a0f97f002d
[20130812 11:09:56 381 INFO ] cn.zthz.actor.assemble.MasStarter - check redis server cache!
[20130812 11:09:56 504 INFO ] cn.zthz.actor.assemble.MasStarter - check redis server sucess!
[20130812 11:09:56 504 INFO ] cn.zthz.actor.assemble.MasStarter - start DQueue
[20130812 11:09:56 508 INFO ] cn.zthz.tool.queue.DUQueue - start DUQueue
[20130812 11:09:56 509 INFO ] cn.zthz.actor.assemble.MasStarter - register messagor on user login
[20130812 11:09:56 511 INFO ] cn.zthz.actor.assemble.MasStarter - register login countor on user login
[20130812 11:09:56 512 INFO ] cn.zthz.actor.assemble.MasStarter - register all requirement pushor
[20130812 11:09:56 515 INFO ] cn.zthz.actor.assemble.MasStarter - register user cache updater
[20130812 11:09:56 515 INFO ] cn.zthz.actor.cache.user.UserCacheUpdater - register user update message
[20130812 11:09:56 516 INFO ] cn.zthz.actor.assemble.MasStarter - register solr cache updater
[20130812 11:09:56 537 INFO ] cn.zthz.actor.solr.SolrUpdater - register user update message
[20130812 11:09:56 538 INFO ] cn.zthz.actor.assemble.MasStarter - start daemon threads
[20130812 11:09:56 539 INFO ] cn.zthz.actor.daemon.DaemonEntry - start requirementExpirer daemon
[20130812 11:09:56 542 INFO ] cn.zthz.actor.solr.ReimportScheduler - start ReimportScheduler
[20130812 11:09:56 608 INFO ] cn.zthz.actor.assemble.MasStarter - init image server
[20130812 11:09:59 860 DEBUG] cn.zthz.tool.user.UserOperationImpl - not applyauth repeatability
[20130812 11:09:59 899 WARN ] qileke.jer.server.SyncHandler - pass this error,not applyauth repeatability
[20130812 11:10:43 979 DEBUG] cn.zthz.tool.user.UserOperationImpl - insert into AProfile(userId, name, company, address, idcard, reason, createTime) values('402880173f07abcf013f08a0f039002c','zhangsan','null','null','424432432','3213123213','2013-08-12 11:10:43.979')
[20130812 11:11:49 115 DEBUG] cn.zthz.tool.user.UserOperationImpl - insert into AProfile(userId, name, company, address, idcard, reason, createTime) values('402880173f07abcf013f08a0f039002c','zhangsan','null','null','424432432','3213123213','2013-08-12 11:11:49.115')
[20130812 11:11:53 911 DEBUG] cn.zthz.tool.user.UserOperationImpl - not applyauth repeatability
[20130812 11:11:53 918 WARN ] qileke.jer.server.SyncHandler - pass this error,not applyauth repeatability
[20130812 11:14:29 004 DEBUG] cn.zthz.tool.user.UserOperationImpl - not applyauth repeatability
[20130812 11:14:29 009 WARN ] qileke.jer.server.SyncHandler - pass this error,not applyauth repeatability
[20130812 11:18:06 773 DEBUG] cn.zthz.tool.user.UserOperationImpl - not applyauth repeatability
[20130812 11:18:06 778 WARN ] qileke.jer.server.SyncHandler - pass this error,not applyauth repeatability
[20130812 11:18:21 431 DEBUG] cn.zthz.tool.user.UserOperationImpl - not applyauth repeatability
[20130812 11:18:21 436 WARN ] qileke.jer.server.SyncHandler - pass this error,not applyauth repeatability
[20130812 11:25:23 847 INFO ] cn.zthz.actor.assemble.MasStarter - check redis server cache!
[20130812 11:25:23 905 INFO ] cn.zthz.actor.assemble.MasStarter - check redis server sucess!
[20130812 11:25:23 905 INFO ] cn.zthz.actor.assemble.MasStarter - start DQueue
[20130812 11:25:23 908 INFO ] cn.zthz.tool.queue.DUQueue - start DUQueue
[20130812 11:25:23 909 INFO ] cn.zthz.actor.assemble.MasStarter - register messagor on user login
[20130812 11:25:23 912 INFO ] cn.zthz.actor.assemble.MasStarter - register login countor on user login
[20130812 11:25:23 912 INFO ] cn.zthz.actor.assemble.MasStarter - register all requirement pushor
[20130812 11:25:23 915 INFO ] cn.zthz.actor.assemble.MasStarter - register user cache updater
[20130812 11:25:23 916 INFO ] cn.zthz.actor.cache.user.UserCacheUpdater - register user update message
[20130812 11:25:23 917 INFO ] cn.zthz.actor.assemble.MasStarter - register solr cache updater
[20130812 11:25:23 938 INFO ] cn.zthz.actor.solr.SolrUpdater - register user update message
[20130812 11:25:23 939 INFO ] cn.zthz.actor.assemble.MasStarter - start daemon threads
[20130812 11:25:23 939 INFO ] cn.zthz.actor.daemon.DaemonEntry - start requirementExpirer daemon
[20130812 11:25:23 943 INFO ] cn.zthz.actor.solr.ReimportScheduler - start ReimportScheduler
[20130812 11:25:24 008 INFO ] cn.zthz.actor.assemble.MasStarter - init image server
[20130812 11:25:28 998 WARN ] qileke.jer.server.SyncHandler - pass this error,telephone is empty
[20130812 11:25:40 140 DEBUG] cn.zthz.tool.user.UserOperationImpl - not applyauth repeatability
[20130812 11:25:40 148 WARN ] qileke.jer.server.SyncHandler - pass this error,not applyauth repeatability
[20130812 11:25:48 927 DEBUG] cn.zthz.tool.user.UserOperationImpl - insert into AProfile(userId, name, company, address, idcard, telephone,reason, createTime) values('402880173f07abcf013f08a0f039002c','zhangsan','123','123','424432432','11111111','3213123213','2013-08-12 11:25:48.927')
[20130812 11:31:34 218 INFO ] cn.zthz.actor.assemble.MasStarter - check redis server cache!
[20130812 11:31:34 260 INFO ] cn.zthz.actor.assemble.MasStarter - check redis server sucess!
[20130812 11:31:34 261 INFO ] cn.zthz.actor.assemble.MasStarter - start DQueue
[20130812 11:31:34 264 INFO ] cn.zthz.tool.queue.DUQueue - start DUQueue
[20130812 11:31:34 265 INFO ] cn.zthz.actor.assemble.MasStarter - register messagor on user login
[20130812 11:31:34 267 INFO ] cn.zthz.actor.assemble.MasStarter - register login countor on user login
[20130812 11:31:34 268 INFO ] cn.zthz.actor.assemble.MasStarter - register all requirement pushor
[20130812 11:31:34 271 INFO ] cn.zthz.actor.assemble.MasStarter - register user cache updater
[20130812 11:31:34 271 INFO ] cn.zthz.actor.cache.user.UserCacheUpdater - register user update message
[20130812 11:31:34 272 INFO ] cn.zthz.actor.assemble.MasStarter - register solr cache updater
[20130812 11:31:34 293 INFO ] cn.zthz.actor.solr.SolrUpdater - register user update message
[20130812 11:31:34 294 INFO ] cn.zthz.actor.assemble.MasStarter - start daemon threads
[20130812 11:31:34 295 INFO ] cn.zthz.actor.daemon.DaemonEntry - start requirementExpirer daemon
[20130812 11:31:34 299 INFO ] cn.zthz.actor.solr.ReimportScheduler - start ReimportScheduler
[20130812 11:31:34 364 INFO ] cn.zthz.actor.assemble.MasStarter - init image server
[20130812 11:31:39 033 WARN ] qileke.jer.server.SyncHandler - pass this error,sex is empty
[20130812 11:31:50 899 DEBUG] cn.zthz.tool.user.UserOperationImpl - insert into AProfile(userId, name, company, address, idcard, telephone,reason, createTime) values('402880173f07abcf013f08a0f039002c','zhangsan,0,123','123','424432432','11111111','3213123213','2013-08-12 11:31:50.899')
[20130812 11:31:50 927 ERROR] cn.zthz.tool.user.UserOperationImpl - user id:402880173f07abcf013f08a0f039002c
java.sql.SQLException: Column count doesn't match value count at row 1
	at com.mysql.jdbc.SQLError.createSQLException(SQLError.java:1073)
	at com.mysql.jdbc.MysqlIO.checkErrorPacket(MysqlIO.java:4096)
	at com.mysql.jdbc.MysqlIO.checkErrorPacket(MysqlIO.java:4028)
	at com.mysql.jdbc.MysqlIO.sendCommand(MysqlIO.java:2490)
	at com.mysql.jdbc.MysqlIO.sqlQueryDirect(MysqlIO.java:2651)
	at com.mysql.jdbc.ConnectionImpl.execSQL(ConnectionImpl.java:2677)
	at com.mysql.jdbc.StatementImpl.executeUpdate(StatementImpl.java:1748)
	at com.mysql.jdbc.StatementImpl.executeUpdate(StatementImpl.java:1665)
	at com.jolbox.bonecp.StatementHandle.executeUpdate(StatementHandle.java:536)
	at cn.zthz.tool.db.QuickDB.insert(QuickDB.java:163)
	at cn.zthz.tool.user.UserOperationImpl.applyAuth(UserOperationImpl.java:547)
	at cn.zthz.actor.rest.UserRest.applyAuth(UserRest.java:904)
	at cn.zthz.actor.rest.UserRestMethodAccess.invoke(Unknown Source)
	at qileke.jer.server.Actor.act(Actor.java:44)
	at qileke.jer.server.Invoke.invoke(Invoke.java:64)
	at qileke.jer.server.SyncHandler.doHandle(SyncHandler.java:143)
	at org.eclipse.jetty.server.session.SessionHandler.doScope(SessionHandler.java:196)
	at org.eclipse.jetty.server.handler.ScopedHandler.handle(ScopedHandler.java:117)
	at org.eclipse.jetty.server.handler.HandlerWrapper.handle(HandlerWrapper.java:111)
	at org.eclipse.jetty.server.Server.handle(Server.java:351)
	at org.eclipse.jetty.server.AbstractHttpConnection.handleRequest(AbstractHttpConnection.java:451)
	at org.eclipse.jetty.server.AbstractHttpConnection$RequestHandler.headerComplete(AbstractHttpConnection.java:916)
	at org.eclipse.jetty.http.HttpParser.parseNext(HttpParser.java:634)
	at org.eclipse.jetty.http.HttpParser.parseAvailable(HttpParser.java:230)
	at org.eclipse.jetty.server.AsyncHttpConnection.handle(AsyncHttpConnection.java:76)
	at org.eclipse.jetty.io.nio.SelectChannelEndPoint.handle(SelectChannelEndPoint.java:611)
	at org.eclipse.jetty.io.nio.SelectChannelEndPoint$1.run(SelectChannelEndPoint.java:45)
	at org.eclipse.jetty.util.thread.QueuedThreadPool.runJob(QueuedThreadPool.java:599)
	at org.eclipse.jetty.util.thread.QueuedThreadPool$3.run(QueuedThreadPool.java:534)
	at java.lang.Thread.run(Unknown Source)
[20130812 11:31:52 215 WARN ] qileke.jer.server.SyncHandler - pass this error,user id:402880173f07abcf013f08a0f039002c
[20130812 11:31:57 849 DEBUG] cn.zthz.tool.user.UserOperationImpl - insert into AProfile(userId, name, company, address, idcard, telephone,reason, createTime) values('402880173f07abcf013f08a0f039002c','zhangsan,0,123','123','424432432','11111111','3213123213','2013-08-12 11:31:57.849')
[20130812 11:31:57 852 ERROR] cn.zthz.tool.user.UserOperationImpl - user id:402880173f07abcf013f08a0f039002c
java.sql.SQLException: Column count doesn't match value count at row 1
	at com.mysql.jdbc.SQLError.createSQLException(SQLError.java:1073)
	at com.mysql.jdbc.MysqlIO.checkErrorPacket(MysqlIO.java:4096)
	at com.mysql.jdbc.MysqlIO.checkErrorPacket(MysqlIO.java:4028)
	at com.mysql.jdbc.MysqlIO.sendCommand(MysqlIO.java:2490)
	at com.mysql.jdbc.MysqlIO.sqlQueryDirect(MysqlIO.java:2651)
	at com.mysql.jdbc.ConnectionImpl.execSQL(ConnectionImpl.java:2677)
	at com.mysql.jdbc.StatementImpl.executeUpdate(StatementImpl.java:1748)
	at com.mysql.jdbc.StatementImpl.executeUpdate(StatementImpl.java:1665)
	at com.jolbox.bonecp.StatementHandle.executeUpdate(StatementHandle.java:536)
	at cn.zthz.tool.db.QuickDB.insert(QuickDB.java:163)
	at cn.zthz.tool.user.UserOperationImpl.applyAuth(UserOperationImpl.java:547)
	at cn.zthz.actor.rest.UserRest.applyAuth(UserRest.java:904)
	at cn.zthz.actor.rest.UserRestMethodAccess.invoke(Unknown Source)
	at qileke.jer.server.Actor.act(Actor.java:44)
	at qileke.jer.server.Invoke.invoke(Invoke.java:64)
	at qileke.jer.server.SyncHandler.doHandle(SyncHandler.java:143)
	at org.eclipse.jetty.server.session.SessionHandler.doScope(SessionHandler.java:196)
	at org.eclipse.jetty.server.handler.ScopedHandler.handle(ScopedHandler.java:117)
	at org.eclipse.jetty.server.handler.HandlerWrapper.handle(HandlerWrapper.java:111)
	at org.eclipse.jetty.server.Server.handle(Server.java:351)
	at org.eclipse.jetty.server.AbstractHttpConnection.handleRequest(AbstractHttpConnection.java:451)
	at org.eclipse.jetty.server.AbstractHttpConnection$RequestHandler.headerComplete(AbstractHttpConnection.java:916)
	at org.eclipse.jetty.http.HttpParser.parseNext(HttpParser.java:634)
	at org.eclipse.jetty.http.HttpParser.parseAvailable(HttpParser.java:230)
	at org.eclipse.jetty.server.AsyncHttpConnection.handle(AsyncHttpConnection.java:76)
	at org.eclipse.jetty.io.nio.SelectChannelEndPoint.handle(SelectChannelEndPoint.java:611)
	at org.eclipse.jetty.io.nio.SelectChannelEndPoint$1.run(SelectChannelEndPoint.java:45)
	at org.eclipse.jetty.util.thread.QueuedThreadPool.runJob(QueuedThreadPool.java:599)
	at org.eclipse.jetty.util.thread.QueuedThreadPool$3.run(QueuedThreadPool.java:534)
	at java.lang.Thread.run(Unknown Source)
[20130812 11:31:57 993 WARN ] qileke.jer.server.SyncHandler - pass this error,user id:402880173f07abcf013f08a0f039002c
[20130812 11:32:25 675 INFO ] cn.zthz.actor.assemble.MasStarter - check redis server cache!
[20130812 11:32:25 731 INFO ] cn.zthz.actor.assemble.MasStarter - check redis server sucess!
[20130812 11:32:25 731 INFO ] cn.zthz.actor.assemble.MasStarter - start DQueue
[20130812 11:32:25 734 INFO ] cn.zthz.tool.queue.DUQueue - start DUQueue
[20130812 11:32:25 735 INFO ] cn.zthz.actor.assemble.MasStarter - register messagor on user login
[20130812 11:32:25 737 INFO ] cn.zthz.actor.assemble.MasStarter - register login countor on user login
[20130812 11:32:25 738 INFO ] cn.zthz.actor.assemble.MasStarter - register all requirement pushor
[20130812 11:32:25 741 INFO ] cn.zthz.actor.assemble.MasStarter - register user cache updater
[20130812 11:32:25 741 INFO ] cn.zthz.actor.cache.user.UserCacheUpdater - register user update message
[20130812 11:32:25 742 INFO ] cn.zthz.actor.assemble.MasStarter - register solr cache updater
[20130812 11:32:25 763 INFO ] cn.zthz.actor.solr.SolrUpdater - register user update message
[20130812 11:32:25 764 INFO ] cn.zthz.actor.assemble.MasStarter - start daemon threads
[20130812 11:32:25 765 INFO ] cn.zthz.actor.daemon.DaemonEntry - start requirementExpirer daemon
[20130812 11:32:25 769 INFO ] cn.zthz.actor.solr.ReimportScheduler - start ReimportScheduler
[20130812 11:32:25 833 INFO ] cn.zthz.actor.assemble.MasStarter - init image server
[20130812 11:32:30 261 DEBUG] cn.zthz.tool.user.UserOperationImpl - insert into AProfile(userId, name, sex, company, address, idcard, telephone,reason, createTime) values('402880173f07abcf013f08a0f039002c','zhangsan,0,123','123','424432432','11111111','3213123213','2013-08-12 11:32:30.261')
[20130812 11:32:30 301 ERROR] cn.zthz.tool.user.UserOperationImpl - user id:402880173f07abcf013f08a0f039002c
java.sql.SQLException: Column count doesn't match value count at row 1
	at com.mysql.jdbc.SQLError.createSQLException(SQLError.java:1073)
	at com.mysql.jdbc.MysqlIO.checkErrorPacket(MysqlIO.java:4096)
	at com.mysql.jdbc.MysqlIO.checkErrorPacket(MysqlIO.java:4028)
	at com.mysql.jdbc.MysqlIO.sendCommand(MysqlIO.java:2490)
	at com.mysql.jdbc.MysqlIO.sqlQueryDirect(MysqlIO.java:2651)
	at com.mysql.jdbc.ConnectionImpl.execSQL(ConnectionImpl.java:2677)
	at com.mysql.jdbc.StatementImpl.executeUpdate(StatementImpl.java:1748)
	at com.mysql.jdbc.StatementImpl.executeUpdate(StatementImpl.java:1665)
	at com.jolbox.bonecp.StatementHandle.executeUpdate(StatementHandle.java:536)
	at cn.zthz.tool.db.QuickDB.insert(QuickDB.java:163)
	at cn.zthz.tool.user.UserOperationImpl.applyAuth(UserOperationImpl.java:547)
	at cn.zthz.actor.rest.UserRest.applyAuth(UserRest.java:904)
	at cn.zthz.actor.rest.UserRestMethodAccess.invoke(Unknown Source)
	at qileke.jer.server.Actor.act(Actor.java:44)
	at qileke.jer.server.Invoke.invoke(Invoke.java:64)
	at qileke.jer.server.SyncHandler.doHandle(SyncHandler.java:143)
	at org.eclipse.jetty.server.session.SessionHandler.doScope(SessionHandler.java:196)
	at org.eclipse.jetty.server.handler.ScopedHandler.handle(ScopedHandler.java:117)
	at org.eclipse.jetty.server.handler.HandlerWrapper.handle(HandlerWrapper.java:111)
	at org.eclipse.jetty.server.Server.handle(Server.java:351)
	at org.eclipse.jetty.server.AbstractHttpConnection.handleRequest(AbstractHttpConnection.java:451)
	at org.eclipse.jetty.server.AbstractHttpConnection$RequestHandler.headerComplete(AbstractHttpConnection.java:916)
	at org.eclipse.jetty.http.HttpParser.parseNext(HttpParser.java:634)
	at org.eclipse.jetty.http.HttpParser.parseAvailable(HttpParser.java:230)
	at org.eclipse.jetty.server.AsyncHttpConnection.handle(AsyncHttpConnection.java:76)
	at org.eclipse.jetty.io.nio.SelectChannelEndPoint.handle(SelectChannelEndPoint.java:611)
	at org.eclipse.jetty.io.nio.SelectChannelEndPoint$1.run(SelectChannelEndPoint.java:45)
	at org.eclipse.jetty.util.thread.QueuedThreadPool.runJob(QueuedThreadPool.java:599)
	at org.eclipse.jetty.util.thread.QueuedThreadPool$3.run(QueuedThreadPool.java:534)
	at java.lang.Thread.run(Unknown Source)
[20130812 11:32:30 671 WARN ] qileke.jer.server.SyncHandler - pass this error,user id:402880173f07abcf013f08a0f039002c
[20130812 11:32:39 768 DEBUG] cn.zthz.tool.user.UserOperationImpl - insert into AProfile(userId, name, sex, company, address, idcard, telephone,reason, createTime) values('402880173f07abcf013f08a0f039002c','zhangsan,0,123','123','424432432','11111111','3213123213','2013-08-12 11:32:39.768')
[20130812 11:32:39 772 ERROR] cn.zthz.tool.user.UserOperationImpl - user id:402880173f07abcf013f08a0f039002c
java.sql.SQLException: Column count doesn't match value count at row 1
	at com.mysql.jdbc.SQLError.createSQLException(SQLError.java:1073)
	at com.mysql.jdbc.MysqlIO.checkErrorPacket(MysqlIO.java:4096)
	at com.mysql.jdbc.MysqlIO.checkErrorPacket(MysqlIO.java:4028)
	at com.mysql.jdbc.MysqlIO.sendCommand(MysqlIO.java:2490)
	at com.mysql.jdbc.MysqlIO.sqlQueryDirect(MysqlIO.java:2651)
	at com.mysql.jdbc.ConnectionImpl.execSQL(ConnectionImpl.java:2677)
	at com.mysql.jdbc.StatementImpl.executeUpdate(StatementImpl.java:1748)
	at com.mysql.jdbc.StatementImpl.executeUpdate(StatementImpl.java:1665)
	at com.jolbox.bonecp.StatementHandle.executeUpdate(StatementHandle.java:536)
	at cn.zthz.tool.db.QuickDB.insert(QuickDB.java:163)
	at cn.zthz.tool.user.UserOperationImpl.applyAuth(UserOperationImpl.java:547)
	at cn.zthz.actor.rest.UserRest.applyAuth(UserRest.java:904)
	at cn.zthz.actor.rest.UserRestMethodAccess.invoke(Unknown Source)
	at qileke.jer.server.Actor.act(Actor.java:44)
	at qileke.jer.server.Invoke.invoke(Invoke.java:64)
	at qileke.jer.server.SyncHandler.doHandle(SyncHandler.java:143)
	at org.eclipse.jetty.server.session.SessionHandler.doScope(SessionHandler.java:196)
	at org.eclipse.jetty.server.handler.ScopedHandler.handle(ScopedHandler.java:117)
	at org.eclipse.jetty.server.handler.HandlerWrapper.handle(HandlerWrapper.java:111)
	at org.eclipse.jetty.server.Server.handle(Server.java:351)
	at org.eclipse.jetty.server.AbstractHttpConnection.handleRequest(AbstractHttpConnection.java:451)
	at org.eclipse.jetty.server.AbstractHttpConnection$RequestHandler.headerComplete(AbstractHttpConnection.java:916)
	at org.eclipse.jetty.http.HttpParser.parseNext(HttpParser.java:634)
	at org.eclipse.jetty.http.HttpParser.parseAvailable(HttpParser.java:230)
	at org.eclipse.jetty.server.AsyncHttpConnection.handle(AsyncHttpConnection.java:76)
	at org.eclipse.jetty.io.nio.SelectChannelEndPoint.handle(SelectChannelEndPoint.java:611)
	at org.eclipse.jetty.io.nio.SelectChannelEndPoint$1.run(SelectChannelEndPoint.java:45)
	at org.eclipse.jetty.util.thread.QueuedThreadPool.runJob(QueuedThreadPool.java:599)
	at org.eclipse.jetty.util.thread.QueuedThreadPool$3.run(QueuedThreadPool.java:534)
	at java.lang.Thread.run(Unknown Source)
[20130812 11:32:39 943 WARN ] qileke.jer.server.SyncHandler - pass this error,user id:402880173f07abcf013f08a0f039002c
[20130812 11:33:28 445 INFO ] cn.zthz.actor.assemble.MasStarter - check redis server cache!
[20130812 11:33:28 533 INFO ] cn.zthz.actor.assemble.MasStarter - check redis server sucess!
[20130812 11:33:28 534 INFO ] cn.zthz.actor.assemble.MasStarter - start DQueue
[20130812 11:33:28 537 INFO ] cn.zthz.tool.queue.DUQueue - start DUQueue
[20130812 11:33:28 538 INFO ] cn.zthz.actor.assemble.MasStarter - register messagor on user login
[20130812 11:33:28 540 INFO ] cn.zthz.actor.assemble.MasStarter - register login countor on user login
[20130812 11:33:28 541 INFO ] cn.zthz.actor.assemble.MasStarter - register all requirement pushor
[20130812 11:33:28 544 INFO ] cn.zthz.actor.assemble.MasStarter - register user cache updater
[20130812 11:33:28 544 INFO ] cn.zthz.actor.cache.user.UserCacheUpdater - register user update message
[20130812 11:33:28 545 INFO ] cn.zthz.actor.assemble.MasStarter - register solr cache updater
[20130812 11:33:28 566 INFO ] cn.zthz.actor.solr.SolrUpdater - register user update message
[20130812 11:33:28 567 INFO ] cn.zthz.actor.assemble.MasStarter - start daemon threads
[20130812 11:33:28 568 INFO ] cn.zthz.actor.daemon.DaemonEntry - start requirementExpirer daemon
[20130812 11:33:28 571 INFO ] cn.zthz.actor.solr.ReimportScheduler - start ReimportScheduler
[20130812 11:33:28 635 INFO ] cn.zthz.actor.assemble.MasStarter - init image server
[20130812 11:33:31 050 DEBUG] cn.zthz.tool.user.UserOperationImpl - insert into AProfile(userId, name, sex, company, address, idcard, telephone,reason, createTime) values('402880173f07abcf013f08a0f039002c','zhangsan',0,'123','123','424432432','11111111','3213123213','2013-08-12 11:33:31.05')
[20130812 12:00:00 005 INFO ] cn.zthz.actor.solr.ReimportScheduler - reimport requirement and user index
[20130812 12:00:00 123 INFO ] cn.zthz.actor.solr.ReimportScheduler - {"responseHeader":{"status":0,"QTime":5},"initArgs":["defaults",["config","data-config.xml"]],"command":"full-import","status":"idle","importResponse":"","statusMessages":{"Total Requests made to DataSource":"75","Total Rows Fetched":"148","Total Documents Skipped":"0","Full Dump Started":"2013-08-12 12:00:00","":"Indexing completed. Added/Updated: 74 documents. Deleted 0 documents.","Committed":"2013-08-12 12:00:00","Optimized":"2013-08-12 12:00:00","Total Documents Processed":"74","Time taken":"0:0:0.649"},"WARNING":"This response format is experimental.  It is likely to change in the future."}

[20130812 12:00:00 123 INFO ] cn.zthz.actor.solr.ReimportScheduler - {"responseHeader":{"status":0,"QTime":4},"initArgs":["defaults",["config","data-config.xml"]],"command":"full-import","status":"idle","importResponse":"","statusMessages":{"Total Requests made to DataSource":"1","Total Rows Fetched":"30","Total Documents Skipped":"0","Full Dump Started":"2013-08-12 12:00:00","":"Indexing completed. Added/Updated: 30 documents. Deleted 0 documents.","Committed":"2013-08-12 12:00:00","Optimized":"2013-08-12 12:00:00","Total Documents Processed":"30","Time taken":"0:0:0.492"},"WARNING":"This response format is experimental.  It is likely to change in the future."}

[20130812 13:04:28 704 INFO ] cn.zthz.actor.message.RequirementPushor - send expire message:{"hasMandate":false,"id":"40288017404cdef901404cdefd4a0002","price":88.00,"title":"哦哦哦","userId":"402880173f0e6534013f18175dff0057"}
[20130812 13:04:28 848 DEBUG] cn.zthz.tool.message.RMessageService - insert into RMessage (rid, uid, message,rowId, t, createTime ,status ) values('40288017404cdef901404cdefd4a0002','402880173f0e6534013f18175dff0057','您的需求:哦哦哦已经过期！','402880ff4070e93e014070e93eaf0000',16,'2013-08-12 13:04:28.847',1)
[20130812 13:04:29 097 DEBUG] javapns.communication.ConnectionToAppleServer - Creating SSLSocketFactory
[20130812 13:04:29 171 DEBUG] javapns.communication.ConnectionToAppleServer - Creating SSLSocket to gateway.push.apple.com:2195
[20130812 13:04:29 475 DEBUG] javapns.communication.ConnectionToAppleServer - Creating SSLSocketFactory
[20130812 13:04:29 481 DEBUG] javapns.communication.ConnectionToAppleServer - Creating SSLSocket to gateway.push.apple.com:2195
[20130812 13:04:29 675 DEBUG] javapns.notification.PushNotificationManager - Initialized Connection to Host: [gateway.push.apple.com] Port: [2195]: 7592f754[SSL_NULL_WITH_NULL_NULL: Socket[addr=gateway.push.apple.com/17.149.35.170,port=2195,localport=52037]]
[20130812 13:04:29 675 DEBUG] javapns.notification.PushNotificationManager - Initialized Connection to Host: [gateway.push.apple.com] Port: [2195]: 3abe81a[SSL_NULL_WITH_NULL_NULL: Socket[addr=gateway.push.apple.com/17.149.35.170,port=2195,localport=52038]]
[20130812 13:04:29 909 DEBUG] javapns.communication.ConnectionToAppleServer - Creating SSLSocketFactory
[20130812 13:04:29 915 DEBUG] javapns.communication.ConnectionToAppleServer - Creating SSLSocket to gateway.push.apple.com:2195
[20130812 13:04:30 082 DEBUG] javapns.notification.PushNotificationManager - Initialized Connection to Host: [gateway.push.apple.com] Port: [2195]: b5d456b[SSL_NULL_WITH_NULL_NULL: Socket[addr=gateway.push.apple.com/17.149.35.170,port=2195,localport=52039]]
[20130812 13:04:30 410 DEBUG] javapns.communication.ConnectionToAppleServer - Creating SSLSocketFactory
[20130812 13:04:30 415 DEBUG] javapns.communication.ConnectionToAppleServer - Creating SSLSocket to gateway.push.apple.com:2195
[20130812 13:04:30 582 DEBUG] javapns.notification.PushNotificationManager - Initialized Connection to Host: [gateway.push.apple.com] Port: [2195]: 24fa5c93[SSL_NULL_WITH_NULL_NULL: Socket[addr=gateway.push.apple.com/17.149.35.170,port=2195,localport=52040]]
[20130812 13:04:30 910 DEBUG] javapns.communication.ConnectionToAppleServer - Creating SSLSocketFactory
[20130812 13:04:30 915 DEBUG] javapns.communication.ConnectionToAppleServer - Creating SSLSocket to gateway.push.apple.com:2195
[20130812 13:04:31 096 DEBUG] javapns.notification.PushNotificationManager - Initialized Connection to Host: [gateway.push.apple.com] Port: [2195]: 204ed39b[SSL_NULL_WITH_NULL_NULL: Socket[addr=gateway.push.apple.com/17.149.35.170,port=2195,localport=52041]]
[20130812 13:04:31 410 DEBUG] javapns.communication.ConnectionToAppleServer - Creating SSLSocketFactory
[20130812 13:04:31 415 DEBUG] javapns.communication.ConnectionToAppleServer - Creating SSLSocket to gateway.push.apple.com:2195
[20130812 13:04:31 577 DEBUG] javapns.notification.PushNotificationManager - Initialized Connection to Host: [gateway.push.apple.com] Port: [2195]: 4e7c484c[SSL_NULL_WITH_NULL_NULL: Socket[addr=gateway.push.apple.com/17.149.35.170,port=2195,localport=52042]]
[20130812 13:04:31 909 DEBUG] javapns.communication.ConnectionToAppleServer - Creating SSLSocketFactory
[20130812 13:04:31 915 DEBUG] javapns.communication.ConnectionToAppleServer - Creating SSLSocket to gateway.push.apple.com:2195
[20130812 13:04:32 080 DEBUG] javapns.notification.PushNotificationManager - Initialized Connection to Host: [gateway.push.apple.com] Port: [2195]: 39a0972a[SSL_NULL_WITH_NULL_NULL: Socket[addr=gateway.push.apple.com/17.149.35.170,port=2195,localport=52044]]
[20130812 13:04:32 410 DEBUG] javapns.communication.ConnectionToAppleServer - Creating SSLSocketFactory
[20130812 13:04:32 415 DEBUG] javapns.communication.ConnectionToAppleServer - Creating SSLSocket to gateway.push.apple.com:2195
[20130812 13:04:32 582 DEBUG] javapns.notification.PushNotificationManager - Initialized Connection to Host: [gateway.push.apple.com] Port: [2195]: 4e57790a[SSL_NULL_WITH_NULL_NULL: Socket[addr=gateway.push.apple.com/17.149.35.170,port=2195,localport=52045]]
[20130812 13:04:32 910 DEBUG] javapns.communication.ConnectionToAppleServer - Creating SSLSocketFactory
[20130812 13:04:32 915 DEBUG] javapns.communication.ConnectionToAppleServer - Creating SSLSocket to gateway.push.apple.com:2195
[20130812 13:04:33 081 DEBUG] javapns.notification.PushNotificationManager - Initialized Connection to Host: [gateway.push.apple.com] Port: [2195]: 7006c59f[SSL_NULL_WITH_NULL_NULL: Socket[addr=gateway.push.apple.com/17.149.35.170,port=2195,localport=52046]]
[20130812 13:04:33 409 DEBUG] javapns.communication.ConnectionToAppleServer - Creating SSLSocketFactory
[20130812 13:04:33 415 DEBUG] javapns.communication.ConnectionToAppleServer - Creating SSLSocket to gateway.push.apple.com:2195
[20130812 13:04:33 596 DEBUG] javapns.notification.PushNotificationManager - Initialized Connection to Host: [gateway.push.apple.com] Port: [2195]: 252c65db[SSL_NULL_WITH_NULL_NULL: Socket[addr=gateway.push.apple.com/17.149.35.170,port=2195,localport=52047]]
[20130812 13:04:33 917 DEBUG] org.apache.commons.httpclient.params.DefaultHttpParams - Set parameter http.useragent = Jakarta Commons-HttpClient/3.1
[20130812 13:04:33 917 DEBUG] org.apache.commons.httpclient.params.DefaultHttpParams - Set parameter http.protocol.version = HTTP/1.1
[20130812 13:04:33 918 DEBUG] org.apache.commons.httpclient.params.DefaultHttpParams - Set parameter http.connection-manager.class = class org.apache.commons.httpclient.SimpleHttpConnectionManager
[20130812 13:04:33 918 DEBUG] org.apache.commons.httpclient.params.DefaultHttpParams - Set parameter http.protocol.cookie-policy = default
[20130812 13:04:33 918 DEBUG] org.apache.commons.httpclient.params.DefaultHttpParams - Set parameter http.protocol.element-charset = US-ASCII
[20130812 13:04:33 918 DEBUG] org.apache.commons.httpclient.params.DefaultHttpParams - Set parameter http.protocol.content-charset = ISO-8859-1
[20130812 13:04:33 919 DEBUG] org.apache.commons.httpclient.params.DefaultHttpParams - Set parameter http.method.retry-handler = org.apache.commons.httpclient.DefaultHttpMethodRetryHandler@67beff98
[20130812 13:04:33 919 DEBUG] org.apache.commons.httpclient.params.DefaultHttpParams - Set parameter http.dateparser.patterns = [EEE, dd MMM yyyy HH:mm:ss zzz, EEEE, dd-MMM-yy HH:mm:ss zzz, EEE MMM d HH:mm:ss yyyy, EEE, dd-MMM-yyyy HH:mm:ss z, EEE, dd-MMM-yyyy HH-mm-ss z, EEE, dd MMM yy HH:mm:ss z, EEE dd-MMM-yyyy HH:mm:ss z, EEE dd MMM yyyy HH:mm:ss z, EEE dd-MMM-yyyy HH-mm-ss z, EEE dd-MMM-yy HH:mm:ss z, EEE dd MMM yy HH:mm:ss z, EEE,dd-MMM-yy HH:mm:ss z, EEE,dd-MMM-yyyy HH:mm:ss z, EEE, dd-MM-yyyy HH:mm:ss z]
[20130812 13:04:34 024 DEBUG] org.apache.commons.httpclient.params.DefaultHttpParams - Set parameter http.connection.timeout = 60000
[20130812 13:04:34 026 DEBUG] org.apache.commons.httpclient.params.DefaultHttpParams - Set parameter http.connection-manager.max-per-host = {HostConfiguration[]=1200}
[20130812 13:04:34 098 DEBUG] org.apache.commons.httpclient.HttpMethodBase - HttpMethodBase.addRequestHeader(Header)
[20130812 13:04:34 099 DEBUG] org.apache.commons.httpclient.methods.PostMethod - enter PostMethod.clearRequestBody()
[20130812 13:04:34 099 DEBUG] org.apache.commons.httpclient.methods.EntityEnclosingMethod - enter EntityEnclosingMethod.clearRequestBody()
[20130812 13:04:34 100 DEBUG] org.apache.commons.httpclient.HttpClient - Java version: 1.7.0_11
[20130812 13:04:34 100 DEBUG] org.apache.commons.httpclient.HttpClient - Java vendor: Oracle Corporation
[20130812 13:04:34 100 DEBUG] org.apache.commons.httpclient.HttpClient - Java class path: D:\Eclipse\workspace\Mas\target\classes;C:\Users\samul\.m2\repository\redis\clients\jedis\2.0.0\jedis-2.0.0.jar;C:\Users\samul\.m2\repository\org\apache\lucene\lucene-core\3.6.1\lucene-core-3.6.1.jar;C:\Users\samul\.m2\repository\com\alibaba\fastjson\1.1.23\fastjson-1.1.23.jar;C:\Users\samul\.m2\repository\commons-lang\commons-lang\2.6\commons-lang-2.6.jar;C:\Users\samul\.m2\repository\commons-io\commons-io\2.3\commons-io-2.3.jar;C:\Users\samul\.m2\repository\commons-pool\commons-pool\1.6\commons-pool-1.6.jar;C:\Users\samul\.m2\repository\commons-httpclient\commons-httpclient\3.1\commons-httpclient-3.1.jar;C:\Users\samul\.m2\repository\commons-logging\commons-logging\1.0.4\commons-logging-1.0.4.jar;C:\Users\samul\.m2\repository\commons-codec\commons-codec\1.2\commons-codec-1.2.jar;C:\Users\samul\.m2\repository\org\apache\httpcomponents\httpclient\4.2.2\httpclient-4.2.2.jar;C:\Users\samul\.m2\repository\org\apache\httpcomponents\httpcore\4.2.2\httpcore-4.2.2.jar;C:\Users\samul\.m2\repository\commons-fileupload\commons-fileupload\1.2.2\commons-fileupload-1.2.2.jar;C:\Users\samul\.m2\repository\cn\jpush\jpush-api\0.0.1\jpush-api-0.0.1.jar;C:\Users\samul\.m2\repository\com\google\code\gson\gson\2.2.2\gson-2.2.2.jar;C:\Users\samul\.m2\repository\org\quartz-scheduler\quartz\2.1.6\quartz-2.1.6.jar;C:\Users\samul\.m2\repository\c3p0\c3p0\0.9.1.1\c3p0-0.9.1.1.jar;C:\Users\samul\.m2\repository\org\slf4j\slf4j-api\1.6.1\slf4j-api-1.6.1.jar;C:\Users\samul\.m2\repository\org\apache\solr\solr-solrj\4.1.0\solr-solrj-4.1.0.jar;C:\Users\samul\.m2\repository\org\apache\zookeeper\zookeeper\3.4.5\zookeeper-3.4.5.jar;C:\Users\samul\.m2\repository\org\apache\httpcomponents\httpmime\4.1.3\httpmime-4.1.3.jar;C:\Users\samul\.m2\repository\org\codehaus\woodstox\wstx-asl\3.2.7\wstx-asl-3.2.7.jar;C:\Users\samul\.m2\repository\mysql\mysql-connector-java\5.1.20\mysql-connector-java-5.1.20.jar;C:\Users\samul\.m2\repository\com\jolbox\bonecp\0.7.1.RELEASE\bonecp-0.7.1.RELEASE.jar;C:\Users\samul\.m2\repository\com\google\guava\guava\r08\guava-r08.jar;C:\Users\samul\.m2\repository\org\bouncycastle\bcprov-jdk16\1.46\bcprov-jdk16-1.46.jar;C:\Users\samul\.m2\repository\org\pns\JavaPNS-2.2\2.2\JavaPNS-2.2-2.2.jar;D:\Eclipse\workspace\jer\target\classes;C:\Users\samul\.m2\repository\log4j\log4j\1.2.16\log4j-1.2.16.jar;C:\Users\samul\.m2\repository\org\eclipse\jetty\jetty-server\8.1.0.RC5\jetty-server-8.1.0.RC5.jar;C:\Users\samul\.m2\repository\org\mortbay\jetty\servlet-api\3.0.20100224\servlet-api-3.0.20100224.jar;C:\Users\samul\.m2\repository\org\eclipse\jetty\jetty-continuation\8.1.0.RC5\jetty-continuation-8.1.0.RC5.jar;C:\Users\samul\.m2\repository\org\eclipse\jetty\jetty-http\8.1.0.RC5\jetty-http-8.1.0.RC5.jar;C:\Users\samul\.m2\repository\org\eclipse\jetty\jetty-io\8.1.0.RC5\jetty-io-8.1.0.RC5.jar;C:\Users\samul\.m2\repository\org\eclipse\jetty\jetty-util\8.1.0.RC5\jetty-util-8.1.0.RC5.jar;C:\Users\samul\.m2\repository\com\googlecode\xmemcached\xmemcached\1.3.6\xmemcached-1.3.6.jar;C:\Users\samul\.m2\repository\com\esotericsoftware\reflectasm\reflectasm\1.07\reflectasm-1.07.jar;C:\Users\samul\.m2\repository\org\ow2\asm\asm\4.0\asm-4.0.jar;C:\Users\samul\.m2\repository\net\coobird\thumbnailator\0.4.3\thumbnailator-0.4.3.jar;C:\Users\samul\.m2\repository\javax\mail\mail\1.4.7\mail-1.4.7.jar;C:\Users\samul\.m2\repository\javax\activation\activation\1.1\activation-1.1.jar;C:\Users\samul\.m2\repository\org\freemarker\freemarker\2.3.19\freemarker-2.3.19.jar;C:\Users\samul\.m2\repository\gexin\gexin-rp-sdk-base\2.0.0.3\gexin-rp-sdk-base-2.0.0.3.jar;C:\Users\samul\.m2\repository\gexin\gexin-rp-sdk-http\2.0.0.3\gexin-rp-sdk-http-2.0.0.3.jar;C:\Users\samul\.m2\repository\gexin\gexin-rp-sdk-template\2.0.0.3\gexin-rp-sdk-template-2.0.0.3.jar;C:\Users\samul\.m2\repository\gexin\jackson-all\1.8.5\jackson-all-1.8.5.jar;C:\Users\samul\.m2\repository\gexin\protobuf-java\2.4.1\protobuf-java-2.4.1.jar
[20130812 13:04:34 100 DEBUG] org.apache.commons.httpclient.HttpClient - Operating system name: Windows 7
[20130812 13:04:34 100 DEBUG] org.apache.commons.httpclient.HttpClient - Operating system architecture: amd64
[20130812 13:04:34 100 DEBUG] org.apache.commons.httpclient.HttpClient - Operating system version: 6.1
[20130812 13:04:34 101 DEBUG] org.apache.commons.httpclient.HttpClient - SUN 1.7: SUN (DSA key/parameter generation; DSA signing; SHA-1, MD5 digests; SecureRandom; X.509 certificates; JKS keystore; PKIX CertPathValidator; PKIX CertPathBuilder; LDAP, Collection CertStores, JavaPolicy Policy; JavaLoginConfig Configuration)
[20130812 13:04:34 101 DEBUG] org.apache.commons.httpclient.HttpClient - SunRsaSign 1.7: Sun RSA signature provider
[20130812 13:04:34 101 DEBUG] org.apache.commons.httpclient.HttpClient - SunEC 1.7: Sun Elliptic Curve provider (EC, ECDSA, ECDH)
[20130812 13:04:34 101 DEBUG] org.apache.commons.httpclient.HttpClient - SunJSSE 1.7: Sun JSSE provider(PKCS12, SunX509 key/trust factories, SSLv3, TLSv1)
[20130812 13:04:34 101 DEBUG] org.apache.commons.httpclient.HttpClient - SunJCE 1.7: SunJCE Provider (implements RSA, DES, Triple DES, AES, Blowfish, ARCFOUR, RC2, PBE, Diffie-Hellman, HMAC)
[20130812 13:04:34 101 DEBUG] org.apache.commons.httpclient.HttpClient - SunJGSS 1.7: Sun (Kerberos v5, SPNEGO)
[20130812 13:04:34 101 DEBUG] org.apache.commons.httpclient.HttpClient - SunSASL 1.7: Sun SASL provider(implements client mechanisms for: DIGEST-MD5, GSSAPI, EXTERNAL, PLAIN, CRAM-MD5, NTLM; server mechanisms for: DIGEST-MD5, GSSAPI, CRAM-MD5, NTLM)
[20130812 13:04:34 101 DEBUG] org.apache.commons.httpclient.HttpClient - XMLDSig 1.0: XMLDSig (DOM XMLSignatureFactory; DOM KeyInfoFactory)
[20130812 13:04:34 101 DEBUG] org.apache.commons.httpclient.HttpClient - SunPCSC 1.7: Sun PC/SC provider
[20130812 13:04:34 101 DEBUG] org.apache.commons.httpclient.HttpClient - SunMSCAPI 1.7: Sun's Microsoft Crypto API provider
[20130812 13:04:34 101 DEBUG] org.apache.commons.httpclient.HttpClient - BC 1.46: BouncyCastle Security Provider v1.46
[20130812 13:04:34 102 DEBUG] org.apache.commons.httpclient.HttpClient - enter HttpClient.executeMethod(HttpMethod)
[20130812 13:04:34 102 DEBUG] org.apache.commons.httpclient.HttpClient - enter HttpClient.executeMethod(HostConfiguration,HttpMethod,HttpState)
[20130812 13:04:34 106 DEBUG] org.apache.commons.httpclient.MultiThreadedHttpConnectionManager - enter HttpConnectionManager.getConnectionWithTimeout(HostConfiguration, long)
[20130812 13:04:34 106 DEBUG] org.apache.commons.httpclient.MultiThreadedHttpConnectionManager - HttpConnectionManager.getConnection:  config = HostConfiguration[host=http://sdk.open.api.igexin.com], timeout = 0
[20130812 13:04:34 106 DEBUG] org.apache.commons.httpclient.MultiThreadedHttpConnectionManager - enter HttpConnectionManager.ConnectionPool.getHostPool(HostConfiguration)
[20130812 13:04:34 106 DEBUG] org.apache.commons.httpclient.MultiThreadedHttpConnectionManager - enter HttpConnectionManager.ConnectionPool.getHostPool(HostConfiguration)
[20130812 13:04:34 107 DEBUG] org.apache.commons.httpclient.MultiThreadedHttpConnectionManager - Allocating new connection, hostConfig=HostConfiguration[host=http://sdk.open.api.igexin.com]
[20130812 13:04:34 109 DEBUG] org.apache.commons.httpclient.HttpMethodDirector - Attempt number 1 to process request
[20130812 13:04:34 109 DEBUG] org.apache.commons.httpclient.HttpConnection - enter HttpConnection.open()
[20130812 13:04:34 109 DEBUG] org.apache.commons.httpclient.HttpConnection - Open connection to sdk.open.api.igexin.com:80
[20130812 13:04:34 178 DEBUG] org.apache.commons.httpclient.HttpMethodBase - enter HttpMethodBase.execute(HttpState, HttpConnection)
[20130812 13:04:34 178 DEBUG] org.apache.commons.httpclient.HttpMethodBase - enter HttpMethodBase.writeRequest(HttpState, HttpConnection)
[20130812 13:04:34 178 DEBUG] org.apache.commons.httpclient.HttpMethodBase - enter HttpMethodBase.writeRequestLine(HttpState, HttpConnection)
[20130812 13:04:34 178 DEBUG] org.apache.commons.httpclient.HttpMethodBase - enter HttpMethodBase.generateRequestLine(HttpConnection, String, String, String, String)
[20130812 13:04:34 179 DEBUG] httpclient.wire.header - >> "POST /apiex.htm HTTP/1.1[\r][\n]"
[20130812 13:04:34 179 DEBUG] org.apache.commons.httpclient.HttpConnection - enter HttpConnection.print(String)
[20130812 13:04:34 179 DEBUG] org.apache.commons.httpclient.HttpConnection - enter HttpConnection.write(byte[])
[20130812 13:04:34 179 DEBUG] org.apache.commons.httpclient.HttpConnection - enter HttpConnection.write(byte[], int, int)
[20130812 13:04:34 179 DEBUG] org.apache.commons.httpclient.HttpMethodBase - enter HttpMethodBase.writeRequestHeaders(HttpState,HttpConnection)
[20130812 13:04:34 179 DEBUG] org.apache.commons.httpclient.methods.EntityEnclosingMethod - enter EntityEnclosingMethod.addRequestHeaders(HttpState, HttpConnection)
[20130812 13:04:34 179 DEBUG] org.apache.commons.httpclient.methods.ExpectContinueMethod - enter ExpectContinueMethod.addRequestHeaders(HttpState, HttpConnection)
[20130812 13:04:34 179 DEBUG] org.apache.commons.httpclient.HttpMethodBase - enter HttpMethodBase.addRequestHeaders(HttpState, HttpConnection)
[20130812 13:04:34 180 DEBUG] org.apache.commons.httpclient.HttpMethodBase - enter HttpMethodBase.addUserAgentRequestHeaders(HttpState, HttpConnection)
[20130812 13:04:34 180 DEBUG] org.apache.commons.httpclient.HttpMethodBase - enter HttpMethodBase.addHostRequestHeader(HttpState, HttpConnection)
[20130812 13:04:34 180 DEBUG] org.apache.commons.httpclient.HttpMethodBase - Adding Host request header
[20130812 13:04:34 180 DEBUG] org.apache.commons.httpclient.HttpMethodBase - enter HttpMethodBase.addCookieRequestHeader(HttpState, HttpConnection)
[20130812 13:04:34 186 DEBUG] org.apache.commons.httpclient.HttpState - enter HttpState.getCookies()
[20130812 13:04:34 186 DEBUG] org.apache.commons.httpclient.cookie.CookieSpec - enter CookieSpecBase.match(String, int, String, boolean, Cookie[])
[20130812 13:04:34 186 DEBUG] org.apache.commons.httpclient.HttpMethodBase - enter HttpMethodBase.addProxyConnectionHeader(HttpState, HttpConnection)
[20130812 13:04:34 186 DEBUG] org.apache.commons.httpclient.methods.EntityEnclosingMethod - enter EntityEnclosingMethod.addContentLengthRequestHeader(HttpState, HttpConnection)
[20130812 13:04:34 186 DEBUG] org.apache.commons.httpclient.methods.EntityEnclosingMethod - enter EntityEnclosingMethod.getRequestContentLength()
[20130812 13:04:34 187 DEBUG] org.apache.commons.httpclient.methods.PostMethod - enter PostMethod.hasRequestContent()
[20130812 13:04:34 187 DEBUG] org.apache.commons.httpclient.methods.EntityEnclosingMethod - enter EntityEnclosingMethod.hasRequestContent()
[20130812 13:04:34 187 DEBUG] org.apache.commons.httpclient.HttpMethodBase - HttpMethodBase.addRequestHeader(Header)
[20130812 13:04:34 187 DEBUG] httpclient.wire.header - >> "Content-Type: text/html;charset=UTF-8[\r][\n]"
[20130812 13:04:34 187 DEBUG] org.apache.commons.httpclient.HttpConnection - enter HttpConnection.print(String)
[20130812 13:04:34 187 DEBUG] org.apache.commons.httpclient.HttpConnection - enter HttpConnection.write(byte[])
[20130812 13:04:34 187 DEBUG] org.apache.commons.httpclient.HttpConnection - enter HttpConnection.write(byte[], int, int)
[20130812 13:04:34 187 DEBUG] httpclient.wire.header - >> "User-Agent: Jakarta Commons-HttpClient/3.1[\r][\n]"
[20130812 13:04:34 187 DEBUG] org.apache.commons.httpclient.HttpConnection - enter HttpConnection.print(String)
[20130812 13:04:34 187 DEBUG] org.apache.commons.httpclient.HttpConnection - enter HttpConnection.write(byte[])
[20130812 13:04:34 187 DEBUG] org.apache.commons.httpclient.HttpConnection - enter HttpConnection.write(byte[], int, int)
[20130812 13:04:34 187 DEBUG] httpclient.wire.header - >> "Host: sdk.open.api.igexin.com[\r][\n]"
[20130812 13:04:34 187 DEBUG] org.apache.commons.httpclient.HttpConnection - enter HttpConnection.print(String)
[20130812 13:04:34 188 DEBUG] org.apache.commons.httpclient.HttpConnection - enter HttpConnection.write(byte[])
[20130812 13:04:34 188 DEBUG] org.apache.commons.httpclient.HttpConnection - enter HttpConnection.write(byte[], int, int)
[20130812 13:04:34 188 DEBUG] httpclient.wire.header - >> "Content-Length: 524[\r][\n]"
[20130812 13:04:34 188 DEBUG] org.apache.commons.httpclient.HttpConnection - enter HttpConnection.print(String)
[20130812 13:04:34 188 DEBUG] org.apache.commons.httpclient.HttpConnection - enter HttpConnection.write(byte[])
[20130812 13:04:34 188 DEBUG] org.apache.commons.httpclient.HttpConnection - enter HttpConnection.write(byte[], int, int)
[20130812 13:04:34 188 DEBUG] org.apache.commons.httpclient.HttpConnection - enter HttpConnection.writeLine()
[20130812 13:04:34 188 DEBUG] org.apache.commons.httpclient.HttpConnection - enter HttpConnection.write(byte[])
[20130812 13:04:34 188 DEBUG] org.apache.commons.httpclient.HttpConnection - enter HttpConnection.write(byte[], int, int)
[20130812 13:04:34 188 DEBUG] httpclient.wire.header - >> "[\r][\n]"
[20130812 13:04:34 188 DEBUG] org.apache.commons.httpclient.methods.EntityEnclosingMethod - enter EntityEnclosingMethod.writeRequestBody(HttpState, HttpConnection)
[20130812 13:04:34 188 DEBUG] org.apache.commons.httpclient.methods.PostMethod - enter PostMethod.hasRequestContent()
[20130812 13:04:34 188 DEBUG] org.apache.commons.httpclient.methods.EntityEnclosingMethod - enter EntityEnclosingMethod.hasRequestContent()
[20130812 13:04:34 188 DEBUG] org.apache.commons.httpclient.methods.EntityEnclosingMethod - enter EntityEnclosingMethod.getRequestContentLength()
[20130812 13:04:34 188 DEBUG] org.apache.commons.httpclient.methods.PostMethod - enter PostMethod.hasRequestContent()
[20130812 13:04:34 189 DEBUG] org.apache.commons.httpclient.methods.EntityEnclosingMethod - enter EntityEnclosingMethod.hasRequestContent()
[20130812 13:04:34 189 DEBUG] org.apache.commons.httpclient.HttpConnection - enter HttpConnection.getRequestOutputStream()
[20130812 13:04:34 189 DEBUG] httpclient.wire.content - >> "{"appId":"o94ymOAtzV74lbC6I3V6a","isOffline":true,"appkey":"RQA0RdthPhA743m0n0Y6Q5","action":"pushMessageToSingleAction","pushType":"TransmissionMsg","offlineExpireTime":0,"type":2,"clientId":"b119dc8cc0e21d176985ed660c85e94a","transmissionContent":"{\"alert\":\"[0xe6][0x82][0xa8][0xe7][0x9a][0x84][0xe9][0x9c][0x80][0xe6][0xb1][0x82]:[0xe5][0x93][0xa6][0xe5][0x93][0xa6][0xe5][0x93][0xa6][0xe5][0xb7][0xb2][0xe7][0xbb][0x8f][0xe8][0xbf][0x87][0xe6][0x9c][0x9f][0xef][0xbc][0x81]\",\"attach\":{\"mid\":1602,\"t\":16}}","clientData":"CgASC3B1c2htZXNzYWdlGgAiFlJRQTBSZHRoUGhBNzQzbTBuMFk2UTUqFW85NHltT0F0elY3NGxi\r\nQzZJM1Y2YTIAOggKABIAGgAiAEIHCAEQABiuTkIZCK5OEAMYZOIIAOoIBgoAEgAaAPAIAPgIZEIE\r\nCGQQBw=="}"
[20130812 13:04:34 189 DEBUG] org.apache.commons.httpclient.methods.EntityEnclosingMethod - Request body sent
[20130812 13:04:34 189 DEBUG] org.apache.commons.httpclient.HttpConnection - enter HttpConnection.flushRequestOutputStream()
[20130812 13:04:34 189 DEBUG] org.apache.commons.httpclient.HttpMethodBase - enter HttpMethodBase.readResponse(HttpState, HttpConnection)
[20130812 13:04:34 189 DEBUG] org.apache.commons.httpclient.HttpMethodBase - enter HttpMethodBase.readStatusLine(HttpState, HttpConnection)
[20130812 13:04:34 189 DEBUG] org.apache.commons.httpclient.HttpConnection - enter HttpConnection.readLine()
[20130812 13:04:34 190 DEBUG] org.apache.commons.httpclient.HttpParser - enter HttpParser.readLine(InputStream, String)
[20130812 13:04:34 190 DEBUG] org.apache.commons.httpclient.HttpParser - enter HttpParser.readRawLine()
[20130812 13:04:34 269 DEBUG] httpclient.wire.header - << "HTTP/1.1 200 OK[\r][\n]"
[20130812 13:04:34 269 DEBUG] httpclient.wire.header - << "HTTP/1.1 200 OK[\r][\n]"
[20130812 13:04:34 270 DEBUG] org.apache.commons.httpclient.HttpMethodBase - enter HttpMethodBase.readResponseHeaders(HttpState,HttpConnection)
[20130812 13:04:34 270 DEBUG] org.apache.commons.httpclient.HttpConnection - enter HttpConnection.getResponseInputStream()
[20130812 13:04:34 270 DEBUG] org.apache.commons.httpclient.HttpParser - enter HeaderParser.parseHeaders(InputStream, String)
[20130812 13:04:34 270 DEBUG] org.apache.commons.httpclient.HttpParser - enter HttpParser.readLine(InputStream, String)
[20130812 13:04:34 270 DEBUG] org.apache.commons.httpclient.HttpParser - enter HttpParser.readRawLine()
[20130812 13:04:34 270 DEBUG] httpclient.wire.header - << "Server: nginx/1.0.5[\r][\n]"
[20130812 13:04:34 270 DEBUG] org.apache.commons.httpclient.HttpParser - enter HttpParser.readLine(InputStream, String)
[20130812 13:04:34 270 DEBUG] org.apache.commons.httpclient.HttpParser - enter HttpParser.readRawLine()
[20130812 13:04:34 270 DEBUG] httpclient.wire.header - << "Date: Mon, 12 Aug 2013 05:04:34 GMT[\r][\n]"
[20130812 13:04:34 270 DEBUG] org.apache.commons.httpclient.HttpParser - enter HttpParser.readLine(InputStream, String)
[20130812 13:04:34 270 DEBUG] org.apache.commons.httpclient.HttpParser - enter HttpParser.readRawLine()
[20130812 13:04:34 271 DEBUG] httpclient.wire.header - << "Content-Type: text/html;charset=UTF-8[\r][\n]"
[20130812 13:04:34 271 DEBUG] org.apache.commons.httpclient.HttpParser - enter HttpParser.readLine(InputStream, String)
[20130812 13:04:34 271 DEBUG] org.apache.commons.httpclient.HttpParser - enter HttpParser.readRawLine()
[20130812 13:04:34 271 DEBUG] httpclient.wire.header - << "Connection: keep-alive[\r][\n]"
[20130812 13:04:34 271 DEBUG] org.apache.commons.httpclient.HttpParser - enter HttpParser.readLine(InputStream, String)
[20130812 13:04:34 271 DEBUG] org.apache.commons.httpclient.HttpParser - enter HttpParser.readRawLine()
[20130812 13:04:34 271 DEBUG] httpclient.wire.header - << "Content-Language: en-US[\r][\n]"
[20130812 13:04:34 271 DEBUG] org.apache.commons.httpclient.HttpParser - enter HttpParser.readLine(InputStream, String)
[20130812 13:04:34 271 DEBUG] org.apache.commons.httpclient.HttpParser - enter HttpParser.readRawLine()
[20130812 13:04:34 271 DEBUG] httpclient.wire.header - << "Content-Length: 87[\r][\n]"
[20130812 13:04:34 271 DEBUG] org.apache.commons.httpclient.HttpParser - enter HttpParser.readLine(InputStream, String)
[20130812 13:04:34 271 DEBUG] org.apache.commons.httpclient.HttpParser - enter HttpParser.readRawLine()
[20130812 13:04:34 271 DEBUG] httpclient.wire.header - << "[\r][\n]"
[20130812 13:04:34 271 DEBUG] org.apache.commons.httpclient.HttpMethodBase - enter HttpMethodBase.processResponseHeaders(HttpState, HttpConnection)
[20130812 13:04:34 272 DEBUG] org.apache.commons.httpclient.HttpMethodBase - enter HttpMethodBase.processCookieHeaders(Header[], HttpState, HttpConnection)
[20130812 13:04:34 272 DEBUG] org.apache.commons.httpclient.HttpMethodBase - enter HttpMethodBase.readResponseBody(HttpState, HttpConnection)
[20130812 13:04:34 272 DEBUG] org.apache.commons.httpclient.HttpMethodBase - enter HttpMethodBase.readResponseBody(HttpConnection)
[20130812 13:04:34 272 DEBUG] org.apache.commons.httpclient.HttpConnection - enter HttpConnection.getResponseInputStream()
[20130812 13:04:34 272 DEBUG] org.apache.commons.httpclient.HttpMethodBase - enter HttpMethodBase.canResponseHaveBody(int)
[20130812 13:04:34 273 DEBUG] httpclient.wire.content - << "{"taskId":"OSS-0812_DK8b6Q2riu8XhgEJP3aE54","result":"ok","status":"successed_offline"}"
[20130812 13:04:34 273 DEBUG] org.apache.commons.httpclient.HttpMethodBase - Should NOT close connection in response to directive: keep-alive
[20130812 13:04:34 273 DEBUG] org.apache.commons.httpclient.HttpConnection - enter HttpConnection.isResponseAvailable()
[20130812 13:04:34 273 DEBUG] org.apache.commons.httpclient.HttpConnection - enter HttpConnection.releaseConnection()
[20130812 13:04:34 273 DEBUG] org.apache.commons.httpclient.HttpConnection - Releasing connection back to connection manager.
[20130812 13:04:34 273 DEBUG] org.apache.commons.httpclient.MultiThreadedHttpConnectionManager - enter HttpConnectionManager.releaseConnection(HttpConnection)
[20130812 13:04:34 273 DEBUG] org.apache.commons.httpclient.MultiThreadedHttpConnectionManager - Freeing connection, hostConfig=HostConfiguration[host=http://sdk.open.api.igexin.com]
[20130812 13:04:34 273 DEBUG] org.apache.commons.httpclient.MultiThreadedHttpConnectionManager - enter HttpConnectionManager.ConnectionPool.getHostPool(HostConfiguration)
[20130812 13:04:34 274 DEBUG] org.apache.commons.httpclient.util.IdleConnectionHandler - Adding connection at: 1376283874274
[20130812 13:04:34 274 DEBUG] org.apache.commons.httpclient.MultiThreadedHttpConnectionManager - Notifying no-one, there are no waiting threads
[20130812 13:04:34 283 INFO ] cn.zthz.tool.push.AndroidJPush - {taskId=OSS-0812_DK8b6Q2riu8XhgEJP3aE54, result=ok, status=successed_offline}
[20130812 13:04:34 283 INFO ] cn.zthz.actor.solr.SolrUpdater - delete requirement with id:40288017404cdef901404cdefd4a0002 in solr
[20130812 13:04:34 337 DEBUG] org.apache.http.impl.conn.tsccm.ThreadSafeClientConnManager - Get connection: {}->http://192.168.0.151, timeout = 0
[20130812 13:04:34 338 DEBUG] org.apache.http.impl.conn.tsccm.ConnPoolByRoute - [{}->http://192.168.0.151] total kept alive: 0, total issued: 0, total allocated: 0 out of 20
[20130812 13:04:34 338 DEBUG] org.apache.http.impl.conn.tsccm.ConnPoolByRoute - No free connections [{}->http://192.168.0.151][null]
[20130812 13:04:34 338 DEBUG] org.apache.http.impl.conn.tsccm.ConnPoolByRoute - Available capacity: 2 out of 2 [{}->http://192.168.0.151][null]
[20130812 13:04:34 338 DEBUG] org.apache.http.impl.conn.tsccm.ConnPoolByRoute - Creating new connection [{}->http://192.168.0.151]
[20130812 13:04:34 346 DEBUG] org.apache.http.impl.conn.DefaultClientConnectionOperator - Connecting to 192.168.0.151:80
[20130812 13:04:34 362 DEBUG] org.apache.http.client.protocol.RequestAddCookies - CookieSpec selected: best-match
[20130812 13:04:34 369 DEBUG] org.apache.http.client.protocol.RequestAuthCache - Auth cache not set in the context
[20130812 13:04:34 369 DEBUG] org.apache.http.client.protocol.RequestTargetAuthentication - Target auth state: UNCHALLENGED
[20130812 13:04:34 370 DEBUG] org.apache.http.client.protocol.RequestProxyAuthentication - Proxy auth state: UNCHALLENGED
[20130812 13:04:34 370 DEBUG] org.apache.http.impl.client.DefaultHttpClient - Attempt 1 to execute request
[20130812 13:04:34 370 DEBUG] org.apache.http.impl.conn.DefaultClientConnection - Sending request: POST /solr/requirement/update?commit=true HTTP/1.1
[20130812 13:04:34 370 DEBUG] org.apache.http.wire - >> "POST /solr/requirement/update?commit=true HTTP/1.1[\r][\n]"
[20130812 13:04:34 371 DEBUG] org.apache.http.wire - >> "Content-Length: 52[\r][\n]"
[20130812 13:04:34 371 DEBUG] org.apache.http.wire - >> "Content-Type: application/json; charset=UTF-8[\r][\n]"
[20130812 13:04:34 371 DEBUG] org.apache.http.wire - >> "Host: 192.168.0.151[\r][\n]"
[20130812 13:04:34 371 DEBUG] org.apache.http.wire - >> "Connection: Keep-Alive[\r][\n]"
[20130812 13:04:34 371 DEBUG] org.apache.http.wire - >> "[\r][\n]"
[20130812 13:04:34 371 DEBUG] org.apache.http.headers - >> POST /solr/requirement/update?commit=true HTTP/1.1
[20130812 13:04:34 371 DEBUG] org.apache.http.headers - >> Content-Length: 52
[20130812 13:04:34 371 DEBUG] org.apache.http.headers - >> Content-Type: application/json; charset=UTF-8
[20130812 13:04:34 372 DEBUG] org.apache.http.headers - >> Host: 192.168.0.151
[20130812 13:04:34 372 DEBUG] org.apache.http.headers - >> Connection: Keep-Alive
[20130812 13:04:34 372 DEBUG] org.apache.http.wire - >> "{"delete":{"id":"40288017404cdef901404cdefd4a0002"}}"
[20130812 13:04:34 486 DEBUG] org.apache.http.wire - << "HTTP/1.1 200 OK[\r][\n]"
[20130812 13:04:34 487 DEBUG] org.apache.http.wire - << "Server: nginx/1.2.6[\r][\n]"
[20130812 13:04:34 487 DEBUG] org.apache.http.wire - << "Date: Mon, 12 Aug 2013 05:07:10 GMT[\r][\n]"
[20130812 13:04:34 487 DEBUG] org.apache.http.wire - << "Content-Type: application/json;charset=UTF-8[\r][\n]"
[20130812 13:04:34 487 DEBUG] org.apache.http.wire - << "Transfer-Encoding: chunked[\r][\n]"
[20130812 13:04:34 487 DEBUG] org.apache.http.wire - << "Connection: keep-alive[\r][\n]"
[20130812 13:04:34 488 DEBUG] org.apache.http.wire - << "[\r][\n]"
[20130812 13:04:34 488 DEBUG] org.apache.http.impl.conn.DefaultClientConnection - Receiving response: HTTP/1.1 200 OK
[20130812 13:04:34 488 DEBUG] org.apache.http.headers - << HTTP/1.1 200 OK
[20130812 13:04:34 488 DEBUG] org.apache.http.headers - << Server: nginx/1.2.6
[20130812 13:04:34 488 DEBUG] org.apache.http.headers - << Date: Mon, 12 Aug 2013 05:07:10 GMT
[20130812 13:04:34 488 DEBUG] org.apache.http.headers - << Content-Type: application/json;charset=UTF-8
[20130812 13:04:34 488 DEBUG] org.apache.http.headers - << Transfer-Encoding: chunked
[20130812 13:04:34 488 DEBUG] org.apache.http.headers - << Connection: keep-alive
[20130812 13:04:34 491 DEBUG] org.apache.http.impl.client.DefaultHttpClient - Connection can be kept alive indefinitely
[20130812 13:04:34 493 DEBUG] org.apache.http.wire - << "2c[\r][\n]"
[20130812 13:04:34 493 DEBUG] org.apache.http.wire - << "{"responseHeader":{"status":0,"QTime":110}}[\n]"
[20130812 13:04:34 493 DEBUG] org.apache.http.wire - << "[\r][\n]"
[20130812 13:04:34 493 DEBUG] org.apache.http.wire - << "0[\r][\n]"
[20130812 13:04:34 493 DEBUG] org.apache.http.wire - << "[\r][\n]"
[20130812 13:04:34 493 DEBUG] org.apache.http.impl.conn.tsccm.ThreadSafeClientConnManager - Released connection is reusable.
[20130812 13:04:34 493 DEBUG] org.apache.http.impl.conn.tsccm.ConnPoolByRoute - Releasing connection [{}->http://192.168.0.151][null]
[20130812 13:04:34 493 DEBUG] org.apache.http.impl.conn.tsccm.ConnPoolByRoute - Pooling connection [{}->http://192.168.0.151][null]; keep alive indefinitely
[20130812 13:04:34 493 DEBUG] org.apache.http.impl.conn.tsccm.ConnPoolByRoute - Notifying no-one, there are no waiting threads
[20130812 13:04:34 494 DEBUG] org.apache.http.impl.conn.tsccm.ThreadSafeClientConnManager - Shutting down
[20130812 13:04:34 494 DEBUG] org.apache.http.impl.conn.tsccm.ConnPoolByRoute - Closing connection [{}->http://192.168.0.151][null]
[20130812 13:04:34 494 DEBUG] org.apache.http.impl.conn.DefaultClientConnection - Connection 0.0.0.0:52049<->192.168.0.151:80 closed
[20130812 13:04:34 494 INFO ] cn.zthz.actor.solr.SolrUpdater - delete requirement response:{"responseHeader":{"status":0,"QTime":110}}

[20130812 13:09:28 667 DEBUG] org.apache.http.impl.conn.tsccm.ThreadSafeClientConnManager - Shutting down
[20130812 14:00:00 001 INFO ] cn.zthz.actor.solr.ReimportScheduler - reimport requirement and user index
[20130812 14:00:00 094 INFO ] cn.zthz.actor.solr.ReimportScheduler - {"responseHeader":{"status":0,"QTime":6},"initArgs":["defaults",["config","data-config.xml"]],"command":"full-import","status":"idle","importResponse":"","statusMessages":{"Total Requests made to DataSource":"75","Total Rows Fetched":"148","Total Documents Skipped":"0","Full Dump Started":"2013-08-12 14:00:00","":"Indexing completed. Added/Updated: 74 documents. Deleted 0 documents.","Committed":"2013-08-12 14:00:00","Optimized":"2013-08-12 14:00:00","Total Documents Processed":"74","Time taken":"0:0:0.682"},"WARNING":"This response format is experimental.  It is likely to change in the future."}

[20130812 14:00:00 094 INFO ] cn.zthz.actor.solr.ReimportScheduler - {"responseHeader":{"status":0,"QTime":5},"initArgs":["defaults",["config","data-config.xml"]],"command":"full-import","status":"idle","importResponse":"","statusMessages":{"Total Requests made to DataSource":"1","Total Rows Fetched":"30","Total Documents Skipped":"0","Full Dump Started":"2013-08-12 14:00:00","":"Indexing completed. Added/Updated: 30 documents. Deleted 0 documents.","Committed":"2013-08-12 14:00:00","Optimized":"2013-08-12 14:00:00","Total Documents Processed":"30","Time taken":"0:0:0.510"},"WARNING":"This response format is experimental.  It is likely to change in the future."}

[20130812 15:16:07 340 DEBUG] cn.zthz.tool.user.UserOperationImpl - insert into AProfile(userId, name, sex, company, address, idcard, telephone,reason, createTime) values('402880173f07abcf013f08a0f039002c','zhangsan',0,'123','123','424432432','11111111','3213123213','2013-08-12 15:16:07.34')
[20130812 15:16:47 502 INFO ] cn.zthz.actor.assemble.MasStarter - check redis server cache!
[20130812 15:16:47 543 INFO ] cn.zthz.actor.assemble.MasStarter - check redis server sucess!
[20130812 15:16:47 543 INFO ] cn.zthz.actor.assemble.MasStarter - start DQueue
[20130812 15:16:47 546 INFO ] cn.zthz.tool.queue.DUQueue - start DUQueue
[20130812 15:16:47 547 INFO ] cn.zthz.actor.assemble.MasStarter - register messagor on user login
[20130812 15:16:47 550 INFO ] cn.zthz.actor.assemble.MasStarter - register login countor on user login
[20130812 15:16:47 550 INFO ] cn.zthz.actor.assemble.MasStarter - register all requirement pushor
[20130812 15:16:47 554 INFO ] cn.zthz.actor.assemble.MasStarter - register user cache updater
[20130812 15:16:47 554 INFO ] cn.zthz.actor.cache.user.UserCacheUpdater - register user update message
[20130812 15:16:47 555 INFO ] cn.zthz.actor.assemble.MasStarter - register solr cache updater
[20130812 15:16:47 576 INFO ] cn.zthz.actor.solr.SolrUpdater - register user update message
[20130812 15:16:47 577 INFO ] cn.zthz.actor.assemble.MasStarter - start daemon threads
[20130812 15:16:47 578 INFO ] cn.zthz.actor.daemon.DaemonEntry - start requirementExpirer daemon
[20130812 15:16:47 582 INFO ] cn.zthz.actor.solr.ReimportScheduler - start ReimportScheduler
[20130812 15:16:47 646 INFO ] cn.zthz.actor.assemble.MasStarter - init image server
[20130812 15:16:50 554 DEBUG] cn.zthz.tool.user.UserOperationImpl - not applyauth repeatability
[20130812 15:16:50 592 WARN ] qileke.jer.server.SyncHandler - pass this error,not applyauth repeatability
[20130812 15:17:11 855 DEBUG] cn.zthz.tool.user.UserOperationImpl - insert into AProfile(userId, name, sex, company, address, idcard, telephone,reason, createTime) values('402880173f07abcf013f08a0f039002c','zhangsan',0,'123','123','424432432','11111111','3213123213','2013-08-12 15:17:11.855')
[20130812 15:17:11 858 DEBUG] cn.zthz.tool.user.UserOperationImpl - update User set rank=1 where id='402880173f07abcf013f08a0f039002c'
[20130812 16:00:00 005 INFO ] cn.zthz.actor.solr.ReimportScheduler - reimport requirement and user index
[20130812 16:00:00 144 INFO ] cn.zthz.actor.solr.ReimportScheduler - {"responseHeader":{"status":0,"QTime":6},"initArgs":["defaults",["config","data-config.xml"]],"command":"full-import","status":"idle","importResponse":"","statusMessages":{"Total Requests made to DataSource":"75","Total Rows Fetched":"148","Total Documents Skipped":"0","Full Dump Started":"2013-08-12 16:00:00","":"Indexing completed. Added/Updated: 74 documents. Deleted 0 documents.","Committed":"2013-08-12 16:00:00","Optimized":"2013-08-12 16:00:00","Total Documents Processed":"74","Time taken":"0:0:0.664"},"WARNING":"This response format is experimental.  It is likely to change in the future."}

[20130812 16:00:00 144 INFO ] cn.zthz.actor.solr.ReimportScheduler - {"responseHeader":{"status":0,"QTime":5},"initArgs":["defaults",["config","data-config.xml"]],"command":"full-import","status":"idle","importResponse":"","statusMessages":{"Total Requests made to DataSource":"1","Total Rows Fetched":"30","Total Documents Skipped":"0","Full Dump Started":"2013-08-12 16:00:00","":"Indexing completed. Added/Updated: 30 documents. Deleted 0 documents.","Committed":"2013-08-12 16:00:00","Optimized":"2013-08-12 16:00:00","Total Documents Processed":"30","Time taken":"0:0:0.435"},"WARNING":"This response format is experimental.  It is likely to change in the future."}

[20130812 16:50:27 324 DEBUG] cn.zthz.tool.user.EmployeeService - select distinct u.id, u.userToken,u.mainPictureSmall ,u.name,u.nick , u.completeScore, u.sponsorScore ,u.rank,u.applyCompleteCount/(u.applyCompleteCount+u.applyCloseCount) as comleteDegree ,u.applyCompleteCount,u.telephone,(select GROUP_CONCAT(cast(t.tnum as char)) from UserTags t where t.userId=u.id) as tnum from UserTags t left join User u on t.userId=u.id  where t.userId<>'402880173f07abcf013f08a0f97f002d' order by  u.rank desc limit 0,10
